<?xml version="1.0" encoding="UTF-8"?>
<!-- Generated by org.testng.reporters.JUnitReportReporter -->
<testsuite hostname="DESKTOP-SJ15I9O" failures="0" tests="2" name="UtilityPack.FolderManager" time="0.016" errors="0" timestamp="2026-05-09T13:18:58 IST" skipped="0">
  <testcase classname="UtilityPack.FolderManager" name="CreateFolderManager" time="0.014"/>
  <testcase classname="UtilityPack.FolderManager" name="DeleteFilesInFolder" time="0.002"/>
</testsuite> <!-- UtilityPack.FolderManager -->
