<?xml version="1.0" encoding="UTF-8"?>
<testng-results ignored="0" total="3" passed="2" failed="0" skipped="1">
  <reporter-output>
  </reporter-output>
  <suite started-at="2026-02-26T22:47:00 IST" name="Suite" finished-at="2026-02-26T22:47:02 IST" duration-ms="1519">
    <groups>
    </groups>
    <test started-at="2026-02-26T22:47:00 IST" name="FolderManager" finished-at="2026-02-26T22:47:00 IST" duration-ms="41">
      <class name="UtilityPack.FolderManager">
        <test-method signature="CreateFolderManager()[pri:0, instance:UtilityPack.FolderManager@514646ef]" started-at="2026-02-26T22:47:00 IST" name="CreateFolderManager" finished-at="2026-02-26T22:47:00 IST" duration-ms="10" status="PASS">
          <reporter-output>
          </reporter-output>
        </test-method> <!-- CreateFolderManager -->
        <test-method signature="DeleteFilesInFolder()[pri:0, instance:UtilityPack.FolderManager@514646ef]" started-at="2026-02-26T22:47:00 IST" name="DeleteFilesInFolder" finished-at="2026-02-26T22:47:00 IST" duration-ms="2" status="PASS">
          <reporter-output>
          </reporter-output>
        </test-method> <!-- DeleteFilesInFolder -->
      </class> <!-- UtilityPack.FolderManager -->
    </test> <!-- FolderManager -->
    <test started-at="2026-02-26T22:47:01 IST" name="HappyFlowForWeb" finished-at="2026-02-26T22:47:02 IST" duration-ms="1422">
      <class name="webTestCasess.TC_GoogleSearchDemo_Web">
        <test-method is-config="true" signature="gobleVariableSet(java.lang.String,java.lang.String)[pri:0, instance:webTestCasess.TC_GoogleSearchDemo_Web@69ee81fc]" started-at="2026-02-26T22:47:01 IST" name="gobleVariableSet" finished-at="2026-02-26T22:47:01 IST" duration-ms="7" status="PASS">
          <params>
            <param index="0">
              <value>
                <![CDATA[web]]>
              </value>
            </param>
            <param index="1">
              <value>
                <![CDATA[chrome]]>
              </value>
            </param>
          </params>
          <reporter-output>
          </reporter-output>
        </test-method> <!-- gobleVariableSet -->
        <test-method is-config="true" signature="setUpWeb(java.lang.String,java.lang.String)[pri:0, instance:webTestCasess.TC_GoogleSearchDemo_Web@69ee81fc]" started-at="2026-02-26T22:47:01 IST" name="setUpWeb" finished-at="2026-02-26T22:47:02 IST" duration-ms="1354" status="PASS">
          <params>
            <param index="0">
              <value>
                <![CDATA[web]]>
              </value>
            </param>
            <param index="1">
              <value>
                <![CDATA[chrome]]>
              </value>
            </param>
          </params>
          <reporter-output>
          </reporter-output>
        </test-method> <!-- setUpWeb -->
        <test-method is-config="true" signature="CreateDriver()[pri:0, instance:webTestCasess.TC_GoogleSearchDemo_Web@69ee81fc]" started-at="2026-02-26T22:47:02 IST" name="CreateDriver" finished-at="2026-02-26T22:47:02 IST" duration-ms="25" status="FAIL">
          <exception class="java.lang.StackOverflowError">
            <full-stacktrace>
              <![CDATA[java.lang.StackOverflowError
at UtilityPack.ScreenshotListener.<init>(ScreenshotListener.java:20)
at UtilityPack.BaseClass.<init>(BaseClass.java:41)
at UtilityPack.ScreenshotListener.<init>(ScreenshotListener.java:20)
at UtilityPack.BaseClass.<init>(BaseClass.java:41)
at UtilityPack.ScreenshotListener.<init>(ScreenshotListener.java:20)
at UtilityPack.BaseClass.<init>(BaseClass.java:41)
at UtilityPack.ScreenshotListener.<init>(ScreenshotListener.java:20)
at UtilityPack.BaseClass.<init>(BaseClass.java:41)
at UtilityPack.ScreenshotListener.<init>(ScreenshotListener.java:20)
at UtilityPack.BaseClass.<init>(BaseClass.java:41)
at UtilityPack.ScreenshotListener.<init>(ScreenshotListener.java:20)
at UtilityPack.BaseClass.<init>(BaseClass.java:41)
at UtilityPack.ScreenshotListener.<init>(ScreenshotListener.java:20)
at UtilityPack.BaseClass.<init>(BaseClass.java:41)
at UtilityPack.ScreenshotListener.<init>(ScreenshotListener.java:20)
at UtilityPack.BaseClass.<init>(BaseClass.java:41)
at UtilityPack.ScreenshotListener.<init>(ScreenshotListener.java:20)
at UtilityPack.BaseClass.<init>(BaseClass.java:41)
at UtilityPack.ScreenshotListener.<init>(ScreenshotListener.java:20)
at UtilityPack.BaseClass.<init>(BaseClass.java:41)
at UtilityPack.ScreenshotListener.<init>(ScreenshotListener.java:20)
at UtilityPack.BaseClass.<init>(BaseClass.java:41)
at UtilityPack.ScreenshotListener.<init>(ScreenshotListener.java:20)
at UtilityPack.BaseClass.<init>(BaseClass.java:41)
at UtilityPack.ScreenshotListener.<init>(ScreenshotListener.java:20)
at UtilityPack.BaseClass.<init>(BaseClass.java:41)
at UtilityPack.ScreenshotListener.<init>(ScreenshotListener.java:20)
at UtilityPack.BaseClass.<init>(BaseClass.java:41)
at UtilityPack.ScreenshotListener.<init>(ScreenshotListener.java:20)
at UtilityPack.BaseClass.<init>(BaseClass.java:41)
at UtilityPack.ScreenshotListener.<init>(ScreenshotListener.java:20)
at UtilityPack.BaseClass.<init>(BaseClass.java:41)
at UtilityPack.ScreenshotListener.<init>(ScreenshotListener.java:20)
at UtilityPack.BaseClass.<init>(BaseClass.java:41)
at UtilityPack.ScreenshotListener.<init>(ScreenshotListener.java:20)
at UtilityPack.BaseClass.<init>(BaseClass.java:41)
at UtilityPack.ScreenshotListener.<init>(ScreenshotListener.java:20)
at UtilityPack.BaseClass.<init>(BaseClass.java:41)
at UtilityPack.ScreenshotListener.<init>(ScreenshotListener.java:20)
at UtilityPack.BaseClass.<init>(BaseClass.java:41)
at UtilityPack.ScreenshotListener.<init>(ScreenshotListener.java:20)
at UtilityPack.BaseClass.<init>(BaseClass.java:41)
at UtilityPack.ScreenshotListener.<init>(ScreenshotListener.java:20)
at UtilityPack.BaseClass.<init>(BaseClass.java:41)
at UtilityPack.ScreenshotListener.<init>(ScreenshotListener.java:20)
at UtilityPack.BaseClass.<init>(BaseClass.java:41)
at UtilityPack.ScreenshotListener.<init>(ScreenshotListener.java:20)
at UtilityPack.BaseClass.<init>(BaseClass.java:41)
at UtilityPack.ScreenshotListener.<init>(ScreenshotListener.java:20)
at UtilityPack.BaseClass.<init>(BaseClass.java:41)
at UtilityPack.ScreenshotListener.<init>(ScreenshotListener.java:20)
at UtilityPack.BaseClass.<init>(BaseClass.java:41)
at UtilityPack.ScreenshotListener.<init>(ScreenshotListener.java:20)
at UtilityPack.BaseClass.<init>(BaseClass.java:41)
at UtilityPack.ScreenshotListener.<init>(ScreenshotListener.java:20)
at UtilityPack.BaseClass.<init>(BaseClass.java:41)
at UtilityPack.ScreenshotListener.<init>(ScreenshotListener.java:20)
at UtilityPack.BaseClass.<init>(BaseClass.java:41)
at UtilityPack.ScreenshotListener.<init>(ScreenshotListener.java:20)
at UtilityPack.BaseClass.<init>(BaseClass.java:41)
at UtilityPack.ScreenshotListener.<init>(ScreenshotListener.java:20)
at UtilityPack.BaseClass.<init>(BaseClass.java:41)
at UtilityPack.ScreenshotListener.<init>(ScreenshotListener.java:20)
at UtilityPack.BaseClass.<init>(BaseClass.java:41)
at UtilityPack.ScreenshotListener.<init>(ScreenshotListener.java:20)
at UtilityPack.BaseClass.<init>(BaseClass.java:41)
at UtilityPack.ScreenshotListener.<init>(ScreenshotListener.java:20)
at UtilityPack.BaseClass.<init>(BaseClass.java:41)
at UtilityPack.ScreenshotListener.<init>(ScreenshotListener.java:20)
at UtilityPack.BaseClass.<init>(BaseClass.java:41)
at UtilityPack.ScreenshotListener.<init>(ScreenshotListener.java:20)
at UtilityPack.BaseClass.<init>(BaseClass.java:41)
at UtilityPack.ScreenshotListener.<init>(ScreenshotListener.java:20)
at UtilityPack.BaseClass.<init>(BaseClass.java:41)
at UtilityPack.ScreenshotListener.<init>(ScreenshotListener.java:20)
at UtilityPack.BaseClass.<init>(BaseClass.java:41)
at UtilityPack.ScreenshotListener.<init>(ScreenshotListener.java:20)
at UtilityPack.BaseClass.<init>(BaseClass.java:41)
at UtilityPack.ScreenshotListener.<init>(ScreenshotListener.java:20)
at UtilityPack.BaseClass.<init>(BaseClass.java:41)
at UtilityPack.ScreenshotListener.<init>(ScreenshotListener.java:20)
at UtilityPack.BaseClass.<init>(BaseClass.java:41)
at UtilityPack.ScreenshotListener.<init>(ScreenshotListener.java:20)
at UtilityPack.BaseClass.<init>(BaseClass.java:41)
at UtilityPack.ScreenshotListener.<init>(ScreenshotListener.java:20)
at UtilityPack.BaseClass.<init>(BaseClass.java:41)
at UtilityPack.ScreenshotListener.<init>(ScreenshotListener.java:20)
at UtilityPack.BaseClass.<init>(BaseClass.java:41)
at UtilityPack.ScreenshotListener.<init>(ScreenshotListener.java:20)
at UtilityPack.BaseClass.<init>(BaseClass.java:41)
at UtilityPack.ScreenshotListener.<init>(ScreenshotListener.java:20)
at UtilityPack.BaseClass.<init>(BaseClass.java:41)
at UtilityPack.ScreenshotListener.<init>(ScreenshotListener.java:20)
at UtilityPack.BaseClass.<init>(BaseClass.java:41)
at UtilityPack.ScreenshotListener.<init>(ScreenshotListener.java:20)
at UtilityPack.BaseClass.<init>(BaseClass.java:41)
at UtilityPack.ScreenshotListener.<init>(ScreenshotListener.java:20)
at UtilityPack.BaseClass.<init>(BaseClass.java:41)
at UtilityPack.ScreenshotListener.<init>(ScreenshotListener.java:20)
at UtilityPack.BaseClass.<init>(BaseClass.java:41)
at UtilityPack.ScreenshotListener.<init>(ScreenshotListener.java:20)
at UtilityPack.BaseClass.<init>(BaseClass.java:41)
at UtilityPack.ScreenshotListener.<init>(ScreenshotListener.java:20)
at UtilityPack.BaseClass.<init>(BaseClass.java:41)
at UtilityPack.ScreenshotListener.<init>(ScreenshotListener.java:20)
at UtilityPack.BaseClass.<init>(BaseClass.java:41)
at UtilityPack.ScreenshotListener.<init>(ScreenshotListener.java:20)
at UtilityPack.BaseClass.<init>(BaseClass.java:41)
at UtilityPack.ScreenshotListener.<init>(ScreenshotListener.java:20)
at UtilityPack.BaseClass.<init>(BaseClass.java:41)
at UtilityPack.ScreenshotListener.<init>(ScreenshotListener.java:20)
at UtilityPack.BaseClass.<init>(BaseClass.java:41)
at UtilityPack.ScreenshotListener.<init>(ScreenshotListener.java:20)
at UtilityPack.BaseClass.<init>(BaseClass.java:41)
at UtilityPack.ScreenshotListener.<init>(ScreenshotListener.java:20)
at UtilityPack.BaseClass.<init>(BaseClass.java:41)
at UtilityPack.ScreenshotListener.<init>(ScreenshotListener.java:20)
at UtilityPack.BaseClass.<init>(BaseClass.java:41)
at UtilityPack.ScreenshotListener.<init>(ScreenshotListener.java:20)
at UtilityPack.BaseClass.<init>(BaseClass.java:41)
at UtilityPack.ScreenshotListener.<init>(ScreenshotListener.java:20)
at UtilityPack.BaseClass.<init>(BaseClass.java:41)
at UtilityPack.ScreenshotListener.<init>(ScreenshotListener.java:20)
at UtilityPack.BaseClass.<init>(BaseClass.java:41)
at UtilityPack.ScreenshotListener.<init>(ScreenshotListener.java:20)
at UtilityPack.BaseClass.<init>(BaseClass.java:41)
at UtilityPack.ScreenshotListener.<init>(ScreenshotListener.java:20)
at UtilityPack.BaseClass.<init>(BaseClass.java:41)
at UtilityPack.ScreenshotListener.<init>(ScreenshotListener.java:20)
at UtilityPack.BaseClass.<init>(BaseClass.java:41)
at UtilityPack.ScreenshotListener.<init>(ScreenshotListener.java:20)
at UtilityPack.BaseClass.<init>(BaseClass.java:41)
at UtilityPack.ScreenshotListener.<init>(ScreenshotListener.java:20)
at UtilityPack.BaseClass.<init>(BaseClass.java:41)
at UtilityPack.ScreenshotListener.<init>(ScreenshotListener.java:20)
at UtilityPack.BaseClass.<init>(BaseClass.java:41)
at UtilityPack.ScreenshotListener.<init>(ScreenshotListener.java:20)
at UtilityPack.BaseClass.<init>(BaseClass.java:41)
at UtilityPack.ScreenshotListener.<init>(ScreenshotListener.java:20)
at UtilityPack.BaseClass.<init>(BaseClass.java:41)
at UtilityPack.ScreenshotListener.<init>(ScreenshotListener.java:20)
at UtilityPack.BaseClass.<init>(BaseClass.java:41)
at UtilityPack.ScreenshotListener.<init>(ScreenshotListener.java:20)
at UtilityPack.BaseClass.<init>(BaseClass.java:41)
at UtilityPack.ScreenshotListener.<init>(ScreenshotListener.java:20)
at UtilityPack.BaseClass.<init>(BaseClass.java:41)
at UtilityPack.ScreenshotListener.<init>(ScreenshotListener.java:20)
at UtilityPack.BaseClass.<init>(BaseClass.java:41)
at UtilityPack.ScreenshotListener.<init>(ScreenshotListener.java:20)
at UtilityPack.BaseClass.<init>(BaseClass.java:41)
at UtilityPack.ScreenshotListener.<init>(ScreenshotListener.java:20)
at UtilityPack.BaseClass.<init>(BaseClass.java:41)
at UtilityPack.ScreenshotListener.<init>(ScreenshotListener.java:20)
at UtilityPack.BaseClass.<init>(BaseClass.java:41)
at UtilityPack.ScreenshotListener.<init>(ScreenshotListener.java:20)
at UtilityPack.BaseClass.<init>(BaseClass.java:41)
at UtilityPack.ScreenshotListener.<init>(ScreenshotListener.java:20)
at UtilityPack.BaseClass.<init>(BaseClass.java:41)
at UtilityPack.ScreenshotListener.<init>(ScreenshotListener.java:20)
at UtilityPack.BaseClass.<init>(BaseClass.java:41)
at UtilityPack.ScreenshotListener.<init>(ScreenshotListener.java:20)
at UtilityPack.BaseClass.<init>(BaseClass.java:41)
at UtilityPack.ScreenshotListener.<init>(ScreenshotListener.java:20)
at UtilityPack.BaseClass.<init>(BaseClass.java:41)
at UtilityPack.ScreenshotListener.<init>(ScreenshotListener.java:20)
at UtilityPack.BaseClass.<init>(BaseClass.java:41)
at UtilityPack.ScreenshotListener.<init>(ScreenshotListener.java:20)
at UtilityPack.BaseClass.<init>(BaseClass.java:41)
at UtilityPack.ScreenshotListener.<init>(ScreenshotListener.java:20)
at UtilityPack.BaseClass.<init>(BaseClass.java:41)
at UtilityPack.ScreenshotListener.<init>(ScreenshotListener.java:20)
at UtilityPack.BaseClass.<init>(BaseClass.java:41)
at UtilityPack.ScreenshotListener.<init>(ScreenshotListener.java:20)
at UtilityPack.BaseClass.<init>(BaseClass.java:41)
at UtilityPack.ScreenshotListener.<init>(ScreenshotListener.java:20)
at UtilityPack.BaseClass.<init>(BaseClass.java:41)
at UtilityPack.ScreenshotListener.<init>(ScreenshotListener.java:20)
at UtilityPack.BaseClass.<init>(BaseClass.java:41)
at UtilityPack.ScreenshotListener.<init>(ScreenshotListener.java:20)
at UtilityPack.BaseClass.<init>(BaseClass.java:41)
at UtilityPack.ScreenshotListener.<init>(ScreenshotListener.java:20)
at UtilityPack.BaseClass.<init>(BaseClass.java:41)
at UtilityPack.ScreenshotListener.<init>(ScreenshotListener.java:20)
at UtilityPack.BaseClass.<init>(BaseClass.java:41)
at UtilityPack.ScreenshotListener.<init>(ScreenshotListener.java:20)
at UtilityPack.BaseClass.<init>(BaseClass.java:41)
at UtilityPack.ScreenshotListener.<init>(ScreenshotListener.java:20)
at UtilityPack.BaseClass.<init>(BaseClass.java:41)
at UtilityPack.ScreenshotListener.<init>(ScreenshotListener.java:20)
at UtilityPack.BaseClass.<init>(BaseClass.java:41)
at UtilityPack.ScreenshotListener.<init>(ScreenshotListener.java:20)
at UtilityPack.BaseClass.<init>(BaseClass.java:41)
at UtilityPack.ScreenshotListener.<init>(ScreenshotListener.java:20)
at UtilityPack.BaseClass.<init>(BaseClass.java:41)
at UtilityPack.ScreenshotListener.<init>(ScreenshotListener.java:20)
at UtilityPack.BaseClass.<init>(BaseClass.java:41)
at UtilityPack.ScreenshotListener.<init>(ScreenshotListener.java:20)
at UtilityPack.BaseClass.<init>(BaseClass.java:41)
at UtilityPack.ScreenshotListener.<init>(ScreenshotListener.java:20)
at UtilityPack.BaseClass.<init>(BaseClass.java:41)
at UtilityPack.ScreenshotListener.<init>(ScreenshotListener.java:20)
at UtilityPack.BaseClass.<init>(BaseClass.java:41)
at UtilityPack.ScreenshotListener.<init>(ScreenshotListener.java:20)
at UtilityPack.BaseClass.<init>(BaseClass.java:41)
at UtilityPack.ScreenshotListener.<init>(ScreenshotListener.java:20)
at UtilityPack.BaseClass.<init>(BaseClass.java:41)
at UtilityPack.ScreenshotListener.<init>(ScreenshotListener.java:20)
at UtilityPack.BaseClass.<init>(BaseClass.java:41)
at UtilityPack.ScreenshotListener.<init>(ScreenshotListener.java:20)
at UtilityPack.BaseClass.<init>(BaseClass.java:41)
at UtilityPack.ScreenshotListener.<init>(ScreenshotListener.java:20)
at UtilityPack.BaseClass.<init>(BaseClass.java:41)
at UtilityPack.ScreenshotListener.<init>(ScreenshotListener.java:20)
at UtilityPack.BaseClass.<init>(BaseClass.java:41)
at UtilityPack.ScreenshotListener.<init>(ScreenshotListener.java:20)
at UtilityPack.BaseClass.<init>(BaseClass.java:41)
at UtilityPack.ScreenshotListener.<init>(ScreenshotListener.java:20)
at UtilityPack.BaseClass.<init>(BaseClass.java:41)
at UtilityPack.ScreenshotListener.<init>(ScreenshotListener.java:20)
at UtilityPack.BaseClass.<init>(BaseClass.java:41)
at UtilityPack.ScreenshotListener.<init>(ScreenshotListener.java:20)
at UtilityPack.BaseClass.<init>(BaseClass.java:41)
at UtilityPack.ScreenshotListener.<init>(ScreenshotListener.java:20)
at UtilityPack.BaseClass.<init>(BaseClass.java:41)
at UtilityPack.ScreenshotListener.<init>(ScreenshotListener.java:20)
at UtilityPack.BaseClass.<init>(BaseClass.java:41)
at UtilityPack.ScreenshotListener.<init>(ScreenshotListener.java:20)
at UtilityPack.BaseClass.<init>(BaseClass.java:41)
at UtilityPack.ScreenshotListener.<init>(ScreenshotListener.java:20)
at UtilityPack.BaseClass.<init>(BaseClass.java:41)
at UtilityPack.ScreenshotListener.<init>(ScreenshotListener.java:20)
at UtilityPack.BaseClass.<init>(BaseClass.java:41)
at UtilityPack.ScreenshotListener.<init>(ScreenshotListener.java:20)
at UtilityPack.BaseClass.<init>(BaseClass.java:41)
at UtilityPack.ScreenshotListener.<init>(ScreenshotListener.java:20)
at UtilityPack.BaseClass.<init>(BaseClass.java:41)
at UtilityPack.ScreenshotListener.<init>(ScreenshotListener.java:20)
at UtilityPack.BaseClass.<init>(BaseClass.java:41)
at UtilityPack.ScreenshotListener.<init>(ScreenshotListener.java:20)
at UtilityPack.BaseClass.<init>(BaseClass.java:41)
at UtilityPack.ScreenshotListener.<init>(ScreenshotListener.java:20)
at UtilityPack.BaseClass.<init>(BaseClass.java:41)
at UtilityPack.ScreenshotListener.<init>(ScreenshotListener.java:20)
at UtilityPack.BaseClass.<init>(BaseClass.java:41)
at UtilityPack.ScreenshotListener.<init>(ScreenshotListener.java:20)
at UtilityPack.BaseClass.<init>(BaseClass.java:41)
at UtilityPack.ScreenshotListener.<init>(ScreenshotListener.java:20)
at UtilityPack.BaseClass.<init>(BaseClass.java:41)
at UtilityPack.ScreenshotListener.<init>(ScreenshotListener.java:20)
at UtilityPack.BaseClass.<init>(BaseClass.java:41)
at UtilityPack.ScreenshotListener.<init>(ScreenshotListener.java:20)
at UtilityPack.BaseClass.<init>(BaseClass.java:41)
at UtilityPack.ScreenshotListener.<init>(ScreenshotListener.java:20)
at UtilityPack.BaseClass.<init>(BaseClass.java:41)
at UtilityPack.ScreenshotListener.<init>(ScreenshotListener.java:20)
at UtilityPack.BaseClass.<init>(BaseClass.java:41)
at UtilityPack.ScreenshotListener.<init>(ScreenshotListener.java:20)
at UtilityPack.BaseClass.<init>(BaseClass.java:41)
at UtilityPack.ScreenshotListener.<init>(ScreenshotListener.java:20)
at UtilityPack.BaseClass.<init>(BaseClass.java:41)
at UtilityPack.ScreenshotListener.<init>(ScreenshotListener.java:20)
at UtilityPack.BaseClass.<init>(BaseClass.java:41)
at UtilityPack.ScreenshotListener.<init>(ScreenshotListener.java:20)
at UtilityPack.BaseClass.<init>(BaseClass.java:41)
at UtilityPack.ScreenshotListener.<init>(ScreenshotListener.java:20)
at UtilityPack.BaseClass.<init>(BaseClass.java:41)
at UtilityPack.ScreenshotListener.<init>(ScreenshotListener.java:20)
at UtilityPack.BaseClass.<init>(BaseClass.java:41)
at UtilityPack.ScreenshotListener.<init>(ScreenshotListener.java:20)
at UtilityPack.BaseClass.<init>(BaseClass.java:41)
at UtilityPack.ScreenshotListener.<init>(ScreenshotListener.java:20)
at UtilityPack.BaseClass.<init>(BaseClass.java:41)
at UtilityPack.ScreenshotListener.<init>(ScreenshotListener.java:20)
at UtilityPack.BaseClass.<init>(BaseClass.java:41)
at UtilityPack.ScreenshotListener.<init>(ScreenshotListener.java:20)
at UtilityPack.BaseClass.<init>(BaseClass.java:41)
at UtilityPack.ScreenshotListener.<init>(ScreenshotListener.java:20)
at UtilityPack.BaseClass.<init>(BaseClass.java:41)
at UtilityPack.ScreenshotListener.<init>(ScreenshotListener.java:20)
at UtilityPack.BaseClass.<init>(BaseClass.java:41)
at UtilityPack.ScreenshotListener.<init>(ScreenshotListener.java:20)
at UtilityPack.BaseClass.<init>(BaseClass.java:41)
at UtilityPack.ScreenshotListener.<init>(ScreenshotListener.java:20)
at UtilityPack.BaseClass.<init>(BaseClass.java:41)
at UtilityPack.ScreenshotListener.<init>(ScreenshotListener.java:20)
at UtilityPack.BaseClass.<init>(BaseClass.java:41)
at UtilityPack.ScreenshotListener.<init>(ScreenshotListener.java:20)
at UtilityPack.BaseClass.<init>(BaseClass.java:41)
at UtilityPack.ScreenshotListener.<init>(ScreenshotListener.java:20)
at UtilityPack.BaseClass.<init>(BaseClass.java:41)
at UtilityPack.ScreenshotListener.<init>(ScreenshotListener.java:20)
at UtilityPack.BaseClass.<init>(BaseClass.java:41)
at UtilityPack.ScreenshotListener.<init>(ScreenshotListener.java:20)
at UtilityPack.BaseClass.<init>(BaseClass.java:41)
at UtilityPack.ScreenshotListener.<init>(ScreenshotListener.java:20)
at UtilityPack.BaseClass.<init>(BaseClass.java:41)
at UtilityPack.ScreenshotListener.<init>(ScreenshotListener.java:20)
at UtilityPack.BaseClass.<init>(BaseClass.java:41)
at UtilityPack.ScreenshotListener.<init>(ScreenshotListener.java:20)
at UtilityPack.BaseClass.<init>(BaseClass.java:41)
at UtilityPack.ScreenshotListener.<init>(ScreenshotListener.java:20)
at UtilityPack.BaseClass.<init>(BaseClass.java:41)
at UtilityPack.ScreenshotListener.<init>(ScreenshotListener.java:20)
at UtilityPack.BaseClass.<init>(BaseClass.java:41)
at UtilityPack.ScreenshotListener.<init>(ScreenshotListener.java:20)
at UtilityPack.BaseClass.<init>(BaseClass.java:41)
at UtilityPack.ScreenshotListener.<init>(ScreenshotListener.java:20)
at UtilityPack.BaseClass.<init>(BaseClass.java:41)
at UtilityPack.ScreenshotListener.<init>(ScreenshotListener.java:20)
at UtilityPack.BaseClass.<init>(BaseClass.java:41)
at UtilityPack.ScreenshotListener.<init>(ScreenshotListener.java:20)
at UtilityPack.BaseClass.<init>(BaseClass.java:41)
at UtilityPack.ScreenshotListener.<init>(ScreenshotListener.java:20)
at UtilityPack.BaseClass.<init>(BaseClass.java:41)
at UtilityPack.ScreenshotListener.<init>(ScreenshotListener.java:20)
at UtilityPack.BaseClass.<init>(BaseClass.java:41)
at UtilityPack.ScreenshotListener.<init>(ScreenshotListener.java:20)
at UtilityPack.BaseClass.<init>(BaseClass.java:41)
at UtilityPack.ScreenshotListener.<init>(ScreenshotListener.java:20)
at UtilityPack.BaseClass.<init>(BaseClass.java:41)
at UtilityPack.ScreenshotListener.<init>(ScreenshotListener.java:20)
at UtilityPack.BaseClass.<init>(BaseClass.java:41)
at UtilityPack.ScreenshotListener.<init>(ScreenshotListener.java:20)
at UtilityPack.BaseClass.<init>(BaseClass.java:41)
at UtilityPack.ScreenshotListener.<init>(ScreenshotListener.java:20)
at UtilityPack.BaseClass.<init>(BaseClass.java:41)
at UtilityPack.ScreenshotListener.<init>(ScreenshotListener.java:20)
at UtilityPack.BaseClass.<init>(BaseClass.java:41)
at UtilityPack.ScreenshotListener.<init>(ScreenshotListener.java:20)
at UtilityPack.BaseClass.<init>(BaseClass.java:41)
at UtilityPack.ScreenshotListener.<init>(ScreenshotListener.java:20)
at UtilityPack.BaseClass.<init>(BaseClass.java:41)
at UtilityPack.ScreenshotListener.<init>(ScreenshotListener.java:20)
at UtilityPack.BaseClass.<init>(BaseClass.java:41)
at UtilityPack.ScreenshotListener.<init>(ScreenshotListener.java:20)
at UtilityPack.BaseClass.<init>(BaseClass.java:41)
at UtilityPack.ScreenshotListener.<init>(ScreenshotListener.java:20)
at UtilityPack.BaseClass.<init>(BaseClass.java:41)
at UtilityPack.ScreenshotListener.<init>(ScreenshotListener.java:20)
at UtilityPack.BaseClass.<init>(BaseClass.java:41)
at UtilityPack.ScreenshotListener.<init>(ScreenshotListener.java:20)
at UtilityPack.BaseClass.<init>(BaseClass.java:41)
at UtilityPack.ScreenshotListener.<init>(ScreenshotListener.java:20)
at UtilityPack.BaseClass.<init>(BaseClass.java:41)
at UtilityPack.ScreenshotListener.<init>(ScreenshotListener.java:20)
at UtilityPack.BaseClass.<init>(BaseClass.java:41)
at UtilityPack.ScreenshotListener.<init>(ScreenshotListener.java:20)
at UtilityPack.BaseClass.<init>(BaseClass.java:41)
at UtilityPack.ScreenshotListener.<init>(ScreenshotListener.java:20)
at UtilityPack.BaseClass.<init>(BaseClass.java:41)
at UtilityPack.ScreenshotListener.<init>(ScreenshotListener.java:20)
at UtilityPack.BaseClass.<init>(BaseClass.java:41)
at UtilityPack.ScreenshotListener.<init>(ScreenshotListener.java:20)
at UtilityPack.BaseClass.<init>(BaseClass.java:41)
at UtilityPack.ScreenshotListener.<init>(ScreenshotListener.java:20)
at UtilityPack.BaseClass.<init>(BaseClass.java:41)
at UtilityPack.ScreenshotListener.<init>(ScreenshotListener.java:20)
at UtilityPack.BaseClass.<init>(BaseClass.java:41)
at UtilityPack.ScreenshotListener.<init>(ScreenshotListener.java:20)
at UtilityPack.BaseClass.<init>(BaseClass.java:41)
at UtilityPack.ScreenshotListener.<init>(ScreenshotListener.java:20)
at UtilityPack.BaseClass.<init>(BaseClass.java:41)
at UtilityPack.ScreenshotListener.<init>(ScreenshotListener.java:20)
at UtilityPack.BaseClass.<init>(BaseClass.java:41)
at UtilityPack.ScreenshotListener.<init>(ScreenshotListener.java:20)
at UtilityPack.BaseClass.<init>(BaseClass.java:41)
at UtilityPack.ScreenshotListener.<init>(ScreenshotListener.java:20)
at UtilityPack.BaseClass.<init>(BaseClass.java:41)
at UtilityPack.ScreenshotListener.<init>(ScreenshotListener.java:20)
at UtilityPack.BaseClass.<init>(BaseClass.java:41)
at UtilityPack.ScreenshotListener.<init>(ScreenshotListener.java:20)
at UtilityPack.BaseClass.<init>(BaseClass.java:41)
at UtilityPack.ScreenshotListener.<init>(ScreenshotListener.java:20)
at UtilityPack.BaseClass.<init>(BaseClass.java:41)
at UtilityPack.ScreenshotListener.<init>(ScreenshotListener.java:20)
at UtilityPack.BaseClass.<init>(BaseClass.java:41)
at UtilityPack.ScreenshotListener.<init>(ScreenshotListener.java:20)
at UtilityPack.BaseClass.<init>(BaseClass.java:41)
at UtilityPack.ScreenshotListener.<init>(ScreenshotListener.java:20)
at UtilityPack.BaseClass.<init>(BaseClass.java:41)
at UtilityPack.ScreenshotListener.<init>(ScreenshotListener.java:20)
at UtilityPack.BaseClass.<init>(BaseClass.java:41)
at UtilityPack.ScreenshotListener.<init>(ScreenshotListener.java:20)
at UtilityPack.BaseClass.<init>(BaseClass.java:41)
at UtilityPack.ScreenshotListener.<init>(ScreenshotListener.java:20)
at UtilityPack.BaseClass.<init>(BaseClass.java:41)
at UtilityPack.ScreenshotListener.<init>(ScreenshotListener.java:20)
at UtilityPack.BaseClass.<init>(BaseClass.java:41)
at UtilityPack.ScreenshotListener.<init>(ScreenshotListener.java:20)
at UtilityPack.BaseClass.<init>(BaseClass.java:41)
at UtilityPack.ScreenshotListener.<init>(ScreenshotListener.java:20)
at UtilityPack.BaseClass.<init>(BaseClass.java:41)
at UtilityPack.ScreenshotListener.<init>(ScreenshotListener.java:20)
at UtilityPack.BaseClass.<init>(BaseClass.java:41)
at UtilityPack.ScreenshotListener.<init>(ScreenshotListener.java:20)
at UtilityPack.BaseClass.<init>(BaseClass.java:41)
at UtilityPack.ScreenshotListener.<init>(ScreenshotListener.java:20)
at UtilityPack.BaseClass.<init>(BaseClass.java:41)
at UtilityPack.ScreenshotListener.<init>(ScreenshotListener.java:20)
at UtilityPack.BaseClass.<init>(BaseClass.java:41)
at UtilityPack.ScreenshotListener.<init>(ScreenshotListener.java:20)
at UtilityPack.BaseClass.<init>(BaseClass.java:41)
at UtilityPack.ScreenshotListener.<init>(ScreenshotListener.java:20)
at UtilityPack.BaseClass.<init>(BaseClass.java:41)
at UtilityPack.ScreenshotListener.<init>(ScreenshotListener.java:20)
at UtilityPack.BaseClass.<init>(BaseClass.java:41)
at UtilityPack.ScreenshotListener.<init>(ScreenshotListener.java:20)
at UtilityPack.BaseClass.<init>(BaseClass.java:41)
at UtilityPack.ScreenshotListener.<init>(ScreenshotListener.java:20)
at UtilityPack.BaseClass.<init>(BaseClass.java:41)
at UtilityPack.ScreenshotListener.<init>(ScreenshotListener.java:20)
at UtilityPack.BaseClass.<init>(BaseClass.java:41)
at UtilityPack.ScreenshotListener.<init>(ScreenshotListener.java:20)
at UtilityPack.BaseClass.<init>(BaseClass.java:41)
at UtilityPack.ScreenshotListener.<init>(ScreenshotListener.java:20)
at UtilityPack.BaseClass.<init>(BaseClass.java:41)
at UtilityPack.ScreenshotListener.<init>(ScreenshotListener.java:20)
at UtilityPack.BaseClass.<init>(BaseClass.java:41)
at UtilityPack.ScreenshotListener.<init>(ScreenshotListener.java:20)
at UtilityPack.BaseClass.<init>(BaseClass.java:41)
at UtilityPack.ScreenshotListener.<init>(ScreenshotListener.java:20)
at UtilityPack.BaseClass.<init>(BaseClass.java:41)
at UtilityPack.ScreenshotListener.<init>(ScreenshotListener.java:20)
at UtilityPack.BaseClass.<init>(BaseClass.java:41)
at UtilityPack.ScreenshotListener.<init>(ScreenshotListener.java:20)
at UtilityPack.BaseClass.<init>(BaseClass.java:41)
at UtilityPack.ScreenshotListener.<init>(ScreenshotListener.java:20)
at UtilityPack.BaseClass.<init>(BaseClass.java:41)
at UtilityPack.ScreenshotListener.<init>(ScreenshotListener.java:20)
at UtilityPack.BaseClass.<init>(BaseClass.java:41)
at UtilityPack.ScreenshotListener.<init>(ScreenshotListener.java:20)
at UtilityPack.BaseClass.<init>(BaseClass.java:41)
at UtilityPack.ScreenshotListener.<init>(ScreenshotListener.java:20)
at UtilityPack.BaseClass.<init>(BaseClass.java:41)
at UtilityPack.ScreenshotListener.<init>(ScreenshotListener.java:20)
at UtilityPack.BaseClass.<init>(BaseClass.java:41)
at UtilityPack.ScreenshotListener.<init>(ScreenshotListener.java:20)
at UtilityPack.BaseClass.<init>(BaseClass.java:41)
at UtilityPack.ScreenshotListener.<init>(ScreenshotListener.java:20)
at UtilityPack.BaseClass.<init>(BaseClass.java:41)
at UtilityPack.ScreenshotListener.<init>(ScreenshotListener.java:20)
at UtilityPack.BaseClass.<init>(BaseClass.java:41)
at UtilityPack.ScreenshotListener.<init>(ScreenshotListener.java:20)
at UtilityPack.BaseClass.<init>(BaseClass.java:41)
at UtilityPack.ScreenshotListener.<init>(ScreenshotListener.java:20)
at UtilityPack.BaseClass.<init>(BaseClass.java:41)
at UtilityPack.ScreenshotListener.<init>(ScreenshotListener.java:20)
at UtilityPack.BaseClass.<init>(BaseClass.java:41)
at UtilityPack.ScreenshotListener.<init>(ScreenshotListener.java:20)
at UtilityPack.BaseClass.<init>(BaseClass.java:41)
at UtilityPack.ScreenshotListener.<init>(ScreenshotListener.java:20)
at UtilityPack.BaseClass.<init>(BaseClass.java:41)
at UtilityPack.ScreenshotListener.<init>(ScreenshotListener.java:20)
at UtilityPack.BaseClass.<init>(BaseClass.java:41)
at UtilityPack.ScreenshotListener.<init>(ScreenshotListener.java:20)
at UtilityPack.BaseClass.<init>(BaseClass.java:41)
at UtilityPack.ScreenshotListener.<init>(ScreenshotListener.java:20)
at UtilityPack.BaseClass.<init>(BaseClass.java:41)
at UtilityPack.ScreenshotListener.<init>(ScreenshotListener.java:20)
at UtilityPack.BaseClass.<init>(BaseClass.java:41)
at UtilityPack.ScreenshotListener.<init>(ScreenshotListener.java:20)
at UtilityPack.BaseClass.<init>(BaseClass.java:41)
at UtilityPack.ScreenshotListener.<init>(ScreenshotListener.java:20)
at UtilityPack.BaseClass.<init>(BaseClass.java:41)
at UtilityPack.ScreenshotListener.<init>(ScreenshotListener.java:20)
at UtilityPack.BaseClass.<init>(BaseClass.java:41)
at UtilityPack.ScreenshotListener.<init>(ScreenshotListener.java:20)
at UtilityPack.BaseClass.<init>(BaseClass.java:41)
at UtilityPack.ScreenshotListener.<init>(ScreenshotListener.java:20)
at UtilityPack.BaseClass.<init>(BaseClass.java:41)
at UtilityPack.ScreenshotListener.<init>(ScreenshotListener.java:20)
at UtilityPack.BaseClass.<init>(BaseClass.java:41)
at UtilityPack.ScreenshotListener.<init>(ScreenshotListener.java:20)
at UtilityPack.BaseClass.<init>(BaseClass.java:41)
at UtilityPack.ScreenshotListener.<init>(ScreenshotListener.java:20)
at UtilityPack.BaseClass.<init>(BaseClass.java:41)
at UtilityPack.ScreenshotListener.<init>(ScreenshotListener.java:20)
at UtilityPack.BaseClass.<init>(BaseClass.java:41)
at UtilityPack.ScreenshotListener.<init>(ScreenshotListener.java:20)
at UtilityPack.BaseClass.<init>(BaseClass.java:41)
at UtilityPack.ScreenshotListener.<init>(ScreenshotListener.java:20)
at UtilityPack.BaseClass.<init>(BaseClass.java:41)
at UtilityPack.ScreenshotListener.<init>(ScreenshotListener.java:20)
at UtilityPack.BaseClass.<init>(BaseClass.java:41)
at UtilityPack.ScreenshotListener.<init>(ScreenshotListener.java:20)
at UtilityPack.BaseClass.<init>(BaseClass.java:41)
at UtilityPack.ScreenshotListener.<init>(ScreenshotListener.java:20)
at UtilityPack.BaseClass.<init>(BaseClass.java:41)
at UtilityPack.ScreenshotListener.<init>(ScreenshotListener.java:20)
at UtilityPack.BaseClass.<init>(BaseClass.java:41)
at UtilityPack.ScreenshotListener.<init>(ScreenshotListener.java:20)
at UtilityPack.BaseClass.<init>(BaseClass.java:41)
at UtilityPack.ScreenshotListener.<init>(ScreenshotListener.java:20)
at UtilityPack.BaseClass.<init>(BaseClass.java:41)
at UtilityPack.ScreenshotListener.<init>(ScreenshotListener.java:20)
at UtilityPack.BaseClass.<init>(BaseClass.java:41)
at UtilityPack.ScreenshotListener.<init>(ScreenshotListener.java:20)
at UtilityPack.BaseClass.<init>(BaseClass.java:41)
at UtilityPack.ScreenshotListener.<init>(ScreenshotListener.java:20)
at UtilityPack.BaseClass.<init>(BaseClass.java:41)
at UtilityPack.ScreenshotListener.<init>(ScreenshotListener.java:20)
at UtilityPack.BaseClass.<init>(BaseClass.java:41)
at UtilityPack.ScreenshotListener.<init>(ScreenshotListener.java:20)
at UtilityPack.BaseClass.<init>(BaseClass.java:41)
at UtilityPack.ScreenshotListener.<init>(ScreenshotListener.java:20)
at UtilityPack.BaseClass.<init>(BaseClass.java:41)
at UtilityPack.ScreenshotListener.<init>(ScreenshotListener.java:20)
at UtilityPack.BaseClass.<init>(BaseClass.java:41)
at UtilityPack.ScreenshotListener.<init>(ScreenshotListener.java:20)
at UtilityPack.BaseClass.<init>(BaseClass.java:41)
at UtilityPack.ScreenshotListener.<init>(ScreenshotListener.java:20)
at UtilityPack.BaseClass.<init>(BaseClass.java:41)
at UtilityPack.ScreenshotListener.<init>(ScreenshotListener.java:20)
at UtilityPack.BaseClass.<init>(BaseClass.java:41)
at UtilityPack.ScreenshotListener.<init>(ScreenshotListener.java:20)
at UtilityPack.BaseClass.<init>(BaseClass.java:41)
at UtilityPack.ScreenshotListener.<init>(ScreenshotListener.java:20)
at UtilityPack.BaseClass.<init>(BaseClass.java:41)
at UtilityPack.ScreenshotListener.<init>(ScreenshotListener.java:20)
at UtilityPack.BaseClass.<init>(BaseClass.java:41)
at UtilityPack.ScreenshotListener.<init>(ScreenshotListener.java:20)
at UtilityPack.BaseClass.<init>(BaseClass.java:41)
at UtilityPack.ScreenshotListener.<init>(ScreenshotListener.java:20)
at UtilityPack.BaseClass.<init>(BaseClass.java:41)
at UtilityPack.ScreenshotListener.<init>(ScreenshotListener.java:20)
at UtilityPack.BaseClass.<init>(BaseClass.java:41)
at UtilityPack.ScreenshotListener.<init>(ScreenshotListener.java:20)
at UtilityPack.BaseClass.<init>(BaseClass.java:41)
at UtilityPack.ScreenshotListener.<init>(ScreenshotListener.java:20)
at UtilityPack.BaseClass.<init>(BaseClass.java:41)
at UtilityPack.ScreenshotListener.<init>(ScreenshotListener.java:20)
at UtilityPack.BaseClass.<init>(BaseClass.java:41)
at UtilityPack.ScreenshotListener.<init>(ScreenshotListener.java:20)
at UtilityPack.BaseClass.<init>(BaseClass.java:41)
at UtilityPack.ScreenshotListener.<init>(ScreenshotListener.java:20)
at UtilityPack.BaseClass.<init>(BaseClass.java:41)
at UtilityPack.ScreenshotListener.<init>(ScreenshotListener.java:20)
at UtilityPack.BaseClass.<init>(BaseClass.java:41)
at UtilityPack.ScreenshotListener.<init>(ScreenshotListener.java:20)
at UtilityPack.BaseClass.<init>(BaseClass.java:41)
at UtilityPack.ScreenshotListener.<init>(ScreenshotListener.java:20)
at UtilityPack.BaseClass.<init>(BaseClass.java:41)
at UtilityPack.ScreenshotListener.<init>(ScreenshotListener.java:20)
at UtilityPack.BaseClass.<init>(BaseClass.java:41)
at UtilityPack.ScreenshotListener.<init>(ScreenshotListener.java:20)
at UtilityPack.BaseClass.<init>(BaseClass.java:41)
at UtilityPack.ScreenshotListener.<init>(ScreenshotListener.java:20)
at UtilityPack.BaseClass.<init>(BaseClass.java:41)
at UtilityPack.ScreenshotListener.<init>(ScreenshotListener.java:20)
at UtilityPack.BaseClass.<init>(BaseClass.java:41)
at UtilityPack.ScreenshotListener.<init>(ScreenshotListener.java:20)
at UtilityPack.BaseClass.<init>(BaseClass.java:41)
at UtilityPack.ScreenshotListener.<init>(ScreenshotListener.java:20)
at UtilityPack.BaseClass.<init>(BaseClass.java:41)
at UtilityPack.ScreenshotListener.<init>(ScreenshotListener.java:20)
at UtilityPack.BaseClass.<init>(BaseClass.java:41)
at UtilityPack.ScreenshotListener.<init>(ScreenshotListener.java:20)
at UtilityPack.BaseClass.<init>(BaseClass.java:41)
at UtilityPack.ScreenshotListener.<init>(ScreenshotListener.java:20)
at UtilityPack.BaseClass.<init>(BaseClass.java:41)
at UtilityPack.ScreenshotListener.<init>(ScreenshotListener.java:20)
at UtilityPack.BaseClass.<init>(BaseClass.java:41)
at UtilityPack.ScreenshotListener.<init>(ScreenshotListener.java:20)
at UtilityPack.BaseClass.<init>(BaseClass.java:41)
at UtilityPack.ScreenshotListener.<init>(ScreenshotListener.java:20)
at UtilityPack.BaseClass.<init>(BaseClass.java:41)
at UtilityPack.ScreenshotListener.<init>(ScreenshotListener.java:20)
at UtilityPack.BaseClass.<init>(BaseClass.java:41)
at UtilityPack.ScreenshotListener.<init>(ScreenshotListener.java:20)
at UtilityPack.BaseClass.<init>(BaseClass.java:41)
at UtilityPack.ScreenshotListener.<init>(ScreenshotListener.java:20)
at UtilityPack.BaseClass.<init>(BaseClass.java:41)
at UtilityPack.ScreenshotListener.<init>(ScreenshotListener.java:20)
at UtilityPack.BaseClass.<init>(BaseClass.java:41)
at UtilityPack.ScreenshotListener.<init>(ScreenshotListener.java:20)
at UtilityPack.BaseClass.<init>(BaseClass.java:41)
at UtilityPack.ScreenshotListener.<init>(ScreenshotListener.java:20)
at UtilityPack.BaseClass.<init>(BaseClass.java:41)
at UtilityPack.ScreenshotListener.<init>(ScreenshotListener.java:20)
at UtilityPack.BaseClass.<init>(BaseClass.java:41)
at UtilityPack.ScreenshotListener.<init>(ScreenshotListener.java:20)
at UtilityPack.BaseClass.<init>(BaseClass.java:41)
at UtilityPack.ScreenshotListener.<init>(ScreenshotListener.java:20)
at UtilityPack.BaseClass.<init>(BaseClass.java:41)
at UtilityPack.ScreenshotListener.<init>(ScreenshotListener.java:20)
at UtilityPack.BaseClass.<init>(BaseClass.java:41)
at UtilityPack.ScreenshotListener.<init>(ScreenshotListener.java:20)
at UtilityPack.BaseClass.<init>(BaseClass.java:41)
at UtilityPack.ScreenshotListener.<init>(ScreenshotListener.java:20)
at UtilityPack.BaseClass.<init>(BaseClass.java:41)
at UtilityPack.ScreenshotListener.<init>(ScreenshotListener.java:20)
at UtilityPack.BaseClass.<init>(BaseClass.java:41)
at UtilityPack.ScreenshotListener.<init>(ScreenshotListener.java:20)
at UtilityPack.BaseClass.<init>(BaseClass.java:41)
at UtilityPack.ScreenshotListener.<init>(ScreenshotListener.java:20)
at UtilityPack.BaseClass.<init>(BaseClass.java:41)
at UtilityPack.ScreenshotListener.<init>(ScreenshotListener.java:20)
at UtilityPack.BaseClass.<init>(BaseClass.java:41)
at UtilityPack.ScreenshotListener.<init>(ScreenshotListener.java:20)
at UtilityPack.BaseClass.<init>(BaseClass.java:41)
at UtilityPack.ScreenshotListener.<init>(ScreenshotListener.java:20)
at UtilityPack.BaseClass.<init>(BaseClass.java:41)
at UtilityPack.ScreenshotListener.<init>(ScreenshotListener.java:20)
at UtilityPack.BaseClass.<init>(BaseClass.java:41)
at UtilityPack.ScreenshotListener.<init>(ScreenshotListener.java:20)
at UtilityPack.BaseClass.<init>(BaseClass.java:41)
at UtilityPack.ScreenshotListener.<init>(ScreenshotListener.java:20)
at UtilityPack.BaseClass.<init>(BaseClass.java:41)
at UtilityPack.ScreenshotListener.<init>(ScreenshotListener.java:20)
at UtilityPack.BaseClass.<init>(BaseClass.java:41)
at UtilityPack.ScreenshotListener.<init>(ScreenshotListener.java:20)
at UtilityPack.BaseClass.<init>(BaseClass.java:41)
at UtilityPack.ScreenshotListener.<init>(ScreenshotListener.java:20)
at UtilityPack.BaseClass.<init>(BaseClass.java:41)
at UtilityPack.ScreenshotListener.<init>(ScreenshotListener.java:20)
at UtilityPack.BaseClass.<init>(BaseClass.java:41)
at UtilityPack.ScreenshotListener.<init>(ScreenshotListener.java:20)
at UtilityPack.BaseClass.<init>(BaseClass.java:41)
at UtilityPack.ScreenshotListener.<init>(ScreenshotListener.java:20)
at UtilityPack.BaseClass.<init>(BaseClass.java:41)
at UtilityPack.ScreenshotListener.<init>(ScreenshotListener.java:20)
at UtilityPack.BaseClass.<init>(BaseClass.java:41)
at UtilityPack.ScreenshotListener.<init>(ScreenshotListener.java:20)
at UtilityPack.BaseClass.<init>(BaseClass.java:41)
at UtilityPack.ScreenshotListener.<init>(ScreenshotListener.java:20)
at UtilityPack.BaseClass.<init>(BaseClass.java:41)
at UtilityPack.ScreenshotListener.<init>(ScreenshotListener.java:20)
at UtilityPack.BaseClass.<init>(BaseClass.java:41)
at UtilityPack.ScreenshotListener.<init>(ScreenshotListener.java:20)
at UtilityPack.BaseClass.<init>(BaseClass.java:41)
at UtilityPack.ScreenshotListener.<init>(ScreenshotListener.java:20)
at UtilityPack.BaseClass.<init>(BaseClass.java:41)
at UtilityPack.ScreenshotListener.<init>(ScreenshotListener.java:20)
at UtilityPack.BaseClass.<init>(BaseClass.java:41)
at UtilityPack.ScreenshotListener.<init>(ScreenshotListener.java:20)
at UtilityPack.BaseClass.<init>(BaseClass.java:41)
at UtilityPack.ScreenshotListener.<init>(ScreenshotListener.java:20)
at UtilityPack.BaseClass.<init>(BaseClass.java:41)
at UtilityPack.ScreenshotListener.<init>(ScreenshotListener.java:20)
at UtilityPack.BaseClass.<init>(BaseClass.java:41)
at UtilityPack.ScreenshotListener.<init>(ScreenshotListener.java:20)
at UtilityPack.BaseClass.<init>(BaseClass.java:41)
at UtilityPack.ScreenshotListener.<init>(ScreenshotListener.java:20)
at UtilityPack.BaseClass.<init>(BaseClass.java:41)
at UtilityPack.ScreenshotListener.<init>(ScreenshotListener.java:20)
at UtilityPack.BaseClass.<init>(BaseClass.java:41)
at UtilityPack.ScreenshotListener.<init>(ScreenshotListener.java:20)
at UtilityPack.BaseClass.<init>(BaseClass.java:41)
at UtilityPack.ScreenshotListener.<init>(ScreenshotListener.java:20)
at UtilityPack.BaseClass.<init>(BaseClass.java:41)
at UtilityPack.ScreenshotListener.<init>(ScreenshotListener.java:20)
at UtilityPack.BaseClass.<init>(BaseClass.java:41)
at UtilityPack.ScreenshotListener.<init>(ScreenshotListener.java:20)
at UtilityPack.BaseClass.<init>(BaseClass.java:41)
at UtilityPack.ScreenshotListener.<init>(ScreenshotListener.java:20)
at UtilityPack.BaseClass.<init>(BaseClass.java:41)
at UtilityPack.ScreenshotListener.<init>(ScreenshotListener.java:20)
at UtilityPack.BaseClass.<init>(BaseClass.java:41)
at UtilityPack.ScreenshotListener.<init>(ScreenshotListener.java:20)
at UtilityPack.BaseClass.<init>(BaseClass.java:41)
at UtilityPack.ScreenshotListener.<init>(ScreenshotListener.java:20)
at UtilityPack.BaseClass.<init>(BaseClass.java:41)
at UtilityPack.ScreenshotListener.<init>(ScreenshotListener.java:20)
at UtilityPack.BaseClass.<init>(BaseClass.java:41)
at UtilityPack.ScreenshotListener.<init>(ScreenshotListener.java:20)
at UtilityPack.BaseClass.<init>(BaseClass.java:41)
at UtilityPack.ScreenshotListener.<init>(ScreenshotListener.java:20)
at UtilityPack.BaseClass.<init>(BaseClass.java:41)
at UtilityPack.ScreenshotListener.<init>(ScreenshotListener.java:20)
at UtilityPack.BaseClass.<init>(BaseClass.java:41)
at UtilityPack.ScreenshotListener.<init>(ScreenshotListener.java:20)
at UtilityPack.BaseClass.<init>(BaseClass.java:41)
at UtilityPack.ScreenshotListener.<init>(ScreenshotListener.java:20)
at UtilityPack.BaseClass.<init>(BaseClass.java:41)
at UtilityPack.ScreenshotListener.<init>(ScreenshotListener.java:20)
at UtilityPack.BaseClass.<init>(BaseClass.java:41)
at UtilityPack.ScreenshotListener.<init>(ScreenshotListener.java:20)
at UtilityPack.BaseClass.<init>(BaseClass.java:41)
at UtilityPack.ScreenshotListener.<init>(ScreenshotListener.java:20)
at UtilityPack.BaseClass.<init>(BaseClass.java:41)
at UtilityPack.ScreenshotListener.<init>(ScreenshotListener.java:20)
at UtilityPack.BaseClass.<init>(BaseClass.java:41)
at UtilityPack.ScreenshotListener.<init>(ScreenshotListener.java:20)
at UtilityPack.BaseClass.<init>(BaseClass.java:41)
at UtilityPack.ScreenshotListener.<init>(ScreenshotListener.java:20)
at UtilityPack.BaseClass.<init>(BaseClass.java:41)
at UtilityPack.ScreenshotListener.<init>(ScreenshotListener.java:20)
at UtilityPack.BaseClass.<init>(BaseClass.java:41)
at UtilityPack.ScreenshotListener.<init>(ScreenshotListener.java:20)
at UtilityPack.BaseClass.<init>(BaseClass.java:41)
at UtilityPack.ScreenshotListener.<init>(ScreenshotListener.java:20)
at UtilityPack.BaseClass.<init>(BaseClass.java:41)
at UtilityPack.ScreenshotListener.<init>(ScreenshotListener.java:20)
at UtilityPack.BaseClass.<init>(BaseClass.java:41)
at UtilityPack.ScreenshotListener.<init>(ScreenshotListener.java:20)
at UtilityPack.BaseClass.<init>(BaseClass.java:41)
at UtilityPack.ScreenshotListener.<init>(ScreenshotListener.java:20)
at UtilityPack.BaseClass.<init>(BaseClass.java:41)
at UtilityPack.ScreenshotListener.<init>(ScreenshotListener.java:20)
at UtilityPack.BaseClass.<init>(BaseClass.java:41)
at UtilityPack.ScreenshotListener.<init>(ScreenshotListener.java:20)
at UtilityPack.BaseClass.<init>(BaseClass.java:41)
at UtilityPack.ScreenshotListener.<init>(ScreenshotListener.java:20)
at UtilityPack.BaseClass.<init>(BaseClass.java:41)
at UtilityPack.ScreenshotListener.<init>(ScreenshotListener.java:20)
at UtilityPack.BaseClass.<init>(BaseClass.java:41)
at UtilityPack.ScreenshotListener.<init>(ScreenshotListener.java:20)
at UtilityPack.BaseClass.<init>(BaseClass.java:41)
at UtilityPack.ScreenshotListener.<init>(ScreenshotListener.java:20)
at UtilityPack.BaseClass.<init>(BaseClass.java:41)
at UtilityPack.ScreenshotListener.<init>(ScreenshotListener.java:20)
at UtilityPack.BaseClass.<init>(BaseClass.java:41)
at UtilityPack.ScreenshotListener.<init>(ScreenshotListener.java:20)
at UtilityPack.BaseClass.<init>(BaseClass.java:41)
at UtilityPack.ScreenshotListener.<init>(ScreenshotListener.java:20)
at UtilityPack.BaseClass.<init>(BaseClass.java:41)
at UtilityPack.ScreenshotListener.<init>(ScreenshotListener.java:20)
at UtilityPack.BaseClass.<init>(BaseClass.java:41)
at UtilityPack.ScreenshotListener.<init>(ScreenshotListener.java:20)
at UtilityPack.BaseClass.<init>(BaseClass.java:41)
at UtilityPack.ScreenshotListener.<init>(ScreenshotListener.java:20)
at UtilityPack.BaseClass.<init>(BaseClass.java:41)
at UtilityPack.ScreenshotListener.<init>(ScreenshotListener.java:20)
at UtilityPack.BaseClass.<init>(BaseClass.java:41)
at UtilityPack.ScreenshotListener.<init>(ScreenshotListener.java:20)
at UtilityPack.BaseClass.<init>(BaseClass.java:41)
at UtilityPack.ScreenshotListener.<init>(ScreenshotListener.java:20)
at UtilityPack.BaseClass.<init>(BaseClass.java:41)
at UtilityPack.ScreenshotListener.<init>(ScreenshotListener.java:20)
at UtilityPack.BaseClass.<init>(BaseClass.java:41)
at UtilityPack.ScreenshotListener.<init>(ScreenshotListener.java:20)
at UtilityPack.BaseClass.<init>(BaseClass.java:41)
at UtilityPack.ScreenshotListener.<init>(ScreenshotListener.java:20)
at UtilityPack.BaseClass.<init>(BaseClass.java:41)
at UtilityPack.ScreenshotListener.<init>(ScreenshotListener.java:20)
at UtilityPack.BaseClass.<init>(BaseClass.java:41)
at UtilityPack.ScreenshotListener.<init>(ScreenshotListener.java:20)
at UtilityPack.BaseClass.<init>(BaseClass.java:41)
at UtilityPack.ScreenshotListener.<init>(ScreenshotListener.java:20)
at UtilityPack.BaseClass.<init>(BaseClass.java:41)
at UtilityPack.ScreenshotListener.<init>(ScreenshotListener.java:20)
at UtilityPack.BaseClass.<init>(BaseClass.java:41)
at UtilityPack.ScreenshotListener.<init>(ScreenshotListener.java:20)
at UtilityPack.BaseClass.<init>(BaseClass.java:41)
at UtilityPack.ScreenshotListener.<init>(ScreenshotListener.java:20)
at UtilityPack.BaseClass.<init>(BaseClass.java:41)
at UtilityPack.ScreenshotListener.<init>(ScreenshotListener.java:20)
at UtilityPack.BaseClass.<init>(BaseClass.java:41)
at UtilityPack.ScreenshotListener.<init>(ScreenshotListener.java:20)
at UtilityPack.BaseClass.<init>(BaseClass.java:41)
at UtilityPack.ScreenshotListener.<init>(ScreenshotListener.java:20)
at UtilityPack.BaseClass.<init>(BaseClass.java:41)
at UtilityPack.ScreenshotListener.<init>(ScreenshotListener.java:20)
at UtilityPack.BaseClass.<init>(BaseClass.java:41)
at UtilityPack.ScreenshotListener.<init>(ScreenshotListener.java:20)
at UtilityPack.BaseClass.<init>(BaseClass.java:41)
at UtilityPack.ScreenshotListener.<init>(ScreenshotListener.java:20)
at UtilityPack.BaseClass.<init>(BaseClass.java:41)
at UtilityPack.ScreenshotListener.<init>(ScreenshotListener.java:20)
at UtilityPack.BaseClass.<init>(BaseClass.java:41)
at UtilityPack.ScreenshotListener.<init>(ScreenshotListener.java:20)
at UtilityPack.BaseClass.<init>(BaseClass.java:41)
at UtilityPack.ScreenshotListener.<init>(ScreenshotListener.java:20)
at UtilityPack.BaseClass.<init>(BaseClass.java:41)
at UtilityPack.ScreenshotListener.<init>(ScreenshotListener.java:20)
at UtilityPack.BaseClass.<init>(BaseClass.java:41)
at UtilityPack.ScreenshotListener.<init>(ScreenshotListener.java:20)
at UtilityPack.BaseClass.<init>(BaseClass.java:41)
at UtilityPack.ScreenshotListener.<init>(ScreenshotListener.java:20)
at UtilityPack.BaseClass.<init>(BaseClass.java:41)
at UtilityPack.ScreenshotListener.<init>(ScreenshotListener.java:20)
at UtilityPack.BaseClass.<init>(BaseClass.java:41)
at UtilityPack.ScreenshotListener.<init>(ScreenshotListener.java:20)
at UtilityPack.BaseClass.<init>(BaseClass.java:41)
at UtilityPack.ScreenshotListener.<init>(ScreenshotListener.java:20)
at UtilityPack.BaseClass.<init>(BaseClass.java:41)
at UtilityPack.ScreenshotListener.<init>(ScreenshotListener.java:20)
at UtilityPack.BaseClass.<init>(BaseClass.java:41)
at UtilityPack.ScreenshotListener.<init>(ScreenshotListener.java:20)
at UtilityPack.BaseClass.<init>(BaseClass.java:41)
at UtilityPack.ScreenshotListener.<init>(ScreenshotListener.java:20)
at UtilityPack.BaseClass.<init>(BaseClass.java:41)
at UtilityPack.ScreenshotListener.<init>(ScreenshotListener.java:20)
at UtilityPack.BaseClass.<init>(BaseClass.java:41)
at UtilityPack.ScreenshotListener.<init>(ScreenshotListener.java:20)
at UtilityPack.BaseClass.<init>(BaseClass.java:41)
at UtilityPack.ScreenshotListener.<init>(ScreenshotListener.java:20)
at UtilityPack.BaseClass.<init>(BaseClass.java:41)
at UtilityPack.ScreenshotListener.<init>(ScreenshotListener.java:20)
at UtilityPack.BaseClass.<init>(BaseClass.java:41)
at UtilityPack.ScreenshotListener.<init>(ScreenshotListener.java:20)
at UtilityPack.BaseClass.<init>(BaseClass.java:41)
at UtilityPack.ScreenshotListener.<init>(ScreenshotListener.java:20)
at UtilityPack.BaseClass.<init>(BaseClass.java:41)
at UtilityPack.ScreenshotListener.<init>(ScreenshotListener.java:20)
at UtilityPack.BaseClass.<init>(BaseClass.java:41)
at UtilityPack.ScreenshotListener.<init>(ScreenshotListener.java:20)
at UtilityPack.BaseClass.<init>(BaseClass.java:41)
at UtilityPack.ScreenshotListener.<init>(ScreenshotListener.java:20)
at UtilityPack.BaseClass.<init>(BaseClass.java:41)
at UtilityPack.ScreenshotListener.<init>(ScreenshotListener.java:20)
at UtilityPack.BaseClass.<init>(BaseClass.java:41)
at UtilityPack.ScreenshotListener.<init>(ScreenshotListener.java:20)
at UtilityPack.BaseClass.<init>(BaseClass.java:41)
at UtilityPack.ScreenshotListener.<init>(ScreenshotListener.java:20)
at UtilityPack.BaseClass.<init>(BaseClass.java:41)
at UtilityPack.ScreenshotListener.<init>(ScreenshotListener.java:20)
at UtilityPack.BaseClass.<init>(BaseClass.java:41)
at UtilityPack.ScreenshotListener.<init>(ScreenshotListener.java:20)
at UtilityPack.BaseClass.<init>(BaseClass.java:41)
at UtilityPack.ScreenshotListener.<init>(ScreenshotListener.java:20)
at UtilityPack.BaseClass.<init>(BaseClass.java:41)
at UtilityPack.ScreenshotListener.<init>(ScreenshotListener.java:20)
at UtilityPack.BaseClass.<init>(BaseClass.java:41)
at UtilityPack.ScreenshotListener.<init>(ScreenshotListener.java:20)
at UtilityPack.BaseClass.<init>(BaseClass.java:41)
at UtilityPack.ScreenshotListener.<init>(ScreenshotListener.java:20)
at UtilityPack.BaseClass.<init>(BaseClass.java:41)
at UtilityPack.ScreenshotListener.<init>(ScreenshotListener.java:20)
at UtilityPack.BaseClass.<init>(BaseClass.java:41)
at UtilityPack.ScreenshotListener.<init>(ScreenshotListener.java:20)
at UtilityPack.BaseClass.<init>(BaseClass.java:41)
at UtilityPack.ScreenshotListener.<init>(ScreenshotListener.java:20)
at UtilityPack.BaseClass.<init>(BaseClass.java:41)
at UtilityPack.ScreenshotListener.<init>(ScreenshotListener.java:20)
at UtilityPack.BaseClass.<init>(BaseClass.java:41)
at UtilityPack.ScreenshotListener.<init>(ScreenshotListener.java:20)
at UtilityPack.BaseClass.<init>(BaseClass.java:41)
at UtilityPack.ScreenshotListener.<init>(ScreenshotListener.java:20)
at UtilityPack.BaseClass.<init>(BaseClass.java:41)
at UtilityPack.ScreenshotListener.<init>(ScreenshotListener.java:20)
at UtilityPack.BaseClass.<init>(BaseClass.java:41)
at UtilityPack.ScreenshotListener.<init>(ScreenshotListener.java:20)
at UtilityPack.BaseClass.<init>(BaseClass.java:41)
at UtilityPack.ScreenshotListener.<init>(ScreenshotListener.java:20)
at UtilityPack.BaseClass.<init>(BaseClass.java:41)
at UtilityPack.ScreenshotListener.<init>(ScreenshotListener.java:20)
at UtilityPack.BaseClass.<init>(BaseClass.java:41)
at UtilityPack.ScreenshotListener.<init>(ScreenshotListener.java:20)
at UtilityPack.BaseClass.<init>(BaseClass.java:41)
at UtilityPack.ScreenshotListener.<init>(ScreenshotListener.java:20)
at UtilityPack.BaseClass.<init>(BaseClass.java:41)
at UtilityPack.ScreenshotListener.<init>(ScreenshotListener.java:20)
at UtilityPack.BaseClass.<init>(BaseClass.java:41)
at UtilityPack.ScreenshotListener.<init>(ScreenshotListener.java:20)
at UtilityPack.BaseClass.<init>(BaseClass.java:41)
at UtilityPack.ScreenshotListener.<init>(ScreenshotListener.java:20)
at UtilityPack.BaseClass.<init>(BaseClass.java:41)
at UtilityPack.ScreenshotListener.<init>(ScreenshotListener.java:20)
at UtilityPack.BaseClass.<init>(BaseClass.java:41)
at UtilityPack.ScreenshotListener.<init>(ScreenshotListener.java:20)
at UtilityPack.BaseClass.<init>(BaseClass.java:41)
at UtilityPack.ScreenshotListener.<init>(ScreenshotListener.java:20)
at UtilityPack.BaseClass.<init>(BaseClass.java:41)
at UtilityPack.ScreenshotListener.<init>(ScreenshotListener.java:20)
at UtilityPack.BaseClass.<init>(BaseClass.java:41)
at UtilityPack.ScreenshotListener.<init>(ScreenshotListener.java:20)
at UtilityPack.BaseClass.<init>(BaseClass.java:41)
at UtilityPack.ScreenshotListener.<init>(ScreenshotListener.java:20)
at UtilityPack.BaseClass.<init>(BaseClass.java:41)
at UtilityPack.ScreenshotListener.<init>(ScreenshotListener.java:20)
at UtilityPack.BaseClass.<init>(BaseClass.java:41)
at UtilityPack.ScreenshotListener.<init>(ScreenshotListener.java:20)
at UtilityPack.BaseClass.<init>(BaseClass.java:41)
at UtilityPack.ScreenshotListener.<init>(ScreenshotListener.java:20)
at UtilityPack.BaseClass.<init>(BaseClass.java:41)
at UtilityPack.ScreenshotListener.<init>(ScreenshotListener.java:20)
at UtilityPack.BaseClass.<init>(BaseClass.java:41)
at UtilityPack.ScreenshotListener.<init>(ScreenshotListener.java:20)
at UtilityPack.BaseClass.<init>(BaseClass.java:41)
at UtilityPack.ScreenshotListener.<init>(ScreenshotListener.java:20)
at UtilityPack.BaseClass.<init>(BaseClass.java:41)
at UtilityPack.ScreenshotListener.<init>(ScreenshotListener.java:20)
at UtilityPack.BaseClass.<init>(BaseClass.java:41)
at UtilityPack.ScreenshotListener.<init>(ScreenshotListener.java:20)
at UtilityPack.BaseClass.<init>(BaseClass.java:41)
at UtilityPack.ScreenshotListener.<init>(ScreenshotListener.java:20)
at UtilityPack.BaseClass.<init>(BaseClass.java:41)
at UtilityPack.ScreenshotListener.<init>(ScreenshotListener.java:20)
at UtilityPack.BaseClass.<init>(BaseClass.java:41)
at UtilityPack.ScreenshotListener.<init>(ScreenshotListener.java:20)
at UtilityPack.BaseClass.<init>(BaseClass.java:41)
at UtilityPack.ScreenshotListener.<init>(ScreenshotListener.java:20)
at UtilityPack.BaseClass.<init>(BaseClass.java:41)
at UtilityPack.ScreenshotListener.<init>(ScreenshotListener.java:20)
at UtilityPack.BaseClass.<init>(BaseClass.java:41)
at UtilityPack.ScreenshotListener.<init>(ScreenshotListener.java:20)
at UtilityPack.BaseClass.<init>(BaseClass.java:41)
at UtilityPack.ScreenshotListener.<init>(ScreenshotListener.java:20)
at UtilityPack.BaseClass.<init>(BaseClass.java:41)
at UtilityPack.ScreenshotListener.<init>(ScreenshotListener.java:20)
at UtilityPack.BaseClass.<init>(BaseClass.java:41)
at UtilityPack.ScreenshotListener.<init>(ScreenshotListener.java:20)
at UtilityPack.BaseClass.<init>(BaseClass.java:41)
at UtilityPack.ScreenshotListener.<init>(ScreenshotListener.java:20)
at UtilityPack.BaseClass.<init>(BaseClass.java:41)
at UtilityPack.ScreenshotListener.<init>(ScreenshotListener.java:20)
at UtilityPack.BaseClass.<init>(BaseClass.java:41)
at UtilityPack.ScreenshotListener.<init>(ScreenshotListener.java:20)
at UtilityPack.BaseClass.<init>(BaseClass.java:41)
at UtilityPack.ScreenshotListener.<init>(ScreenshotListener.java:20)
at UtilityPack.BaseClass.<init>(BaseClass.java:41)
at UtilityPack.ScreenshotListener.<init>(ScreenshotListener.java:20)
at UtilityPack.BaseClass.<init>(BaseClass.java:41)
at UtilityPack.ScreenshotListener.<init>(ScreenshotListener.java:20)
at UtilityPack.BaseClass.<init>(BaseClass.java:41)
at UtilityPack.ScreenshotListener.<init>(ScreenshotListener.java:20)
at UtilityPack.BaseClass.<init>(BaseClass.java:41)
at UtilityPack.ScreenshotListener.<init>(ScreenshotListener.java:20)
at UtilityPack.BaseClass.<init>(BaseClass.java:41)
at UtilityPack.ScreenshotListener.<init>(ScreenshotListener.java:20)
at UtilityPack.BaseClass.<init>(BaseClass.java:41)
at UtilityPack.ScreenshotListener.<init>(ScreenshotListener.java:20)
at UtilityPack.BaseClass.<init>(BaseClass.java:41)
at UtilityPack.ScreenshotListener.<init>(ScreenshotListener.java:20)
at UtilityPack.BaseClass.<init>(BaseClass.java:41)
at UtilityPack.ScreenshotListener.<init>(ScreenshotListener.java:20)
at UtilityPack.BaseClass.<init>(BaseClass.java:41)
at UtilityPack.ScreenshotListener.<init>(ScreenshotListener.java:20)
at UtilityPack.BaseClass.<init>(BaseClass.java:41)
at UtilityPack.ScreenshotListener.<init>(ScreenshotListener.java:20)
at UtilityPack.BaseClass.<init>(BaseClass.java:41)
at UtilityPack.ScreenshotListener.<init>(ScreenshotListener.java:20)
at UtilityPack.BaseClass.<init>(BaseClass.java:41)
at UtilityPack.ScreenshotListener.<init>(ScreenshotListener.java:20)
at UtilityPack.BaseClass.<init>(BaseClass.java:41)
at UtilityPack.ScreenshotListener.<init>(ScreenshotListener.java:20)
at UtilityPack.BaseClass.<init>(BaseClass.java:41)
at UtilityPack.ScreenshotListener.<init>(ScreenshotListener.java:20)
at UtilityPack.BaseClass.<init>(BaseClass.java:41)
at UtilityPack.ScreenshotListener.<init>(ScreenshotListener.java:20)
at UtilityPack.BaseClass.<init>(BaseClass.java:41)
at UtilityPack.ScreenshotListener.<init>(ScreenshotListener.java:20)
at UtilityPack.BaseClass.<init>(BaseClass.java:41)
at UtilityPack.ScreenshotListener.<init>(ScreenshotListener.java:20)
at UtilityPack.BaseClass.<init>(BaseClass.java:41)
at UtilityPack.ScreenshotListener.<init>(ScreenshotListener.java:20)
at UtilityPack.BaseClass.<init>(BaseClass.java:41)
at UtilityPack.ScreenshotListener.<init>(ScreenshotListener.java:20)
at UtilityPack.BaseClass.<init>(BaseClass.java:41)
at UtilityPack.ScreenshotListener.<init>(ScreenshotListener.java:20)
at UtilityPack.BaseClass.<init>(BaseClass.java:41)
at UtilityPack.ScreenshotListener.<init>(ScreenshotListener.java:20)
at UtilityPack.BaseClass.<init>(BaseClass.java:41)
at UtilityPack.ScreenshotListener.<init>(ScreenshotListener.java:20)
at UtilityPack.BaseClass.<init>(BaseClass.java:41)
at UtilityPack.ScreenshotListener.<init>(ScreenshotListener.java:20)
at UtilityPack.BaseClass.<init>(BaseClass.java:41)
at UtilityPack.ScreenshotListener.<init>(ScreenshotListener.java:20)
at UtilityPack.BaseClass.<init>(BaseClass.java:41)
at UtilityPack.ScreenshotListener.<init>(ScreenshotListener.java:20)
at UtilityPack.BaseClass.<init>(BaseClass.java:41)
at UtilityPack.ScreenshotListener.<init>(ScreenshotListener.java:20)
at UtilityPack.BaseClass.<init>(BaseClass.java:41)
at UtilityPack.ScreenshotListener.<init>(ScreenshotListener.java:20)
at UtilityPack.BaseClass.<init>(BaseClass.java:41)
at UtilityPack.ScreenshotListener.<init>(ScreenshotListener.java:20)
at UtilityPack.BaseClass.<init>(BaseClass.java:41)
at UtilityPack.ScreenshotListener.<init>(ScreenshotListener.java:20)
at UtilityPack.BaseClass.<init>(BaseClass.java:41)
at UtilityPack.ScreenshotListener.<init>(ScreenshotListener.java:20)
at UtilityPack.BaseClass.<init>(BaseClass.java:41)
at UtilityPack.ScreenshotListener.<init>(ScreenshotListener.java:20)
at UtilityPack.BaseClass.<init>(BaseClass.java:41)
at UtilityPack.ScreenshotListener.<init>(ScreenshotListener.java:20)
at UtilityPack.BaseClass.<init>(BaseClass.java:41)
at UtilityPack.ScreenshotListener.<init>(ScreenshotListener.java:20)
at UtilityPack.BaseClass.<init>(BaseClass.java:41)
at UtilityPack.ScreenshotListener.<init>(ScreenshotListener.java:20)
at UtilityPack.BaseClass.<init>(BaseClass.java:41)
at UtilityPack.ScreenshotListener.<init>(ScreenshotListener.java:20)
at UtilityPack.BaseClass.<init>(BaseClass.java:41)
at UtilityPack.ScreenshotListener.<init>(ScreenshotListener.java:20)
at UtilityPack.BaseClass.<init>(BaseClass.java:41)
at UtilityPack.ScreenshotListener.<init>(ScreenshotListener.java:20)
at UtilityPack.BaseClass.<init>(BaseClass.java:41)
at UtilityPack.ScreenshotListener.<init>(ScreenshotListener.java:20)
at UtilityPack.BaseClass.<init>(BaseClass.java:41)
at UtilityPack.ScreenshotListener.<init>(ScreenshotListener.java:20)
at UtilityPack.BaseClass.<init>(BaseClass.java:41)
at UtilityPack.ScreenshotListener.<init>(ScreenshotListener.java:20)
at UtilityPack.BaseClass.<init>(BaseClass.java:41)
at UtilityPack.ScreenshotListener.<init>(ScreenshotListener.java:20)
at UtilityPack.BaseClass.<init>(BaseClass.java:41)
at UtilityPack.ScreenshotListener.<init>(ScreenshotListener.java:20)
at UtilityPack.BaseClass.<init>(BaseClass.java:41)
at UtilityPack.ScreenshotListener.<init>(ScreenshotListener.java:20)
at UtilityPack.BaseClass.<init>(BaseClass.java:41)
at UtilityPack.ScreenshotListener.<init>(ScreenshotListener.java:20)
at UtilityPack.BaseClass.<init>(BaseClass.java:41)
at UtilityPack.ScreenshotListener.<init>(ScreenshotListener.java:20)
at UtilityPack.BaseClass.<init>(BaseClass.java:41)
at UtilityPack.ScreenshotListener.<init>(ScreenshotListener.java:20)
at UtilityPack.BaseClass.<init>(BaseClass.java:41)
at UtilityPack.ScreenshotListener.<init>(ScreenshotListener.java:20)
at UtilityPack.BaseClass.<init>(BaseClass.java:41)
at UtilityPack.ScreenshotListener.<init>(ScreenshotListener.java:20)
at UtilityPack.BaseClass.<init>(BaseClass.java:41)
at UtilityPack.ScreenshotListener.<init>(ScreenshotListener.java:20)
at UtilityPack.BaseClass.<init>(BaseClass.java:41)
at UtilityPack.ScreenshotListener.<init>(ScreenshotListener.java:20)
at UtilityPack.BaseClass.<init>(BaseClass.java:41)
at UtilityPack.ScreenshotListener.<init>(ScreenshotListener.java:20)
at UtilityPack.BaseClass.<init>(BaseClass.java:41)
at UtilityPack.ScreenshotListener.<init>(ScreenshotListener.java:20)
at UtilityPack.BaseClass.<init>(BaseClass.java:41)
at UtilityPack.ScreenshotListener.<init>(ScreenshotListener.java:20)
at UtilityPack.BaseClass.<init>(BaseClass.java:41)
at UtilityPack.ScreenshotListener.<init>(ScreenshotListener.java:20)
at UtilityPack.BaseClass.<init>(BaseClass.java:41)
at UtilityPack.ScreenshotListener.<init>(ScreenshotListener.java:20)
at UtilityPack.BaseClass.<init>(BaseClass.java:41)
at UtilityPack.ScreenshotListener.<init>(ScreenshotListener.java:20)
at UtilityPack.BaseClass.<init>(BaseClass.java:41)
at UtilityPack.ScreenshotListener.<init>(ScreenshotListener.java:20)
at UtilityPack.BaseClass.<init>(BaseClass.java:41)
at UtilityPack.ScreenshotListener.<init>(ScreenshotListener.java:20)
at UtilityPack.BaseClass.<init>(BaseClass.java:41)
at UtilityPack.ScreenshotListener.<init>(ScreenshotListener.java:20)
at UtilityPack.BaseClass.<init>(BaseClass.java:41)
at UtilityPack.ScreenshotListener.<init>(ScreenshotListener.java:20)
at UtilityPack.BaseClass.<init>(BaseClass.java:41)
at UtilityPack.ScreenshotListener.<init>(ScreenshotListener.java:20)
at UtilityPack.BaseClass.<init>(BaseClass.java:41)
]]>
            </full-stacktrace>
          </exception> <!-- java.lang.StackOverflowError -->
          <reporter-output>
          </reporter-output>
        </test-method> <!-- CreateDriver -->
        <test-method signature="googleSearchFlow(org.testng.ITestContext)[pri:0, instance:webTestCasess.TC_GoogleSearchDemo_Web@69ee81fc]" started-at="2026-02-26T22:47:02 IST" name="googleSearchFlow" finished-at="2026-02-26T22:47:02 IST" duration-ms="0" status="SKIP">
          <params>
            <param index="0">
              <value>
                <![CDATA[org.testng.TestRunner@267517e4]]>
              </value>
            </param>
          </params>
          <exception class="java.lang.StackOverflowError">
            <full-stacktrace>
              <![CDATA[java.lang.StackOverflowError
at UtilityPack.ScreenshotListener.<init>(ScreenshotListener.java:20)
at UtilityPack.BaseClass.<init>(BaseClass.java:41)
at UtilityPack.ScreenshotListener.<init>(ScreenshotListener.java:20)
at UtilityPack.BaseClass.<init>(BaseClass.java:41)
at UtilityPack.ScreenshotListener.<init>(ScreenshotListener.java:20)
at UtilityPack.BaseClass.<init>(BaseClass.java:41)
at UtilityPack.ScreenshotListener.<init>(ScreenshotListener.java:20)
at UtilityPack.BaseClass.<init>(BaseClass.java:41)
at UtilityPack.ScreenshotListener.<init>(ScreenshotListener.java:20)
at UtilityPack.BaseClass.<init>(BaseClass.java:41)
at UtilityPack.ScreenshotListener.<init>(ScreenshotListener.java:20)
at UtilityPack.BaseClass.<init>(BaseClass.java:41)
at UtilityPack.ScreenshotListener.<init>(ScreenshotListener.java:20)
at UtilityPack.BaseClass.<init>(BaseClass.java:41)
at UtilityPack.ScreenshotListener.<init>(ScreenshotListener.java:20)
at UtilityPack.BaseClass.<init>(BaseClass.java:41)
at UtilityPack.ScreenshotListener.<init>(ScreenshotListener.java:20)
at UtilityPack.BaseClass.<init>(BaseClass.java:41)
at UtilityPack.ScreenshotListener.<init>(ScreenshotListener.java:20)
at UtilityPack.BaseClass.<init>(BaseClass.java:41)
at UtilityPack.ScreenshotListener.<init>(ScreenshotListener.java:20)
at UtilityPack.BaseClass.<init>(BaseClass.java:41)
at UtilityPack.ScreenshotListener.<init>(ScreenshotListener.java:20)
at UtilityPack.BaseClass.<init>(BaseClass.java:41)
at UtilityPack.ScreenshotListener.<init>(ScreenshotListener.java:20)
at UtilityPack.BaseClass.<init>(BaseClass.java:41)
at UtilityPack.ScreenshotListener.<init>(ScreenshotListener.java:20)
at UtilityPack.BaseClass.<init>(BaseClass.java:41)
at UtilityPack.ScreenshotListener.<init>(ScreenshotListener.java:20)
at UtilityPack.BaseClass.<init>(BaseClass.java:41)
at UtilityPack.ScreenshotListener.<init>(ScreenshotListener.java:20)
at UtilityPack.BaseClass.<init>(BaseClass.java:41)
at UtilityPack.ScreenshotListener.<init>(ScreenshotListener.java:20)
at UtilityPack.BaseClass.<init>(BaseClass.java:41)
at UtilityPack.ScreenshotListener.<init>(ScreenshotListener.java:20)
at UtilityPack.BaseClass.<init>(BaseClass.java:41)
at UtilityPack.ScreenshotListener.<init>(ScreenshotListener.java:20)
at UtilityPack.BaseClass.<init>(BaseClass.java:41)
at UtilityPack.ScreenshotListener.<init>(ScreenshotListener.java:20)
at UtilityPack.BaseClass.<init>(BaseClass.java:41)
at UtilityPack.ScreenshotListener.<init>(ScreenshotListener.java:20)
at UtilityPack.BaseClass.<init>(BaseClass.java:41)
at UtilityPack.ScreenshotListener.<init>(ScreenshotListener.java:20)
at UtilityPack.BaseClass.<init>(BaseClass.java:41)
at UtilityPack.ScreenshotListener.<init>(ScreenshotListener.java:20)
at UtilityPack.BaseClass.<init>(BaseClass.java:41)
at UtilityPack.ScreenshotListener.<init>(ScreenshotListener.java:20)
at UtilityPack.BaseClass.<init>(BaseClass.java:41)
at UtilityPack.ScreenshotListener.<init>(ScreenshotListener.java:20)
at UtilityPack.BaseClass.<init>(BaseClass.java:41)
at UtilityPack.ScreenshotListener.<init>(ScreenshotListener.java:20)
at UtilityPack.BaseClass.<init>(BaseClass.java:41)
at UtilityPack.ScreenshotListener.<init>(ScreenshotListener.java:20)
at UtilityPack.BaseClass.<init>(BaseClass.java:41)
at UtilityPack.ScreenshotListener.<init>(ScreenshotListener.java:20)
at UtilityPack.BaseClass.<init>(BaseClass.java:41)
at UtilityPack.ScreenshotListener.<init>(ScreenshotListener.java:20)
at UtilityPack.BaseClass.<init>(BaseClass.java:41)
at UtilityPack.ScreenshotListener.<init>(ScreenshotListener.java:20)
at UtilityPack.BaseClass.<init>(BaseClass.java:41)
at UtilityPack.ScreenshotListener.<init>(ScreenshotListener.java:20)
at UtilityPack.BaseClass.<init>(BaseClass.java:41)
at UtilityPack.ScreenshotListener.<init>(ScreenshotListener.java:20)
at UtilityPack.BaseClass.<init>(BaseClass.java:41)
at UtilityPack.ScreenshotListener.<init>(ScreenshotListener.java:20)
at UtilityPack.BaseClass.<init>(BaseClass.java:41)
at UtilityPack.ScreenshotListener.<init>(ScreenshotListener.java:20)
at UtilityPack.BaseClass.<init>(BaseClass.java:41)
at UtilityPack.ScreenshotListener.<init>(ScreenshotListener.java:20)
at UtilityPack.BaseClass.<init>(BaseClass.java:41)
at UtilityPack.ScreenshotListener.<init>(ScreenshotListener.java:20)
at UtilityPack.BaseClass.<init>(BaseClass.java:41)
at UtilityPack.ScreenshotListener.<init>(ScreenshotListener.java:20)
at UtilityPack.BaseClass.<init>(BaseClass.java:41)
at UtilityPack.ScreenshotListener.<init>(ScreenshotListener.java:20)
at UtilityPack.BaseClass.<init>(BaseClass.java:41)
at UtilityPack.ScreenshotListener.<init>(ScreenshotListener.java:20)
at UtilityPack.BaseClass.<init>(BaseClass.java:41)
at UtilityPack.ScreenshotListener.<init>(ScreenshotListener.java:20)
at UtilityPack.BaseClass.<init>(BaseClass.java:41)
at UtilityPack.ScreenshotListener.<init>(ScreenshotListener.java:20)
at UtilityPack.BaseClass.<init>(BaseClass.java:41)
at UtilityPack.ScreenshotListener.<init>(ScreenshotListener.java:20)
at UtilityPack.BaseClass.<init>(BaseClass.java:41)
at UtilityPack.ScreenshotListener.<init>(ScreenshotListener.java:20)
at UtilityPack.BaseClass.<init>(BaseClass.java:41)
at UtilityPack.ScreenshotListener.<init>(ScreenshotListener.java:20)
at UtilityPack.BaseClass.<init>(BaseClass.java:41)
at UtilityPack.ScreenshotListener.<init>(ScreenshotListener.java:20)
at UtilityPack.BaseClass.<init>(BaseClass.java:41)
at UtilityPack.ScreenshotListener.<init>(ScreenshotListener.java:20)
at UtilityPack.BaseClass.<init>(BaseClass.java:41)
at UtilityPack.ScreenshotListener.<init>(ScreenshotListener.java:20)
at UtilityPack.BaseClass.<init>(BaseClass.java:41)
at UtilityPack.ScreenshotListener.<init>(ScreenshotListener.java:20)
at UtilityPack.BaseClass.<init>(BaseClass.java:41)
at UtilityPack.ScreenshotListener.<init>(ScreenshotListener.java:20)
at UtilityPack.BaseClass.<init>(BaseClass.java:41)
at UtilityPack.ScreenshotListener.<init>(ScreenshotListener.java:20)
at UtilityPack.BaseClass.<init>(BaseClass.java:41)
at UtilityPack.ScreenshotListener.<init>(ScreenshotListener.java:20)
at UtilityPack.BaseClass.<init>(BaseClass.java:41)
at UtilityPack.ScreenshotListener.<init>(ScreenshotListener.java:20)
at UtilityPack.BaseClass.<init>(BaseClass.java:41)
at UtilityPack.ScreenshotListener.<init>(ScreenshotListener.java:20)
at UtilityPack.BaseClass.<init>(BaseClass.java:41)
at UtilityPack.ScreenshotListener.<init>(ScreenshotListener.java:20)
at UtilityPack.BaseClass.<init>(BaseClass.java:41)
at UtilityPack.ScreenshotListener.<init>(ScreenshotListener.java:20)
at UtilityPack.BaseClass.<init>(BaseClass.java:41)
at UtilityPack.ScreenshotListener.<init>(ScreenshotListener.java:20)
at UtilityPack.BaseClass.<init>(BaseClass.java:41)
at UtilityPack.ScreenshotListener.<init>(ScreenshotListener.java:20)
at UtilityPack.BaseClass.<init>(BaseClass.java:41)
at UtilityPack.ScreenshotListener.<init>(ScreenshotListener.java:20)
at UtilityPack.BaseClass.<init>(BaseClass.java:41)
at UtilityPack.ScreenshotListener.<init>(ScreenshotListener.java:20)
at UtilityPack.BaseClass.<init>(BaseClass.java:41)
at UtilityPack.ScreenshotListener.<init>(ScreenshotListener.java:20)
at UtilityPack.BaseClass.<init>(BaseClass.java:41)
at UtilityPack.ScreenshotListener.<init>(ScreenshotListener.java:20)
at UtilityPack.BaseClass.<init>(BaseClass.java:41)
at UtilityPack.ScreenshotListener.<init>(ScreenshotListener.java:20)
at UtilityPack.BaseClass.<init>(BaseClass.java:41)
at UtilityPack.ScreenshotListener.<init>(ScreenshotListener.java:20)
at UtilityPack.BaseClass.<init>(BaseClass.java:41)
at UtilityPack.ScreenshotListener.<init>(ScreenshotListener.java:20)
at UtilityPack.BaseClass.<init>(BaseClass.java:41)
at UtilityPack.ScreenshotListener.<init>(ScreenshotListener.java:20)
at UtilityPack.BaseClass.<init>(BaseClass.java:41)
at UtilityPack.ScreenshotListener.<init>(ScreenshotListener.java:20)
at UtilityPack.BaseClass.<init>(BaseClass.java:41)
at UtilityPack.ScreenshotListener.<init>(ScreenshotListener.java:20)
at UtilityPack.BaseClass.<init>(BaseClass.java:41)
at UtilityPack.ScreenshotListener.<init>(ScreenshotListener.java:20)
at UtilityPack.BaseClass.<init>(BaseClass.java:41)
at UtilityPack.ScreenshotListener.<init>(ScreenshotListener.java:20)
at UtilityPack.BaseClass.<init>(BaseClass.java:41)
at UtilityPack.ScreenshotListener.<init>(ScreenshotListener.java:20)
at UtilityPack.BaseClass.<init>(BaseClass.java:41)
at UtilityPack.ScreenshotListener.<init>(ScreenshotListener.java:20)
at UtilityPack.BaseClass.<init>(BaseClass.java:41)
at UtilityPack.ScreenshotListener.<init>(ScreenshotListener.java:20)
at UtilityPack.BaseClass.<init>(BaseClass.java:41)
at UtilityPack.ScreenshotListener.<init>(ScreenshotListener.java:20)
at UtilityPack.BaseClass.<init>(BaseClass.java:41)
at UtilityPack.ScreenshotListener.<init>(ScreenshotListener.java:20)
at UtilityPack.BaseClass.<init>(BaseClass.java:41)
at UtilityPack.ScreenshotListener.<init>(ScreenshotListener.java:20)
at UtilityPack.BaseClass.<init>(BaseClass.java:41)
at UtilityPack.ScreenshotListener.<init>(ScreenshotListener.java:20)
at UtilityPack.BaseClass.<init>(BaseClass.java:41)
at UtilityPack.ScreenshotListener.<init>(ScreenshotListener.java:20)
at UtilityPack.BaseClass.<init>(BaseClass.java:41)
at UtilityPack.ScreenshotListener.<init>(ScreenshotListener.java:20)
at UtilityPack.BaseClass.<init>(BaseClass.java:41)
at UtilityPack.ScreenshotListener.<init>(ScreenshotListener.java:20)
at UtilityPack.BaseClass.<init>(BaseClass.java:41)
at UtilityPack.ScreenshotListener.<init>(ScreenshotListener.java:20)
at UtilityPack.BaseClass.<init>(BaseClass.java:41)
at UtilityPack.ScreenshotListener.<init>(ScreenshotListener.java:20)
at UtilityPack.BaseClass.<init>(BaseClass.java:41)
at UtilityPack.ScreenshotListener.<init>(ScreenshotListener.java:20)
at UtilityPack.BaseClass.<init>(BaseClass.java:41)
at UtilityPack.ScreenshotListener.<init>(ScreenshotListener.java:20)
at UtilityPack.BaseClass.<init>(BaseClass.java:41)
at UtilityPack.ScreenshotListener.<init>(ScreenshotListener.java:20)
at UtilityPack.BaseClass.<init>(BaseClass.java:41)
at UtilityPack.ScreenshotListener.<init>(ScreenshotListener.java:20)
at UtilityPack.BaseClass.<init>(BaseClass.java:41)
at UtilityPack.ScreenshotListener.<init>(ScreenshotListener.java:20)
at UtilityPack.BaseClass.<init>(BaseClass.java:41)
at UtilityPack.ScreenshotListener.<init>(ScreenshotListener.java:20)
at UtilityPack.BaseClass.<init>(BaseClass.java:41)
at UtilityPack.ScreenshotListener.<init>(ScreenshotListener.java:20)
at UtilityPack.BaseClass.<init>(BaseClass.java:41)
at UtilityPack.ScreenshotListener.<init>(ScreenshotListener.java:20)
at UtilityPack.BaseClass.<init>(BaseClass.java:41)
at UtilityPack.ScreenshotListener.<init>(ScreenshotListener.java:20)
at UtilityPack.BaseClass.<init>(BaseClass.java:41)
at UtilityPack.ScreenshotListener.<init>(ScreenshotListener.java:20)
at UtilityPack.BaseClass.<init>(BaseClass.java:41)
at UtilityPack.ScreenshotListener.<init>(ScreenshotListener.java:20)
at UtilityPack.BaseClass.<init>(BaseClass.java:41)
at UtilityPack.ScreenshotListener.<init>(ScreenshotListener.java:20)
at UtilityPack.BaseClass.<init>(BaseClass.java:41)
at UtilityPack.ScreenshotListener.<init>(ScreenshotListener.java:20)
at UtilityPack.BaseClass.<init>(BaseClass.java:41)
at UtilityPack.ScreenshotListener.<init>(ScreenshotListener.java:20)
at UtilityPack.BaseClass.<init>(BaseClass.java:41)
at UtilityPack.ScreenshotListener.<init>(ScreenshotListener.java:20)
at UtilityPack.BaseClass.<init>(BaseClass.java:41)
at UtilityPack.ScreenshotListener.<init>(ScreenshotListener.java:20)
at UtilityPack.BaseClass.<init>(BaseClass.java:41)
at UtilityPack.ScreenshotListener.<init>(ScreenshotListener.java:20)
at UtilityPack.BaseClass.<init>(BaseClass.java:41)
at UtilityPack.ScreenshotListener.<init>(ScreenshotListener.java:20)
at UtilityPack.BaseClass.<init>(BaseClass.java:41)
at UtilityPack.ScreenshotListener.<init>(ScreenshotListener.java:20)
at UtilityPack.BaseClass.<init>(BaseClass.java:41)
at UtilityPack.ScreenshotListener.<init>(ScreenshotListener.java:20)
at UtilityPack.BaseClass.<init>(BaseClass.java:41)
at UtilityPack.ScreenshotListener.<init>(ScreenshotListener.java:20)
at UtilityPack.BaseClass.<init>(BaseClass.java:41)
at UtilityPack.ScreenshotListener.<init>(ScreenshotListener.java:20)
at UtilityPack.BaseClass.<init>(BaseClass.java:41)
at UtilityPack.ScreenshotListener.<init>(ScreenshotListener.java:20)
at UtilityPack.BaseClass.<init>(BaseClass.java:41)
at UtilityPack.ScreenshotListener.<init>(ScreenshotListener.java:20)
at UtilityPack.BaseClass.<init>(BaseClass.java:41)
at UtilityPack.ScreenshotListener.<init>(ScreenshotListener.java:20)
at UtilityPack.BaseClass.<init>(BaseClass.java:41)
at UtilityPack.ScreenshotListener.<init>(ScreenshotListener.java:20)
at UtilityPack.BaseClass.<init>(BaseClass.java:41)
at UtilityPack.ScreenshotListener.<init>(ScreenshotListener.java:20)
at UtilityPack.BaseClass.<init>(BaseClass.java:41)
at UtilityPack.ScreenshotListener.<init>(ScreenshotListener.java:20)
at UtilityPack.BaseClass.<init>(BaseClass.java:41)
at UtilityPack.ScreenshotListener.<init>(ScreenshotListener.java:20)
at UtilityPack.BaseClass.<init>(BaseClass.java:41)
at UtilityPack.ScreenshotListener.<init>(ScreenshotListener.java:20)
at UtilityPack.BaseClass.<init>(BaseClass.java:41)
at UtilityPack.ScreenshotListener.<init>(ScreenshotListener.java:20)
at UtilityPack.BaseClass.<init>(BaseClass.java:41)
at UtilityPack.ScreenshotListener.<init>(ScreenshotListener.java:20)
at UtilityPack.BaseClass.<init>(BaseClass.java:41)
at UtilityPack.ScreenshotListener.<init>(ScreenshotListener.java:20)
at UtilityPack.BaseClass.<init>(BaseClass.java:41)
at UtilityPack.ScreenshotListener.<init>(ScreenshotListener.java:20)
at UtilityPack.BaseClass.<init>(BaseClass.java:41)
at UtilityPack.ScreenshotListener.<init>(ScreenshotListener.java:20)
at UtilityPack.BaseClass.<init>(BaseClass.java:41)
at UtilityPack.ScreenshotListener.<init>(ScreenshotListener.java:20)
at UtilityPack.BaseClass.<init>(BaseClass.java:41)
at UtilityPack.ScreenshotListener.<init>(ScreenshotListener.java:20)
at UtilityPack.BaseClass.<init>(BaseClass.java:41)
at UtilityPack.ScreenshotListener.<init>(ScreenshotListener.java:20)
at UtilityPack.BaseClass.<init>(BaseClass.java:41)
at UtilityPack.ScreenshotListener.<init>(ScreenshotListener.java:20)
at UtilityPack.BaseClass.<init>(BaseClass.java:41)
at UtilityPack.ScreenshotListener.<init>(ScreenshotListener.java:20)
at UtilityPack.BaseClass.<init>(BaseClass.java:41)
[...]
at UtilityPack.BaseClass.<init>(BaseClass.java:41)
at UtilityPack.ScreenshotListener.<init>(ScreenshotListener.java:20)
at UtilityPack.BaseClass.<init>(BaseClass.java:41)
at UtilityPack.ScreenshotListener.<init>(ScreenshotListener.java:20)
at UtilityPack.BaseClass.<init>(BaseClass.java:41)
at UtilityPack.ScreenshotListener.<init>(ScreenshotListener.java:20)
at UtilityPack.BaseClass.<init>(BaseClass.java:41)
at UtilityPack.ScreenshotListener.<init>(ScreenshotListener.java:20)
at UtilityPack.BaseClass.<init>(BaseClass.java:41)
at UtilityPack.ScreenshotListener.<init>(ScreenshotListener.java:20)
at UtilityPack.BaseClass.<init>(BaseClass.java:41)
at UtilityPack.ScreenshotListener.<init>(ScreenshotListener.java:20)
at UtilityPack.BaseClass.<init>(BaseClass.java:41)
at UtilityPack.ScreenshotListener.<init>(ScreenshotListener.java:20)
at UtilityPack.BaseClass.<init>(BaseClass.java:41)
at UtilityPack.ScreenshotListener.<init>(ScreenshotListener.java:20)
at UtilityPack.BaseClass.<init>(BaseClass.java:41)
at UtilityPack.ScreenshotListener.<init>(ScreenshotListener.java:20)
at UtilityPack.BaseClass.<init>(BaseClass.java:41)
at UtilityPack.ScreenshotListener.<init>(ScreenshotListener.java:20)
at UtilityPack.BaseClass.<init>(BaseClass.java:41)
at UtilityPack.ScreenshotListener.<init>(ScreenshotListener.java:20)
at UtilityPack.BaseClass.<init>(BaseClass.java:41)
at UtilityPack.ScreenshotListener.<init>(ScreenshotListener.java:20)
at UtilityPack.BaseClass.<init>(BaseClass.java:41)
at UtilityPack.ScreenshotListener.<init>(ScreenshotListener.java:20)
at UtilityPack.BaseClass.<init>(BaseClass.java:41)
at UtilityPack.ScreenshotListener.<init>(ScreenshotListener.java:20)
at UtilityPack.BaseClass.<init>(BaseClass.java:41)
at UtilityPack.ScreenshotListener.<init>(ScreenshotListener.java:20)
at UtilityPack.BaseClass.<init>(BaseClass.java:41)
at UtilityPack.ScreenshotListener.<init>(ScreenshotListener.java:20)
at UtilityPack.BaseClass.<init>(BaseClass.java:41)
at UtilityPack.ScreenshotListener.<init>(ScreenshotListener.java:20)
at UtilityPack.BaseClass.<init>(BaseClass.java:41)
at UtilityPack.ScreenshotListener.<init>(ScreenshotListener.java:20)
at UtilityPack.BaseClass.<init>(BaseClass.java:41)
at UtilityPack.ScreenshotListener.<init>(ScreenshotListener.java:20)
at UtilityPack.BaseClass.<init>(BaseClass.java:41)
at UtilityPack.ScreenshotListener.<init>(ScreenshotListener.java:20)
at UtilityPack.BaseClass.<init>(BaseClass.java:41)
at UtilityPack.ScreenshotListener.<init>(ScreenshotListener.java:20)
at UtilityPack.BaseClass.<init>(BaseClass.java:41)
at UtilityPack.ScreenshotListener.<init>(ScreenshotListener.java:20)
at UtilityPack.BaseClass.<init>(BaseClass.java:41)
at UtilityPack.ScreenshotListener.<init>(ScreenshotListener.java:20)
at UtilityPack.BaseClass.<init>(BaseClass.java:41)
at UtilityPack.ScreenshotListener.<init>(ScreenshotListener.java:20)
at UtilityPack.BaseClass.<init>(BaseClass.java:41)
at UtilityPack.ScreenshotListener.<init>(ScreenshotListener.java:20)
at UtilityPack.BaseClass.<init>(BaseClass.java:41)
at UtilityPack.ScreenshotListener.<init>(ScreenshotListener.java:20)
at UtilityPack.BaseClass.<init>(BaseClass.java:41)
at UtilityPack.ScreenshotListener.<init>(ScreenshotListener.java:20)
at UtilityPack.BaseClass.<init>(BaseClass.java:41)
at UtilityPack.ScreenshotListener.<init>(ScreenshotListener.java:20)
at UtilityPack.BaseClass.<init>(BaseClass.java:41)
at UtilityPack.ScreenshotListener.<init>(ScreenshotListener.java:20)
at UtilityPack.BaseClass.<init>(BaseClass.java:41)
at UtilityPack.ScreenshotListener.<init>(ScreenshotListener.java:20)
at UtilityPack.BaseClass.<init>(BaseClass.java:41)
at UtilityPack.ScreenshotListener.<init>(ScreenshotListener.java:20)
at UtilityPack.BaseClass.<init>(BaseClass.java:41)
at UtilityPack.ScreenshotListener.<init>(ScreenshotListener.java:20)
at UtilityPack.BaseClass.<init>(BaseClass.java:41)
at UtilityPack.ScreenshotListener.<init>(ScreenshotListener.java:20)
at UtilityPack.BaseClass.<init>(BaseClass.java:41)
at UtilityPack.ScreenshotListener.<init>(ScreenshotListener.java:20)
at UtilityPack.BaseClass.<init>(BaseClass.java:41)
at UtilityPack.ScreenshotListener.<init>(ScreenshotListener.java:20)
at UtilityPack.BaseClass.<init>(BaseClass.java:41)
at UtilityPack.ScreenshotListener.<init>(ScreenshotListener.java:20)
at UtilityPack.BaseClass.<init>(BaseClass.java:41)
at UtilityPack.ScreenshotListener.<init>(ScreenshotListener.java:20)
at UtilityPack.BaseClass.<init>(BaseClass.java:41)
at UtilityPack.ScreenshotListener.<init>(ScreenshotListener.java:20)
at UtilityPack.BaseClass.<init>(BaseClass.java:41)
at UtilityPack.ScreenshotListener.<init>(ScreenshotListener.java:20)
at UtilityPack.BaseClass.<init>(BaseClass.java:41)
at UtilityPack.ScreenshotListener.<init>(ScreenshotListener.java:20)
at UtilityPack.BaseClass.<init>(BaseClass.java:41)
at UtilityPack.ScreenshotListener.<init>(ScreenshotListener.java:20)
at UtilityPack.BaseClass.<init>(BaseClass.java:41)
at UtilityPack.ScreenshotListener.<init>(ScreenshotListener.java:20)
at UtilityPack.BaseClass.<init>(BaseClass.java:41)
at UtilityPack.ScreenshotListener.<init>(ScreenshotListener.java:20)
at UtilityPack.BaseClass.<init>(BaseClass.java:41)
at UtilityPack.ScreenshotListener.<init>(ScreenshotListener.java:20)
at UtilityPack.BaseClass.<init>(BaseClass.java:41)
at UtilityPack.ScreenshotListener.<init>(ScreenshotListener.java:20)
at UtilityPack.BaseClass.<init>(BaseClass.java:41)
at UtilityPack.ScreenshotListener.<init>(ScreenshotListener.java:20)
at UtilityPack.BaseClass.<init>(BaseClass.java:41)
at UtilityPack.ScreenshotListener.<init>(ScreenshotListener.java:20)
at UtilityPack.BaseClass.<init>(BaseClass.java:41)
at UtilityPack.ScreenshotListener.<init>(ScreenshotListener.java:20)
at UtilityPack.BaseClass.<init>(BaseClass.java:41)
at UtilityPack.ScreenshotListener.<init>(ScreenshotListener.java:20)
at UtilityPack.BaseClass.<init>(BaseClass.java:41)
at UtilityPack.ScreenshotListener.<init>(ScreenshotListener.java:20)
at UtilityPack.BaseClass.<init>(BaseClass.java:41)
at UtilityPack.ScreenshotListener.<init>(ScreenshotListener.java:20)
at UtilityPack.BaseClass.<init>(BaseClass.java:41)
at UtilityPack.ScreenshotListener.<init>(ScreenshotListener.java:20)
at UtilityPack.BaseClass.<init>(BaseClass.java:41)
at UtilityPack.ScreenshotListener.<init>(ScreenshotListener.java:20)
at UtilityPack.BaseClass.<init>(BaseClass.java:41)
at UtilityPack.ScreenshotListener.<init>(ScreenshotListener.java:20)
at UtilityPack.BaseClass.<init>(BaseClass.java:41)
at UtilityPack.ScreenshotListener.<init>(ScreenshotListener.java:20)
at UtilityPack.BaseClass.<init>(BaseClass.java:41)
at UtilityPack.ScreenshotListener.<init>(ScreenshotListener.java:20)
at UtilityPack.BaseClass.<init>(BaseClass.java:41)
at UtilityPack.ScreenshotListener.<init>(ScreenshotListener.java:20)
at UtilityPack.BaseClass.<init>(BaseClass.java:41)
at UtilityPack.ScreenshotListener.<init>(ScreenshotListener.java:20)
at UtilityPack.BaseClass.<init>(BaseClass.java:41)
at UtilityPack.ScreenshotListener.<init>(ScreenshotListener.java:20)
at UtilityPack.BaseClass.<init>(BaseClass.java:41)
at UtilityPack.ScreenshotListener.<init>(ScreenshotListener.java:20)
at UtilityPack.BaseClass.<init>(BaseClass.java:41)
at UtilityPack.ScreenshotListener.<init>(ScreenshotListener.java:20)
at UtilityPack.BaseClass.<init>(BaseClass.java:41)
at UtilityPack.ScreenshotListener.<init>(ScreenshotListener.java:20)
at UtilityPack.BaseClass.<init>(BaseClass.java:41)
at UtilityPack.ScreenshotListener.<init>(ScreenshotListener.java:20)
at UtilityPack.BaseClass.<init>(BaseClass.java:41)
at UtilityPack.ScreenshotListener.<init>(ScreenshotListener.java:20)
at UtilityPack.BaseClass.<init>(BaseClass.java:41)
at UtilityPack.ScreenshotListener.<init>(ScreenshotListener.java:20)
at UtilityPack.BaseClass.<init>(BaseClass.java:41)
at UtilityPack.ScreenshotListener.<init>(ScreenshotListener.java:20)
at UtilityPack.BaseClass.<init>(BaseClass.java:41)
at UtilityPack.ScreenshotListener.<init>(ScreenshotListener.java:20)
at UtilityPack.BaseClass.<init>(BaseClass.java:41)
at UtilityPack.ScreenshotListener.<init>(ScreenshotListener.java:20)
at UtilityPack.BaseClass.<init>(BaseClass.java:41)
at UtilityPack.ScreenshotListener.<init>(ScreenshotListener.java:20)
at UtilityPack.BaseClass.<init>(BaseClass.java:41)
at UtilityPack.ScreenshotListener.<init>(ScreenshotListener.java:20)
at UtilityPack.BaseClass.<init>(BaseClass.java:41)
at UtilityPack.ScreenshotListener.<init>(ScreenshotListener.java:20)
at UtilityPack.BaseClass.<init>(BaseClass.java:41)
at UtilityPack.ScreenshotListener.<init>(ScreenshotListener.java:20)
at UtilityPack.BaseClass.<init>(BaseClass.java:41)
at UtilityPack.ScreenshotListener.<init>(ScreenshotListener.java:20)
at UtilityPack.BaseClass.<init>(BaseClass.java:41)
at UtilityPack.ScreenshotListener.<init>(ScreenshotListener.java:20)
at UtilityPack.BaseClass.<init>(BaseClass.java:41)
at UtilityPack.ScreenshotListener.<init>(ScreenshotListener.java:20)
at UtilityPack.BaseClass.<init>(BaseClass.java:41)
at UtilityPack.ScreenshotListener.<init>(ScreenshotListener.java:20)
at UtilityPack.BaseClass.<init>(BaseClass.java:41)
at UtilityPack.ScreenshotListener.<init>(ScreenshotListener.java:20)
at UtilityPack.BaseClass.<init>(BaseClass.java:41)
at UtilityPack.ScreenshotListener.<init>(ScreenshotListener.java:20)
at UtilityPack.BaseClass.<init>(BaseClass.java:41)
at UtilityPack.ScreenshotListener.<init>(ScreenshotListener.java:20)
at UtilityPack.BaseClass.<init>(BaseClass.java:41)
at UtilityPack.ScreenshotListener.<init>(ScreenshotListener.java:20)
at UtilityPack.BaseClass.<init>(BaseClass.java:41)
at UtilityPack.ScreenshotListener.<init>(ScreenshotListener.java:20)
at UtilityPack.BaseClass.<init>(BaseClass.java:41)
at UtilityPack.ScreenshotListener.<init>(ScreenshotListener.java:20)
at UtilityPack.BaseClass.<init>(BaseClass.java:41)
at UtilityPack.ScreenshotListener.<init>(ScreenshotListener.java:20)
at UtilityPack.BaseClass.<init>(BaseClass.java:41)
at UtilityPack.ScreenshotListener.<init>(ScreenshotListener.java:20)
at UtilityPack.BaseClass.<init>(BaseClass.java:41)
at UtilityPack.ScreenshotListener.<init>(ScreenshotListener.java:20)
at UtilityPack.BaseClass.<init>(BaseClass.java:41)
at UtilityPack.ScreenshotListener.<init>(ScreenshotListener.java:20)
at UtilityPack.BaseClass.<init>(BaseClass.java:41)
at UtilityPack.ScreenshotListener.<init>(ScreenshotListener.java:20)
at UtilityPack.BaseClass.<init>(BaseClass.java:41)
at UtilityPack.ScreenshotListener.<init>(ScreenshotListener.java:20)
at UtilityPack.BaseClass.<init>(BaseClass.java:41)
at UtilityPack.ScreenshotListener.<init>(ScreenshotListener.java:20)
at UtilityPack.BaseClass.<init>(BaseClass.java:41)
at UtilityPack.ScreenshotListener.<init>(ScreenshotListener.java:20)
at UtilityPack.BaseClass.<init>(BaseClass.java:41)
at UtilityPack.ScreenshotListener.<init>(ScreenshotListener.java:20)
at UtilityPack.BaseClass.<init>(BaseClass.java:41)
at UtilityPack.ScreenshotListener.<init>(ScreenshotListener.java:20)
at UtilityPack.BaseClass.<init>(BaseClass.java:41)
at UtilityPack.ScreenshotListener.<init>(ScreenshotListener.java:20)
at UtilityPack.BaseClass.<init>(BaseClass.java:41)
at UtilityPack.ScreenshotListener.<init>(ScreenshotListener.java:20)
at UtilityPack.BaseClass.<init>(BaseClass.java:41)
at UtilityPack.ScreenshotListener.<init>(ScreenshotListener.java:20)
at UtilityPack.BaseClass.<init>(BaseClass.java:41)
at UtilityPack.ScreenshotListener.<init>(ScreenshotListener.java:20)
at UtilityPack.BaseClass.<init>(BaseClass.java:41)
at UtilityPack.ScreenshotListener.<init>(ScreenshotListener.java:20)
at UtilityPack.BaseClass.<init>(BaseClass.java:41)
at UtilityPack.ScreenshotListener.<init>(ScreenshotListener.java:20)
at UtilityPack.BaseClass.<init>(BaseClass.java:41)
at UtilityPack.ScreenshotListener.<init>(ScreenshotListener.java:20)
at UtilityPack.BaseClass.<init>(BaseClass.java:41)
at UtilityPack.ScreenshotListener.<init>(ScreenshotListener.java:20)
at UtilityPack.BaseClass.<init>(BaseClass.java:41)
at UtilityPack.ScreenshotListener.<init>(ScreenshotListener.java:20)
at UtilityPack.BaseClass.<init>(BaseClass.java:41)
at UtilityPack.ScreenshotListener.<init>(ScreenshotListener.java:20)
at UtilityPack.BaseClass.<init>(BaseClass.java:41)
at UtilityPack.ScreenshotListener.<init>(ScreenshotListener.java:20)
at UtilityPack.BaseClass.<init>(BaseClass.java:41)
at UtilityPack.ScreenshotListener.<init>(ScreenshotListener.java:20)
at UtilityPack.BaseClass.<init>(BaseClass.java:41)
at UtilityPack.ScreenshotListener.<init>(ScreenshotListener.java:20)
at UtilityPack.BaseClass.<init>(BaseClass.java:41)
at UtilityPack.ScreenshotListener.<init>(ScreenshotListener.java:20)
at UtilityPack.BaseClass.<init>(BaseClass.java:41)
at UtilityPack.ScreenshotListener.<init>(ScreenshotListener.java:20)
at UtilityPack.BaseClass.<init>(BaseClass.java:41)
at UtilityPack.ScreenshotListener.<init>(ScreenshotListener.java:20)
at UtilityPack.BaseClass.<init>(BaseClass.java:41)
at UtilityPack.ScreenshotListener.<init>(ScreenshotListener.java:20)
at UtilityPack.BaseClass.<init>(BaseClass.java:41)
at UtilityPack.ScreenshotListener.<init>(ScreenshotListener.java:20)
at UtilityPack.BaseClass.<init>(BaseClass.java:41)
at UtilityPack.ScreenshotListener.<init>(ScreenshotListener.java:20)
at UtilityPack.BaseClass.<init>(BaseClass.java:41)
at UtilityPack.ScreenshotListener.<init>(ScreenshotListener.java:20)
at UtilityPack.BaseClass.<init>(BaseClass.java:41)
at UtilityPack.ScreenshotListener.<init>(ScreenshotListener.java:20)
at UtilityPack.BaseClass.<init>(BaseClass.java:41)
at UtilityPack.ScreenshotListener.<init>(ScreenshotListener.java:20)
at UtilityPack.BaseClass.<init>(BaseClass.java:41)
at UtilityPack.ScreenshotListener.<init>(ScreenshotListener.java:20)
at UtilityPack.BaseClass.<init>(BaseClass.java:41)
at UtilityPack.ScreenshotListener.<init>(ScreenshotListener.java:20)
at UtilityPack.BaseClass.<init>(BaseClass.java:41)
at UtilityPack.ScreenshotListener.<init>(ScreenshotListener.java:20)
at UtilityPack.BaseClass.<init>(BaseClass.java:41)
at UtilityPack.ScreenshotListener.<init>(ScreenshotListener.java:20)
at UtilityPack.BaseClass.<init>(BaseClass.java:41)
at UtilityPack.ScreenshotListener.<init>(ScreenshotListener.java:20)
at UtilityPack.BaseClass.<init>(BaseClass.java:41)
at UtilityPack.ScreenshotListener.<init>(ScreenshotListener.java:20)
at UtilityPack.BaseClass.<init>(BaseClass.java:41)
at UtilityPack.ScreenshotListener.<init>(ScreenshotListener.java:20)
at UtilityPack.BaseClass.<init>(BaseClass.java:41)
at UtilityPack.ScreenshotListener.<init>(ScreenshotListener.java:20)
at UtilityPack.BaseClass.<init>(BaseClass.java:41)
at UtilityPack.ScreenshotListener.<init>(ScreenshotListener.java:20)
at UtilityPack.BaseClass.<init>(BaseClass.java:41)
at UtilityPack.ScreenshotListener.<init>(ScreenshotListener.java:20)
at UtilityPack.BaseClass.<init>(BaseClass.java:41)
at UtilityPack.ScreenshotListener.<init>(ScreenshotListener.java:20)
at UtilityPack.BaseClass.<init>(BaseClass.java:41)
at UtilityPack.ScreenshotListener.<init>(ScreenshotListener.java:20)
at UtilityPack.BaseClass.<init>(BaseClass.java:41)
at UtilityPack.ScreenshotListener.<init>(ScreenshotListener.java:20)
at UtilityPack.BaseClass.<init>(BaseClass.java:41)
at UtilityPack.ScreenshotListener.<init>(ScreenshotListener.java:20)
at UtilityPack.BaseClass.<init>(BaseClass.java:41)
at UtilityPack.ScreenshotListener.<init>(ScreenshotListener.java:20)
at UtilityPack.BaseClass.<init>(BaseClass.java:41)
at UtilityPack.ScreenshotListener.<init>(ScreenshotListener.java:20)
at UtilityPack.BaseClass.<init>(BaseClass.java:41)
at UtilityPack.ScreenshotListener.<init>(ScreenshotListener.java:20)
at UtilityPack.BaseClass.<init>(BaseClass.java:41)
at UtilityPack.ScreenshotListener.<init>(ScreenshotListener.java:20)
at UtilityPack.BaseClass.<init>(BaseClass.java:41)
at UtilityPack.ScreenshotListener.<init>(ScreenshotListener.java:20)
at UtilityPack.BaseClass.<init>(BaseClass.java:41)
at UtilityPack.ScreenshotListener.<init>(ScreenshotListener.java:20)
at UtilityPack.BaseClass.<init>(BaseClass.java:41)
at UtilityPack.ScreenshotListener.<init>(ScreenshotListener.java:20)
at UtilityPack.BaseClass.<init>(BaseClass.java:41)
at UtilityPack.ScreenshotListener.<init>(ScreenshotListener.java:20)
at UtilityPack.BaseClass.<init>(BaseClass.java:41)
at UtilityPack.ScreenshotListener.<init>(ScreenshotListener.java:20)
at UtilityPack.BaseClass.<init>(BaseClass.java:41)
at UtilityPack.ScreenshotListener.<init>(ScreenshotListener.java:20)
at UtilityPack.BaseClass.<init>(BaseClass.java:41)
at UtilityPack.ScreenshotListener.<init>(ScreenshotListener.java:20)
at UtilityPack.BaseClass.<init>(BaseClass.java:41)
at UtilityPack.ScreenshotListener.<init>(ScreenshotListener.java:20)
at UtilityPack.BaseClass.<init>(BaseClass.java:41)
at UtilityPack.ScreenshotListener.<init>(ScreenshotListener.java:20)
at UtilityPack.BaseClass.<init>(BaseClass.java:41)
at UtilityPack.ScreenshotListener.<init>(ScreenshotListener.java:20)
at UtilityPack.BaseClass.<init>(BaseClass.java:41)
at UtilityPack.ScreenshotListener.<init>(ScreenshotListener.java:20)
at UtilityPack.BaseClass.<init>(BaseClass.java:41)
at UtilityPack.ScreenshotListener.<init>(ScreenshotListener.java:20)
at UtilityPack.BaseClass.<init>(BaseClass.java:41)
at UtilityPack.ScreenshotListener.<init>(ScreenshotListener.java:20)
at UtilityPack.BaseClass.<init>(BaseClass.java:41)
at UtilityPack.ScreenshotListener.<init>(ScreenshotListener.java:20)
at UtilityPack.BaseClass.<init>(BaseClass.java:41)
at UtilityPack.ScreenshotListener.<init>(ScreenshotListener.java:20)
at UtilityPack.BaseClass.<init>(BaseClass.java:41)
at UtilityPack.ScreenshotListener.<init>(ScreenshotListener.java:20)
at UtilityPack.BaseClass.<init>(BaseClass.java:41)
at UtilityPack.ScreenshotListener.<init>(ScreenshotListener.java:20)
at UtilityPack.BaseClass.<init>(BaseClass.java:41)
at UtilityPack.ScreenshotListener.<init>(ScreenshotListener.java:20)
at UtilityPack.BaseClass.<init>(BaseClass.java:41)
at UtilityPack.ScreenshotListener.<init>(ScreenshotListener.java:20)
at UtilityPack.BaseClass.<init>(BaseClass.java:41)
at UtilityPack.ScreenshotListener.<init>(ScreenshotListener.java:20)
at UtilityPack.BaseClass.<init>(BaseClass.java:41)
at UtilityPack.ScreenshotListener.<init>(ScreenshotListener.java:20)
at UtilityPack.BaseClass.<init>(BaseClass.java:41)
at UtilityPack.ScreenshotListener.<init>(ScreenshotListener.java:20)
at UtilityPack.BaseClass.<init>(BaseClass.java:41)
at UtilityPack.ScreenshotListener.<init>(ScreenshotListener.java:20)
at UtilityPack.BaseClass.<init>(BaseClass.java:41)
at UtilityPack.ScreenshotListener.<init>(ScreenshotListener.java:20)
at UtilityPack.BaseClass.<init>(BaseClass.java:41)
at UtilityPack.ScreenshotListener.<init>(ScreenshotListener.java:20)
at UtilityPack.BaseClass.<init>(BaseClass.java:41)
at UtilityPack.ScreenshotListener.<init>(ScreenshotListener.java:20)
at UtilityPack.BaseClass.<init>(BaseClass.java:41)
at UtilityPack.ScreenshotListener.<init>(ScreenshotListener.java:20)
at UtilityPack.BaseClass.<init>(BaseClass.java:41)
at UtilityPack.ScreenshotListener.<init>(ScreenshotListener.java:20)
at UtilityPack.BaseClass.<init>(BaseClass.java:41)
]]>
            </full-stacktrace>
          </exception> <!-- java.lang.StackOverflowError -->
          <reporter-output>
          </reporter-output>
        </test-method> <!-- googleSearchFlow -->
        <test-method is-config="true" signature="tearDown()[pri:0, instance:webTestCasess.TC_GoogleSearchDemo_Web@69ee81fc]" started-at="2026-02-26T22:47:02 IST" name="tearDown" finished-at="2026-02-26T22:47:02 IST" duration-ms="0" status="SKIP">
          <reporter-output>
          </reporter-output>
        </test-method> <!-- tearDown -->
      </class> <!-- webTestCasess.TC_GoogleSearchDemo_Web -->
    </test> <!-- HappyFlowForWeb -->
  </suite> <!-- Suite -->
</testng-results>
