<?xml version="1.0" encoding="UTF-8"?>
<!-- Generated by org.testng.reporters.JUnitReportReporter -->
<testsuite hostname="DESKTOP-60SA6VT" failures="0" tests="2" name="webTestCasess.TC_GoogleSearchDemo_Web" time="0.025" errors="1" timestamp="2026-02-26T22:47:02 IST" skipped="1">
  <testcase classname="webTestCasess.TC_GoogleSearchDemo_Web" name="googleSearchFlow" time="0.000">
    <skipped/>
  </testcase> <!-- googleSearchFlow -->
  <testcase classname="webTestCasess.TC_GoogleSearchDemo_Web" name="CreateDriver" time="0.025">
    <error type="java.lang.StackOverflowError">
      <![CDATA[java.lang.StackOverflowError
at UtilityPack.ScreenshotListener.<init>(ScreenshotListener.java:20)
at UtilityPack.BaseClass.<init>(BaseClass.java:41)
at UtilityPack.ScreenshotListener.<init>(ScreenshotListener.java:20)
at UtilityPack.BaseClass.<init>(BaseClass.java:41)
at UtilityPack.ScreenshotListener.<init>(ScreenshotListener.java:20)
at UtilityPack.BaseClass.<init>(BaseClass.java:41)
at UtilityPack.ScreenshotListener.<init>(ScreenshotListener.java:20)
at UtilityPack.BaseClass.<init>(BaseClass.java:41)
at UtilityPack.ScreenshotListener.<init>(ScreenshotListener.java:20)
at UtilityPack.BaseClass.<init>(BaseClass.java:41)
at UtilityPack.ScreenshotListener.<init>(ScreenshotListener.java:20)
at UtilityPack.BaseClass.<init>(BaseClass.java:41)
at UtilityPack.ScreenshotListener.<init>(ScreenshotListener.java:20)
at UtilityPack.BaseClass.<init>(BaseClass.java:41)
at UtilityPack.ScreenshotListener.<init>(ScreenshotListener.java:20)
at UtilityPack.BaseClass.<init>(BaseClass.java:41)
at UtilityPack.ScreenshotListener.<init>(ScreenshotListener.java:20)
at UtilityPack.BaseClass.<init>(BaseClass.java:41)
at UtilityPack.ScreenshotListener.<init>(ScreenshotListener.java:20)
at UtilityPack.BaseClass.<init>(BaseClass.java:41)
at UtilityPack.ScreenshotListener.<init>(ScreenshotListener.java:20)
at UtilityPack.BaseClass.<init>(BaseClass.java:41)
at UtilityPack.ScreenshotListener.<init>(ScreenshotListener.java:20)
at UtilityPack.BaseClass.<init>(BaseClass.java:41)
at UtilityPack.ScreenshotListener.<init>(ScreenshotListener.java:20)
at UtilityPack.BaseClass.<init>(BaseClass.java:41)
at UtilityPack.ScreenshotListener.<init>(ScreenshotListener.java:20)
at UtilityPack.BaseClass.<init>(BaseClass.java:41)
at UtilityPack.ScreenshotListener.<init>(ScreenshotListener.java:20)
at UtilityPack.BaseClass.<init>(BaseClass.java:41)
at UtilityPack.ScreenshotListener.<init>(ScreenshotListener.java:20)
at UtilityPack.BaseClass.<init>(BaseClass.java:41)
at UtilityPack.ScreenshotListener.<init>(ScreenshotListener.java:20)
at UtilityPack.BaseClass.<init>(BaseClass.java:41)
at UtilityPack.ScreenshotListener.<init>(ScreenshotListener.java:20)
at UtilityPack.BaseClass.<init>(BaseClass.java:41)
at UtilityPack.ScreenshotListener.<init>(ScreenshotListener.java:20)
at UtilityPack.BaseClass.<init>(BaseClass.java:41)
at UtilityPack.ScreenshotListener.<init>(ScreenshotListener.java:20)
at UtilityPack.BaseClass.<init>(BaseClass.java:41)
at UtilityPack.ScreenshotListener.<init>(ScreenshotListener.java:20)
at UtilityPack.BaseClass.<init>(BaseClass.java:41)
at UtilityPack.ScreenshotListener.<init>(ScreenshotListener.java:20)
at UtilityPack.BaseClass.<init>(BaseClass.java:41)
at UtilityPack.ScreenshotListener.<init>(ScreenshotListener.java:20)
at UtilityPack.BaseClass.<init>(BaseClass.java:41)
at UtilityPack.ScreenshotListener.<init>(ScreenshotListener.java:20)
at UtilityPack.BaseClass.<init>(BaseClass.java:41)
at UtilityPack.ScreenshotListener.<init>(ScreenshotListener.java:20)
at UtilityPack.BaseClass.<init>(BaseClass.java:41)
at UtilityPack.ScreenshotListener.<init>(ScreenshotListener.java:20)
at UtilityPack.BaseClass.<init>(BaseClass.java:41)
at UtilityPack.ScreenshotListener.<init>(ScreenshotListener.java:20)
at UtilityPack.BaseClass.<init>(BaseClass.java:41)
at UtilityPack.ScreenshotListener.<init>(ScreenshotListener.java:20)
at UtilityPack.BaseClass.<init>(BaseClass.java:41)
at UtilityPack.ScreenshotListener.<init>(ScreenshotListener.java:20)
at UtilityPack.BaseClass.<init>(BaseClass.java:41)
at UtilityPack.ScreenshotListener.<init>(ScreenshotListener.java:20)
at UtilityPack.BaseClass.<init>(BaseClass.java:41)
at UtilityPack.ScreenshotListener.<init>(ScreenshotListener.java:20)
at UtilityPack.BaseClass.<init>(BaseClass.java:41)
at UtilityPack.ScreenshotListener.<init>(ScreenshotListener.java:20)
at UtilityPack.BaseClass.<init>(BaseClass.java:41)
at UtilityPack.ScreenshotListener.<init>(ScreenshotListener.java:20)
at UtilityPack.BaseClass.<init>(BaseClass.java:41)
at UtilityPack.ScreenshotListener.<init>(ScreenshotListener.java:20)
at UtilityPack.BaseClass.<init>(BaseClass.java:41)
at UtilityPack.ScreenshotListener.<init>(ScreenshotListener.java:20)
at UtilityPack.BaseClass.<init>(BaseClass.java:41)
at UtilityPack.ScreenshotListener.<init>(ScreenshotListener.java:20)
at UtilityPack.BaseClass.<init>(BaseClass.java:41)
at UtilityPack.ScreenshotListener.<init>(ScreenshotListener.java:20)
at UtilityPack.BaseClass.<init>(BaseClass.java:41)
at UtilityPack.ScreenshotListener.<init>(ScreenshotListener.java:20)
at UtilityPack.BaseClass.<init>(BaseClass.java:41)
at UtilityPack.ScreenshotListener.<init>(ScreenshotListener.java:20)
at UtilityPack.BaseClass.<init>(BaseClass.java:41)
at UtilityPack.ScreenshotListener.<init>(ScreenshotListener.java:20)
at UtilityPack.BaseClass.<init>(BaseClass.java:41)
at UtilityPack.ScreenshotListener.<init>(ScreenshotListener.java:20)
at UtilityPack.BaseClass.<init>(BaseClass.java:41)
at UtilityPack.ScreenshotListener.<init>(ScreenshotListener.java:20)
at UtilityPack.BaseClass.<init>(BaseClass.java:41)
at UtilityPack.ScreenshotListener.<init>(ScreenshotListener.java:20)
at UtilityPack.BaseClass.<init>(BaseClass.java:41)
at UtilityPack.ScreenshotListener.<init>(ScreenshotListener.java:20)
at UtilityPack.BaseClass.<init>(BaseClass.java:41)
at UtilityPack.ScreenshotListener.<init>(ScreenshotListener.java:20)
at UtilityPack.BaseClass.<init>(BaseClass.java:41)
at UtilityPack.ScreenshotListener.<init>(ScreenshotListener.java:20)
at UtilityPack.BaseClass.<init>(BaseClass.java:41)
at UtilityPack.ScreenshotListener.<init>(ScreenshotListener.java:20)
at UtilityPack.BaseClass.<init>(BaseClass.java:41)
at UtilityPack.ScreenshotListener.<init>(ScreenshotListener.java:20)
at UtilityPack.BaseClass.<init>(BaseClass.java:41)
at UtilityPack.ScreenshotListener.<init>(ScreenshotListener.java:20)
at UtilityPack.BaseClass.<init>(BaseClass.java:41)
at UtilityPack.ScreenshotListener.<init>(ScreenshotListener.java:20)
at UtilityPack.BaseClass.<init>(BaseClass.java:41)
at UtilityPack.ScreenshotListener.<init>(ScreenshotListener.java:20)
at UtilityPack.BaseClass.<init>(BaseClass.java:41)
at UtilityPack.ScreenshotListener.<init>(ScreenshotListener.java:20)
at UtilityPack.BaseClass.<init>(BaseClass.java:41)
at UtilityPack.ScreenshotListener.<init>(ScreenshotListener.java:20)
at UtilityPack.BaseClass.<init>(BaseClass.java:41)
at UtilityPack.ScreenshotListener.<init>(ScreenshotListener.java:20)
at UtilityPack.BaseClass.<init>(BaseClass.java:41)
at UtilityPack.ScreenshotListener.<init>(ScreenshotListener.java:20)
at UtilityPack.BaseClass.<init>(BaseClass.java:41)
at UtilityPack.ScreenshotListener.<init>(ScreenshotListener.java:20)
at UtilityPack.BaseClass.<init>(BaseClass.java:41)
at UtilityPack.ScreenshotListener.<init>(ScreenshotListener.java:20)
at UtilityPack.BaseClass.<init>(BaseClass.java:41)
at UtilityPack.ScreenshotListener.<init>(ScreenshotListener.java:20)
at UtilityPack.BaseClass.<init>(BaseClass.java:41)
at UtilityPack.ScreenshotListener.<init>(ScreenshotListener.java:20)
at UtilityPack.BaseClass.<init>(BaseClass.java:41)
at UtilityPack.ScreenshotListener.<init>(ScreenshotListener.java:20)
at UtilityPack.BaseClass.<init>(BaseClass.java:41)
at UtilityPack.ScreenshotListener.<init>(ScreenshotListener.java:20)
at UtilityPack.BaseClass.<init>(BaseClass.java:41)
at UtilityPack.ScreenshotListener.<init>(ScreenshotListener.java:20)
at UtilityPack.BaseClass.<init>(BaseClass.java:41)
at UtilityPack.ScreenshotListener.<init>(ScreenshotListener.java:20)
at UtilityPack.BaseClass.<init>(BaseClass.java:41)
at UtilityPack.ScreenshotListener.<init>(ScreenshotListener.java:20)
at UtilityPack.BaseClass.<init>(BaseClass.java:41)
at UtilityPack.ScreenshotListener.<init>(ScreenshotListener.java:20)
at UtilityPack.BaseClass.<init>(BaseClass.java:41)
at UtilityPack.ScreenshotListener.<init>(ScreenshotListener.java:20)
at UtilityPack.BaseClass.<init>(BaseClass.java:41)
at UtilityPack.ScreenshotListener.<init>(ScreenshotListener.java:20)
at UtilityPack.BaseClass.<init>(BaseClass.java:41)
at UtilityPack.ScreenshotListener.<init>(ScreenshotListener.java:20)
at UtilityPack.BaseClass.<init>(BaseClass.java:41)
at UtilityPack.ScreenshotListener.<init>(ScreenshotListener.java:20)
at UtilityPack.BaseClass.<init>(BaseClass.java:41)
at UtilityPack.ScreenshotListener.<init>(ScreenshotListener.java:20)
at UtilityPack.BaseClass.<init>(BaseClass.java:41)
at UtilityPack.ScreenshotListener.<init>(ScreenshotListener.java:20)
at UtilityPack.BaseClass.<init>(BaseClass.java:41)
at UtilityPack.ScreenshotListener.<init>(ScreenshotListener.java:20)
at UtilityPack.BaseClass.<init>(BaseClass.java:41)
at UtilityPack.ScreenshotListener.<init>(ScreenshotListener.java:20)
at UtilityPack.BaseClass.<init>(BaseClass.java:41)
at UtilityPack.ScreenshotListener.<init>(ScreenshotListener.java:20)
at UtilityPack.BaseClass.<init>(BaseClass.java:41)
at UtilityPack.ScreenshotListener.<init>(ScreenshotListener.java:20)
at UtilityPack.BaseClass.<init>(BaseClass.java:41)
at UtilityPack.ScreenshotListener.<init>(ScreenshotListener.java:20)
at UtilityPack.BaseClass.<init>(BaseClass.java:41)
at UtilityPack.ScreenshotListener.<init>(ScreenshotListener.java:20)
at UtilityPack.BaseClass.<init>(BaseClass.java:41)
at UtilityPack.ScreenshotListener.<init>(ScreenshotListener.java:20)
at UtilityPack.BaseClass.<init>(BaseClass.java:41)
at UtilityPack.ScreenshotListener.<init>(ScreenshotListener.java:20)
at UtilityPack.BaseClass.<init>(BaseClass.java:41)
at UtilityPack.ScreenshotListener.<init>(ScreenshotListener.java:20)
at UtilityPack.BaseClass.<init>(BaseClass.java:41)
at UtilityPack.ScreenshotListener.<init>(ScreenshotListener.java:20)
at UtilityPack.BaseClass.<init>(BaseClass.java:41)
at UtilityPack.ScreenshotListener.<init>(ScreenshotListener.java:20)
at UtilityPack.BaseClass.<init>(BaseClass.java:41)
at UtilityPack.ScreenshotListener.<init>(ScreenshotListener.java:20)
at UtilityPack.BaseClass.<init>(BaseClass.java:41)
at UtilityPack.ScreenshotListener.<init>(ScreenshotListener.java:20)
at UtilityPack.BaseClass.<init>(BaseClass.java:41)
at UtilityPack.ScreenshotListener.<init>(ScreenshotListener.java:20)
at UtilityPack.BaseClass.<init>(BaseClass.java:41)
at UtilityPack.ScreenshotListener.<init>(ScreenshotListener.java:20)
at UtilityPack.BaseClass.<init>(BaseClass.java:41)
at UtilityPack.ScreenshotListener.<init>(ScreenshotListener.java:20)
at UtilityPack.BaseClass.<init>(BaseClass.java:41)
at UtilityPack.ScreenshotListener.<init>(ScreenshotListener.java:20)
at UtilityPack.BaseClass.<init>(BaseClass.java:41)
at UtilityPack.ScreenshotListener.<init>(ScreenshotListener.java:20)
at UtilityPack.BaseClass.<init>(BaseClass.java:41)
at UtilityPack.ScreenshotListener.<init>(ScreenshotListener.java:20)
at UtilityPack.BaseClass.<init>(BaseClass.java:41)
at UtilityPack.ScreenshotListener.<init>(ScreenshotListener.java:20)
at UtilityPack.BaseClass.<init>(BaseClass.java:41)
at UtilityPack.ScreenshotListener.<init>(ScreenshotListener.java:20)
at UtilityPack.BaseClass.<init>(BaseClass.java:41)
at UtilityPack.ScreenshotListener.<init>(ScreenshotListener.java:20)
at UtilityPack.BaseClass.<init>(BaseClass.java:41)
at UtilityPack.ScreenshotListener.<init>(ScreenshotListener.java:20)
at UtilityPack.BaseClass.<init>(BaseClass.java:41)
at UtilityPack.ScreenshotListener.<init>(ScreenshotListener.java:20)
at UtilityPack.BaseClass.<init>(BaseClass.java:41)
at UtilityPack.ScreenshotListener.<init>(ScreenshotListener.java:20)
at UtilityPack.BaseClass.<init>(BaseClass.java:41)
at UtilityPack.ScreenshotListener.<init>(ScreenshotListener.java:20)
at UtilityPack.BaseClass.<init>(BaseClass.java:41)
at UtilityPack.ScreenshotListener.<init>(ScreenshotListener.java:20)
at UtilityPack.BaseClass.<init>(BaseClass.java:41)
at UtilityPack.ScreenshotListener.<init>(ScreenshotListener.java:20)
at UtilityPack.BaseClass.<init>(BaseClass.java:41)
at UtilityPack.ScreenshotListener.<init>(ScreenshotListener.java:20)
at UtilityPack.BaseClass.<init>(BaseClass.java:41)
at UtilityPack.ScreenshotListener.<init>(ScreenshotListener.java:20)
at UtilityPack.BaseClass.<init>(BaseClass.java:41)
at UtilityPack.ScreenshotListener.<init>(ScreenshotListener.java:20)
at UtilityPack.BaseClass.<init>(BaseClass.java:41)
at UtilityPack.ScreenshotListener.<init>(ScreenshotListener.java:20)
at UtilityPack.BaseClass.<init>(BaseClass.java:41)
at UtilityPack.ScreenshotListener.<init>(ScreenshotListener.java:20)
at UtilityPack.BaseClass.<init>(BaseClass.java:41)
at UtilityPack.ScreenshotListener.<init>(ScreenshotListener.java:20)
at UtilityPack.BaseClass.<init>(BaseClass.java:41)
at UtilityPack.ScreenshotListener.<init>(ScreenshotListener.java:20)
at UtilityPack.BaseClass.<init>(BaseClass.java:41)
at UtilityPack.ScreenshotListener.<init>(ScreenshotListener.java:20)
at UtilityPack.BaseClass.<init>(BaseClass.java:41)
at UtilityPack.ScreenshotListener.<init>(ScreenshotListener.java:20)
at UtilityPack.BaseClass.<init>(BaseClass.java:41)
at UtilityPack.ScreenshotListener.<init>(ScreenshotListener.java:20)
at UtilityPack.BaseClass.<init>(BaseClass.java:41)
at UtilityPack.ScreenshotListener.<init>(ScreenshotListener.java:20)
at UtilityPack.BaseClass.<init>(BaseClass.java:41)
at UtilityPack.ScreenshotListener.<init>(ScreenshotListener.java:20)
at UtilityPack.BaseClass.<init>(BaseClass.java:41)
at UtilityPack.ScreenshotListener.<init>(ScreenshotListener.java:20)
at UtilityPack.BaseClass.<init>(BaseClass.java:41)
at UtilityPack.ScreenshotListener.<init>(ScreenshotListener.java:20)
at UtilityPack.BaseClass.<init>(BaseClass.java:41)
at UtilityPack.ScreenshotListener.<init>(ScreenshotListener.java:20)
at UtilityPack.BaseClass.<init>(BaseClass.java:41)
at UtilityPack.ScreenshotListener.<init>(ScreenshotListener.java:20)
at UtilityPack.BaseClass.<init>(BaseClass.java:41)
at UtilityPack.ScreenshotListener.<init>(ScreenshotListener.java:20)
at UtilityPack.BaseClass.<init>(BaseClass.java:41)
at UtilityPack.ScreenshotListener.<init>(ScreenshotListener.java:20)
at UtilityPack.BaseClass.<init>(BaseClass.java:41)
at UtilityPack.ScreenshotListener.<init>(ScreenshotListener.java:20)
at UtilityPack.BaseClass.<init>(BaseClass.java:41)
at UtilityPack.ScreenshotListener.<init>(ScreenshotListener.java:20)
at UtilityPack.BaseClass.<init>(BaseClass.java:41)
at UtilityPack.ScreenshotListener.<init>(ScreenshotListener.java:20)
at UtilityPack.BaseClass.<init>(BaseClass.java:41)
at UtilityPack.ScreenshotListener.<init>(ScreenshotListener.java:20)
at UtilityPack.BaseClass.<init>(BaseClass.java:41)
at UtilityPack.ScreenshotListener.<init>(ScreenshotListener.java:20)
at UtilityPack.BaseClass.<init>(BaseClass.java:41)
at UtilityPack.ScreenshotListener.<init>(ScreenshotListener.java:20)
at UtilityPack.BaseClass.<init>(BaseClass.java:41)
at UtilityPack.ScreenshotListener.<init>(ScreenshotListener.java:20)
at UtilityPack.BaseClass.<init>(BaseClass.java:41)
at UtilityPack.ScreenshotListener.<init>(ScreenshotListener.java:20)
at UtilityPack.BaseClass.<init>(BaseClass.java:41)
at UtilityPack.ScreenshotListener.<init>(ScreenshotListener.java:20)
at UtilityPack.BaseClass.<init>(BaseClass.java:41)
at UtilityPack.ScreenshotListener.<init>(ScreenshotListener.java:20)
at UtilityPack.BaseClass.<init>(BaseClass.java:41)
at UtilityPack.ScreenshotListener.<init>(ScreenshotListener.java:20)
at UtilityPack.BaseClass.<init>(BaseClass.java:41)
at UtilityPack.ScreenshotListener.<init>(ScreenshotListener.java:20)
at UtilityPack.BaseClass.<init>(BaseClass.java:41)
at UtilityPack.ScreenshotListener.<init>(ScreenshotListener.java:20)
at UtilityPack.BaseClass.<init>(BaseClass.java:41)
at UtilityPack.ScreenshotListener.<init>(ScreenshotListener.java:20)
at UtilityPack.BaseClass.<init>(BaseClass.java:41)
at UtilityPack.ScreenshotListener.<init>(ScreenshotListener.java:20)
at UtilityPack.BaseClass.<init>(BaseClass.java:41)
at UtilityPack.ScreenshotListener.<init>(ScreenshotListener.java:20)
at UtilityPack.BaseClass.<init>(BaseClass.java:41)
at UtilityPack.ScreenshotListener.<init>(ScreenshotListener.java:20)
at UtilityPack.BaseClass.<init>(BaseClass.java:41)
at UtilityPack.ScreenshotListener.<init>(ScreenshotListener.java:20)
at UtilityPack.BaseClass.<init>(BaseClass.java:41)
at UtilityPack.ScreenshotListener.<init>(ScreenshotListener.java:20)
at UtilityPack.BaseClass.<init>(BaseClass.java:41)
at UtilityPack.ScreenshotListener.<init>(ScreenshotListener.java:20)
at UtilityPack.BaseClass.<init>(BaseClass.java:41)
at UtilityPack.ScreenshotListener.<init>(ScreenshotListener.java:20)
at UtilityPack.BaseClass.<init>(BaseClass.java:41)
at UtilityPack.ScreenshotListener.<init>(ScreenshotListener.java:20)
at UtilityPack.BaseClass.<init>(BaseClass.java:41)
at UtilityPack.ScreenshotListener.<init>(ScreenshotListener.java:20)
at UtilityPack.BaseClass.<init>(BaseClass.java:41)
at UtilityPack.ScreenshotListener.<init>(ScreenshotListener.java:20)
at UtilityPack.BaseClass.<init>(BaseClass.java:41)
at UtilityPack.ScreenshotListener.<init>(ScreenshotListener.java:20)
at UtilityPack.BaseClass.<init>(BaseClass.java:41)
at UtilityPack.ScreenshotListener.<init>(ScreenshotListener.java:20)
at UtilityPack.BaseClass.<init>(BaseClass.java:41)
at UtilityPack.ScreenshotListener.<init>(ScreenshotListener.java:20)
at UtilityPack.BaseClass.<init>(BaseClass.java:41)
at UtilityPack.ScreenshotListener.<init>(ScreenshotListener.java:20)
at UtilityPack.BaseClass.<init>(BaseClass.java:41)
at UtilityPack.ScreenshotListener.<init>(ScreenshotListener.java:20)
at UtilityPack.BaseClass.<init>(BaseClass.java:41)
at UtilityPack.ScreenshotListener.<init>(ScreenshotListener.java:20)
at UtilityPack.BaseClass.<init>(BaseClass.java:41)
at UtilityPack.ScreenshotListener.<init>(ScreenshotListener.java:20)
at UtilityPack.BaseClass.<init>(BaseClass.java:41)
at UtilityPack.ScreenshotListener.<init>(ScreenshotListener.java:20)
at UtilityPack.BaseClass.<init>(BaseClass.java:41)
at UtilityPack.ScreenshotListener.<init>(ScreenshotListener.java:20)
at UtilityPack.BaseClass.<init>(BaseClass.java:41)
at UtilityPack.ScreenshotListener.<init>(ScreenshotListener.java:20)
at UtilityPack.BaseClass.<init>(BaseClass.java:41)
at UtilityPack.ScreenshotListener.<init>(ScreenshotListener.java:20)
at UtilityPack.BaseClass.<init>(BaseClass.java:41)
at UtilityPack.ScreenshotListener.<init>(ScreenshotListener.java:20)
at UtilityPack.BaseClass.<init>(BaseClass.java:41)
at UtilityPack.ScreenshotListener.<init>(ScreenshotListener.java:20)
at UtilityPack.BaseClass.<init>(BaseClass.java:41)
at UtilityPack.ScreenshotListener.<init>(ScreenshotListener.java:20)
at UtilityPack.BaseClass.<init>(BaseClass.java:41)
at UtilityPack.ScreenshotListener.<init>(ScreenshotListener.java:20)
at UtilityPack.BaseClass.<init>(BaseClass.java:41)
at UtilityPack.ScreenshotListener.<init>(ScreenshotListener.java:20)
at UtilityPack.BaseClass.<init>(BaseClass.java:41)
at UtilityPack.ScreenshotListener.<init>(ScreenshotListener.java:20)
at UtilityPack.BaseClass.<init>(BaseClass.java:41)
at UtilityPack.ScreenshotListener.<init>(ScreenshotListener.java:20)
at UtilityPack.BaseClass.<init>(BaseClass.java:41)
at UtilityPack.ScreenshotListener.<init>(ScreenshotListener.java:20)
at UtilityPack.BaseClass.<init>(BaseClass.java:41)
at UtilityPack.ScreenshotListener.<init>(ScreenshotListener.java:20)
at UtilityPack.BaseClass.<init>(BaseClass.java:41)
at UtilityPack.ScreenshotListener.<init>(ScreenshotListener.java:20)
at UtilityPack.BaseClass.<init>(BaseClass.java:41)
at UtilityPack.ScreenshotListener.<init>(ScreenshotListener.java:20)
at UtilityPack.BaseClass.<init>(BaseClass.java:41)
at UtilityPack.ScreenshotListener.<init>(ScreenshotListener.java:20)
at UtilityPack.BaseClass.<init>(BaseClass.java:41)
at UtilityPack.ScreenshotListener.<init>(ScreenshotListener.java:20)
at UtilityPack.BaseClass.<init>(BaseClass.java:41)
at UtilityPack.ScreenshotListener.<init>(ScreenshotListener.java:20)
at UtilityPack.BaseClass.<init>(BaseClass.java:41)
at UtilityPack.ScreenshotListener.<init>(ScreenshotListener.java:20)
at UtilityPack.BaseClass.<init>(BaseClass.java:41)
at UtilityPack.ScreenshotListener.<init>(ScreenshotListener.java:20)
at UtilityPack.BaseClass.<init>(BaseClass.java:41)
at UtilityPack.ScreenshotListener.<init>(ScreenshotListener.java:20)
at UtilityPack.BaseClass.<init>(BaseClass.java:41)
at UtilityPack.ScreenshotListener.<init>(ScreenshotListener.java:20)
at UtilityPack.BaseClass.<init>(BaseClass.java:41)
at UtilityPack.ScreenshotListener.<init>(ScreenshotListener.java:20)
at UtilityPack.BaseClass.<init>(BaseClass.java:41)
at UtilityPack.ScreenshotListener.<init>(ScreenshotListener.java:20)
at UtilityPack.BaseClass.<init>(BaseClass.java:41)
at UtilityPack.ScreenshotListener.<init>(ScreenshotListener.java:20)
at UtilityPack.BaseClass.<init>(BaseClass.java:41)
at UtilityPack.ScreenshotListener.<init>(ScreenshotListener.java:20)
at UtilityPack.BaseClass.<init>(BaseClass.java:41)
at UtilityPack.ScreenshotListener.<init>(ScreenshotListener.java:20)
at UtilityPack.BaseClass.<init>(BaseClass.java:41)
at UtilityPack.ScreenshotListener.<init>(ScreenshotListener.java:20)
at UtilityPack.BaseClass.<init>(BaseClass.java:41)
at UtilityPack.ScreenshotListener.<init>(ScreenshotListener.java:20)
at UtilityPack.BaseClass.<init>(BaseClass.java:41)
at UtilityPack.ScreenshotListener.<init>(ScreenshotListener.java:20)
at UtilityPack.BaseClass.<init>(BaseClass.java:41)
at UtilityPack.ScreenshotListener.<init>(ScreenshotListener.java:20)
at UtilityPack.BaseClass.<init>(BaseClass.java:41)
at UtilityPack.ScreenshotListener.<init>(ScreenshotListener.java:20)
at UtilityPack.BaseClass.<init>(BaseClass.java:41)
at UtilityPack.ScreenshotListener.<init>(ScreenshotListener.java:20)
at UtilityPack.BaseClass.<init>(BaseClass.java:41)
at UtilityPack.ScreenshotListener.<init>(ScreenshotListener.java:20)
at UtilityPack.BaseClass.<init>(BaseClass.java:41)
at UtilityPack.ScreenshotListener.<init>(ScreenshotListener.java:20)
at UtilityPack.BaseClass.<init>(BaseClass.java:41)
at UtilityPack.ScreenshotListener.<init>(ScreenshotListener.java:20)
at UtilityPack.BaseClass.<init>(BaseClass.java:41)
at UtilityPack.ScreenshotListener.<init>(ScreenshotListener.java:20)
at UtilityPack.BaseClass.<init>(BaseClass.java:41)
at UtilityPack.ScreenshotListener.<init>(ScreenshotListener.java:20)
at UtilityPack.BaseClass.<init>(BaseClass.java:41)
at UtilityPack.ScreenshotListener.<init>(ScreenshotListener.java:20)
at UtilityPack.BaseClass.<init>(BaseClass.java:41)
at UtilityPack.ScreenshotListener.<init>(ScreenshotListener.java:20)
at UtilityPack.BaseClass.<init>(BaseClass.java:41)
at UtilityPack.ScreenshotListener.<init>(ScreenshotListener.java:20)
at UtilityPack.BaseClass.<init>(BaseClass.java:41)
at UtilityPack.ScreenshotListener.<init>(ScreenshotListener.java:20)
at UtilityPack.BaseClass.<init>(BaseClass.java:41)
at UtilityPack.ScreenshotListener.<init>(ScreenshotListener.java:20)
at UtilityPack.BaseClass.<init>(BaseClass.java:41)
at UtilityPack.ScreenshotListener.<init>(ScreenshotListener.java:20)
at UtilityPack.BaseClass.<init>(BaseClass.java:41)
at UtilityPack.ScreenshotListener.<init>(ScreenshotListener.java:20)
at UtilityPack.BaseClass.<init>(BaseClass.java:41)
at UtilityPack.ScreenshotListener.<init>(ScreenshotListener.java:20)
at UtilityPack.BaseClass.<init>(BaseClass.java:41)
at UtilityPack.ScreenshotListener.<init>(ScreenshotListener.java:20)
at UtilityPack.BaseClass.<init>(BaseClass.java:41)
at UtilityPack.ScreenshotListener.<init>(ScreenshotListener.java:20)
at UtilityPack.BaseClass.<init>(BaseClass.java:41)
at UtilityPack.ScreenshotListener.<init>(ScreenshotListener.java:20)
at UtilityPack.BaseClass.<init>(BaseClass.java:41)
at UtilityPack.ScreenshotListener.<init>(ScreenshotListener.java:20)
at UtilityPack.BaseClass.<init>(BaseClass.java:41)
at UtilityPack.ScreenshotListener.<init>(ScreenshotListener.java:20)
at UtilityPack.BaseClass.<init>(BaseClass.java:41)
at UtilityPack.ScreenshotListener.<init>(ScreenshotListener.java:20)
at UtilityPack.BaseClass.<init>(BaseClass.java:41)
at UtilityPack.ScreenshotListener.<init>(ScreenshotListener.java:20)
at UtilityPack.BaseClass.<init>(BaseClass.java:41)
at UtilityPack.ScreenshotListener.<init>(ScreenshotListener.java:20)
at UtilityPack.BaseClass.<init>(BaseClass.java:41)
at UtilityPack.ScreenshotListener.<init>(ScreenshotListener.java:20)
at UtilityPack.BaseClass.<init>(BaseClass.java:41)
at UtilityPack.ScreenshotListener.<init>(ScreenshotListener.java:20)
at UtilityPack.BaseClass.<init>(BaseClass.java:41)
at UtilityPack.ScreenshotListener.<init>(ScreenshotListener.java:20)
at UtilityPack.BaseClass.<init>(BaseClass.java:41)
at UtilityPack.ScreenshotListener.<init>(ScreenshotListener.java:20)
at UtilityPack.BaseClass.<init>(BaseClass.java:41)
at UtilityPack.ScreenshotListener.<init>(ScreenshotListener.java:20)
at UtilityPack.BaseClass.<init>(BaseClass.java:41)
at UtilityPack.ScreenshotListener.<init>(ScreenshotListener.java:20)
at UtilityPack.BaseClass.<init>(BaseClass.java:41)
at UtilityPack.ScreenshotListener.<init>(ScreenshotListener.java:20)
at UtilityPack.BaseClass.<init>(BaseClass.java:41)
at UtilityPack.ScreenshotListener.<init>(ScreenshotListener.java:20)
at UtilityPack.BaseClass.<init>(BaseClass.java:41)
at UtilityPack.ScreenshotListener.<init>(ScreenshotListener.java:20)
at UtilityPack.BaseClass.<init>(BaseClass.java:41)
at UtilityPack.ScreenshotListener.<init>(ScreenshotListener.java:20)
at UtilityPack.BaseClass.<init>(BaseClass.java:41)
at UtilityPack.ScreenshotListener.<init>(ScreenshotListener.java:20)
at UtilityPack.BaseClass.<init>(BaseClass.java:41)
at UtilityPack.ScreenshotListener.<init>(ScreenshotListener.java:20)
at UtilityPack.BaseClass.<init>(BaseClass.java:41)
at UtilityPack.ScreenshotListener.<init>(ScreenshotListener.java:20)
at UtilityPack.BaseClass.<init>(BaseClass.java:41)
at UtilityPack.ScreenshotListener.<init>(ScreenshotListener.java:20)
at UtilityPack.BaseClass.<init>(BaseClass.java:41)
at UtilityPack.ScreenshotListener.<init>(ScreenshotListener.java:20)
at UtilityPack.BaseClass.<init>(BaseClass.java:41)
at UtilityPack.ScreenshotListener.<init>(ScreenshotListener.java:20)
at UtilityPack.BaseClass.<init>(BaseClass.java:41)
at UtilityPack.ScreenshotListener.<init>(ScreenshotListener.java:20)
at UtilityPack.BaseClass.<init>(BaseClass.java:41)
at UtilityPack.ScreenshotListener.<init>(ScreenshotListener.java:20)
at UtilityPack.BaseClass.<init>(BaseClass.java:41)
at UtilityPack.ScreenshotListener.<init>(ScreenshotListener.java:20)
at UtilityPack.BaseClass.<init>(BaseClass.java:41)
at UtilityPack.ScreenshotListener.<init>(ScreenshotListener.java:20)
at UtilityPack.BaseClass.<init>(BaseClass.java:41)
at UtilityPack.ScreenshotListener.<init>(ScreenshotListener.java:20)
at UtilityPack.BaseClass.<init>(BaseClass.java:41)
at UtilityPack.ScreenshotListener.<init>(ScreenshotListener.java:20)
at UtilityPack.BaseClass.<init>(BaseClass.java:41)
at UtilityPack.ScreenshotListener.<init>(ScreenshotListener.java:20)
at UtilityPack.BaseClass.<init>(BaseClass.java:41)
at UtilityPack.ScreenshotListener.<init>(ScreenshotListener.java:20)
at UtilityPack.BaseClass.<init>(BaseClass.java:41)
at UtilityPack.ScreenshotListener.<init>(ScreenshotListener.java:20)
at UtilityPack.BaseClass.<init>(BaseClass.java:41)
at UtilityPack.ScreenshotListener.<init>(ScreenshotListener.java:20)
at UtilityPack.BaseClass.<init>(BaseClass.java:41)
at UtilityPack.ScreenshotListener.<init>(ScreenshotListener.java:20)
at UtilityPack.BaseClass.<init>(BaseClass.java:41)
at UtilityPack.ScreenshotListener.<init>(ScreenshotListener.java:20)
at UtilityPack.BaseClass.<init>(BaseClass.java:41)
at UtilityPack.ScreenshotListener.<init>(ScreenshotListener.java:20)
at UtilityPack.BaseClass.<init>(BaseClass.java:41)
at UtilityPack.ScreenshotListener.<init>(ScreenshotListener.java:20)
at UtilityPack.BaseClass.<init>(BaseClass.java:41)
at UtilityPack.ScreenshotListener.<init>(ScreenshotListener.java:20)
at UtilityPack.BaseClass.<init>(BaseClass.java:41)
at UtilityPack.ScreenshotListener.<init>(ScreenshotListener.java:20)
at UtilityPack.BaseClass.<init>(BaseClass.java:41)
at UtilityPack.ScreenshotListener.<init>(ScreenshotListener.java:20)
at UtilityPack.BaseClass.<init>(BaseClass.java:41)
at UtilityPack.ScreenshotListener.<init>(ScreenshotListener.java:20)
at UtilityPack.BaseClass.<init>(BaseClass.java:41)
at UtilityPack.ScreenshotListener.<init>(ScreenshotListener.java:20)
at UtilityPack.BaseClass.<init>(BaseClass.java:41)
at UtilityPack.ScreenshotListener.<init>(ScreenshotListener.java:20)
at UtilityPack.BaseClass.<init>(BaseClass.java:41)
at UtilityPack.ScreenshotListener.<init>(ScreenshotListener.java:20)
at UtilityPack.BaseClass.<init>(BaseClass.java:41)
at UtilityPack.ScreenshotListener.<init>(ScreenshotListener.java:20)
at UtilityPack.BaseClass.<init>(BaseClass.java:41)
at UtilityPack.ScreenshotListener.<init>(ScreenshotListener.java:20)
at UtilityPack.BaseClass.<init>(BaseClass.java:41)
at UtilityPack.ScreenshotListener.<init>(ScreenshotListener.java:20)
at UtilityPack.BaseClass.<init>(BaseClass.java:41)
at UtilityPack.ScreenshotListener.<init>(ScreenshotListener.java:20)
at UtilityPack.BaseClass.<init>(BaseClass.java:41)
at UtilityPack.ScreenshotListener.<init>(ScreenshotListener.java:20)
at UtilityPack.BaseClass.<init>(BaseClass.java:41)
at UtilityPack.ScreenshotListener.<init>(ScreenshotListener.java:20)
at UtilityPack.BaseClass.<init>(BaseClass.java:41)
at UtilityPack.ScreenshotListener.<init>(ScreenshotListener.java:20)
at UtilityPack.BaseClass.<init>(BaseClass.java:41)
at UtilityPack.ScreenshotListener.<init>(ScreenshotListener.java:20)
at UtilityPack.BaseClass.<init>(BaseClass.java:41)
at UtilityPack.ScreenshotListener.<init>(ScreenshotListener.java:20)
at UtilityPack.BaseClass.<init>(BaseClass.java:41)
at UtilityPack.ScreenshotListener.<init>(ScreenshotListener.java:20)
at UtilityPack.BaseClass.<init>(BaseClass.java:41)
at UtilityPack.ScreenshotListener.<init>(ScreenshotListener.java:20)
at UtilityPack.BaseClass.<init>(BaseClass.java:41)
at UtilityPack.ScreenshotListener.<init>(ScreenshotListener.java:20)
at UtilityPack.BaseClass.<init>(BaseClass.java:41)
at UtilityPack.ScreenshotListener.<init>(ScreenshotListener.java:20)
at UtilityPack.BaseClass.<init>(BaseClass.java:41)
at UtilityPack.ScreenshotListener.<init>(ScreenshotListener.java:20)
at UtilityPack.BaseClass.<init>(BaseClass.java:41)
at UtilityPack.ScreenshotListener.<init>(ScreenshotListener.java:20)
at UtilityPack.BaseClass.<init>(BaseClass.java:41)
at UtilityPack.ScreenshotListener.<init>(ScreenshotListener.java:20)
at UtilityPack.BaseClass.<init>(BaseClass.java:41)
at UtilityPack.ScreenshotListener.<init>(ScreenshotListener.java:20)
at UtilityPack.BaseClass.<init>(BaseClass.java:41)
at UtilityPack.ScreenshotListener.<init>(ScreenshotListener.java:20)
at UtilityPack.BaseClass.<init>(BaseClass.java:41)
at UtilityPack.ScreenshotListener.<init>(ScreenshotListener.java:20)
at UtilityPack.BaseClass.<init>(BaseClass.java:41)
at UtilityPack.ScreenshotListener.<init>(ScreenshotListener.java:20)
at UtilityPack.BaseClass.<init>(BaseClass.java:41)
at UtilityPack.ScreenshotListener.<init>(ScreenshotListener.java:20)
at UtilityPack.BaseClass.<init>(BaseClass.java:41)
at UtilityPack.ScreenshotListener.<init>(ScreenshotListener.java:20)
at UtilityPack.BaseClass.<init>(BaseClass.java:41)
at UtilityPack.ScreenshotListener.<init>(ScreenshotListener.java:20)
at UtilityPack.BaseClass.<init>(BaseClass.java:41)
at UtilityPack.ScreenshotListener.<init>(ScreenshotListener.java:20)
at UtilityPack.BaseClass.<init>(BaseClass.java:41)
at UtilityPack.ScreenshotListener.<init>(ScreenshotListener.java:20)
at UtilityPack.BaseClass.<init>(BaseClass.java:41)
at UtilityPack.ScreenshotListener.<init>(ScreenshotListener.java:20)
at UtilityPack.BaseClass.<init>(BaseClass.java:41)
at UtilityPack.ScreenshotListener.<init>(ScreenshotListener.java:20)
at UtilityPack.BaseClass.<init>(BaseClass.java:41)
at UtilityPack.ScreenshotListener.<init>(ScreenshotListener.java:20)
at UtilityPack.BaseClass.<init>(BaseClass.java:41)
at UtilityPack.ScreenshotListener.<init>(ScreenshotListener.java:20)
at UtilityPack.BaseClass.<init>(BaseClass.java:41)
at UtilityPack.ScreenshotListener.<init>(ScreenshotListener.java:20)
at UtilityPack.BaseClass.<init>(BaseClass.java:41)
at UtilityPack.ScreenshotListener.<init>(ScreenshotListener.java:20)
at UtilityPack.BaseClass.<init>(BaseClass.java:41)
at UtilityPack.ScreenshotListener.<init>(ScreenshotListener.java:20)
at UtilityPack.BaseClass.<init>(BaseClass.java:41)
at UtilityPack.ScreenshotListener.<init>(ScreenshotListener.java:20)
at UtilityPack.BaseClass.<init>(BaseClass.java:41)
at UtilityPack.ScreenshotListener.<init>(ScreenshotListener.java:20)
at UtilityPack.BaseClass.<init>(BaseClass.java:41)
at UtilityPack.ScreenshotListener.<init>(ScreenshotListener.java:20)
at UtilityPack.BaseClass.<init>(BaseClass.java:41)
at UtilityPack.ScreenshotListener.<init>(ScreenshotListener.java:20)
at UtilityPack.BaseClass.<init>(BaseClass.java:41)
at UtilityPack.ScreenshotListener.<init>(ScreenshotListener.java:20)
at UtilityPack.BaseClass.<init>(BaseClass.java:41)
at UtilityPack.ScreenshotListener.<init>(ScreenshotListener.java:20)
at UtilityPack.BaseClass.<init>(BaseClass.java:41)
at UtilityPack.ScreenshotListener.<init>(ScreenshotListener.java:20)
at UtilityPack.BaseClass.<init>(BaseClass.java:41)
at UtilityPack.ScreenshotListener.<init>(ScreenshotListener.java:20)
at UtilityPack.BaseClass.<init>(BaseClass.java:41)
at UtilityPack.ScreenshotListener.<init>(ScreenshotListener.java:20)
at UtilityPack.BaseClass.<init>(BaseClass.java:41)
at UtilityPack.ScreenshotListener.<init>(ScreenshotListener.java:20)
at UtilityPack.BaseClass.<init>(BaseClass.java:41)
at UtilityPack.ScreenshotListener.<init>(ScreenshotListener.java:20)
at UtilityPack.BaseClass.<init>(BaseClass.java:41)
at UtilityPack.ScreenshotListener.<init>(ScreenshotListener.java:20)
at UtilityPack.BaseClass.<init>(BaseClass.java:41)
at UtilityPack.ScreenshotListener.<init>(ScreenshotListener.java:20)
at UtilityPack.BaseClass.<init>(BaseClass.java:41)
at UtilityPack.ScreenshotListener.<init>(ScreenshotListener.java:20)
at UtilityPack.BaseClass.<init>(BaseClass.java:41)
at UtilityPack.ScreenshotListener.<init>(ScreenshotListener.java:20)
at UtilityPack.BaseClass.<init>(BaseClass.java:41)
at UtilityPack.ScreenshotListener.<init>(ScreenshotListener.java:20)
at UtilityPack.BaseClass.<init>(BaseClass.java:41)
at UtilityPack.ScreenshotListener.<init>(ScreenshotListener.java:20)
at UtilityPack.BaseClass.<init>(BaseClass.java:41)
at UtilityPack.ScreenshotListener.<init>(ScreenshotListener.java:20)
at UtilityPack.BaseClass.<init>(BaseClass.java:41)
at UtilityPack.ScreenshotListener.<init>(ScreenshotListener.java:20)
at UtilityPack.BaseClass.<init>(BaseClass.java:41)
at UtilityPack.ScreenshotListener.<init>(ScreenshotListener.java:20)
at UtilityPack.BaseClass.<init>(BaseClass.java:41)
at UtilityPack.ScreenshotListener.<init>(ScreenshotListener.java:20)
at UtilityPack.BaseClass.<init>(BaseClass.java:41)
at UtilityPack.ScreenshotListener.<init>(ScreenshotListener.java:20)
at UtilityPack.BaseClass.<init>(BaseClass.java:41)
at UtilityPack.ScreenshotListener.<init>(ScreenshotListener.java:20)
at UtilityPack.BaseClass.<init>(BaseClass.java:41)
at UtilityPack.ScreenshotListener.<init>(ScreenshotListener.java:20)
at UtilityPack.BaseClass.<init>(BaseClass.java:41)
at UtilityPack.ScreenshotListener.<init>(ScreenshotListener.java:20)
at UtilityPack.BaseClass.<init>(BaseClass.java:41)
at UtilityPack.ScreenshotListener.<init>(ScreenshotListener.java:20)
at UtilityPack.BaseClass.<init>(BaseClass.java:41)
at UtilityPack.ScreenshotListener.<init>(ScreenshotListener.java:20)
at UtilityPack.BaseClass.<init>(BaseClass.java:41)
at UtilityPack.ScreenshotListener.<init>(ScreenshotListener.java:20)
at UtilityPack.BaseClass.<init>(BaseClass.java:41)
at UtilityPack.ScreenshotListener.<init>(ScreenshotListener.java:20)
at UtilityPack.BaseClass.<init>(BaseClass.java:41)
at UtilityPack.ScreenshotListener.<init>(ScreenshotListener.java:20)
at UtilityPack.BaseClass.<init>(BaseClass.java:41)
at UtilityPack.ScreenshotListener.<init>(ScreenshotListener.java:20)
at UtilityPack.BaseClass.<init>(BaseClass.java:41)
at UtilityPack.ScreenshotListener.<init>(ScreenshotListener.java:20)
at UtilityPack.BaseClass.<init>(BaseClass.java:41)
at UtilityPack.ScreenshotListener.<init>(ScreenshotListener.java:20)
at UtilityPack.BaseClass.<init>(BaseClass.java:41)
at UtilityPack.ScreenshotListener.<init>(ScreenshotListener.java:20)
at UtilityPack.BaseClass.<init>(BaseClass.java:41)
at UtilityPack.ScreenshotListener.<init>(ScreenshotListener.java:20)
at UtilityPack.BaseClass.<init>(BaseClass.java:41)
at UtilityPack.ScreenshotListener.<init>(ScreenshotListener.java:20)
at UtilityPack.BaseClass.<init>(BaseClass.java:41)
at UtilityPack.ScreenshotListener.<init>(ScreenshotListener.java:20)
at UtilityPack.BaseClass.<init>(BaseClass.java:41)
at UtilityPack.ScreenshotListener.<init>(ScreenshotListener.java:20)
at UtilityPack.BaseClass.<init>(BaseClass.java:41)
at UtilityPack.ScreenshotListener.<init>(ScreenshotListener.java:20)
at UtilityPack.BaseClass.<init>(BaseClass.java:41)
at UtilityPack.ScreenshotListener.<init>(ScreenshotListener.java:20)
at UtilityPack.BaseClass.<init>(BaseClass.java:41)
at UtilityPack.ScreenshotListener.<init>(ScreenshotListener.java:20)
at UtilityPack.BaseClass.<init>(BaseClass.java:41)
at UtilityPack.ScreenshotListener.<init>(ScreenshotListener.java:20)
at UtilityPack.BaseClass.<init>(BaseClass.java:41)
at UtilityPack.ScreenshotListener.<init>(ScreenshotListener.java:20)
at UtilityPack.BaseClass.<init>(BaseClass.java:41)
at UtilityPack.ScreenshotListener.<init>(ScreenshotListener.java:20)
at UtilityPack.BaseClass.<init>(BaseClass.java:41)
at UtilityPack.ScreenshotListener.<init>(ScreenshotListener.java:20)
at UtilityPack.BaseClass.<init>(BaseClass.java:41)
at UtilityPack.ScreenshotListener.<init>(ScreenshotListener.java:20)
at UtilityPack.BaseClass.<init>(BaseClass.java:41)
at UtilityPack.ScreenshotListener.<init>(ScreenshotListener.java:20)
at UtilityPack.BaseClass.<init>(BaseClass.java:41)
at UtilityPack.ScreenshotListener.<init>(ScreenshotListener.java:20)
at UtilityPack.BaseClass.<init>(BaseClass.java:41)
at UtilityPack.ScreenshotListener.<init>(ScreenshotListener.java:20)
at UtilityPack.BaseClass.<init>(BaseClass.java:41)
at UtilityPack.ScreenshotListener.<init>(ScreenshotListener.java:20)
at UtilityPack.BaseClass.<init>(BaseClass.java:41)
at UtilityPack.ScreenshotListener.<init>(ScreenshotListener.java:20)
at UtilityPack.BaseClass.<init>(BaseClass.java:41)
at UtilityPack.ScreenshotListener.<init>(ScreenshotListener.java:20)
at UtilityPack.BaseClass.<init>(BaseClass.java:41)
at UtilityPack.ScreenshotListener.<init>(ScreenshotListener.java:20)
at UtilityPack.BaseClass.<init>(BaseClass.java:41)
at UtilityPack.ScreenshotListener.<init>(ScreenshotListener.java:20)
at UtilityPack.BaseClass.<init>(BaseClass.java:41)
at UtilityPack.ScreenshotListener.<init>(ScreenshotListener.java:20)
at UtilityPack.BaseClass.<init>(BaseClass.java:41)
at UtilityPack.ScreenshotListener.<init>(ScreenshotListener.java:20)
at UtilityPack.BaseClass.<init>(BaseClass.java:41)
at UtilityPack.ScreenshotListener.<init>(ScreenshotListener.java:20)
at UtilityPack.BaseClass.<init>(BaseClass.java:41)
at UtilityPack.ScreenshotListener.<init>(ScreenshotListener.java:20)
at UtilityPack.BaseClass.<init>(BaseClass.java:41)
at UtilityPack.ScreenshotListener.<init>(ScreenshotListener.java:20)
at UtilityPack.BaseClass.<init>(BaseClass.java:41)
at UtilityPack.ScreenshotListener.<init>(ScreenshotListener.java:20)
at UtilityPack.BaseClass.<init>(BaseClass.java:41)
at UtilityPack.ScreenshotListener.<init>(ScreenshotListener.java:20)
at UtilityPack.BaseClass.<init>(BaseClass.java:41)
at UtilityPack.ScreenshotListener.<init>(ScreenshotListener.java:20)
at UtilityPack.BaseClass.<init>(BaseClass.java:41)
at UtilityPack.ScreenshotListener.<init>(ScreenshotListener.java:20)
at UtilityPack.BaseClass.<init>(BaseClass.java:41)
at UtilityPack.ScreenshotListener.<init>(ScreenshotListener.java:20)
at UtilityPack.BaseClass.<init>(BaseClass.java:41)
at UtilityPack.ScreenshotListener.<init>(ScreenshotListener.java:20)
at UtilityPack.BaseClass.<init>(BaseClass.java:41)
at UtilityPack.ScreenshotListener.<init>(ScreenshotListener.java:20)
at UtilityPack.BaseClass.<init>(BaseClass.java:41)
at UtilityPack.ScreenshotListener.<init>(ScreenshotListener.java:20)
at UtilityPack.BaseClass.<init>(BaseClass.java:41)
at UtilityPack.ScreenshotListener.<init>(ScreenshotListener.java:20)
at UtilityPack.BaseClass.<init>(BaseClass.java:41)
at UtilityPack.ScreenshotListener.<init>(ScreenshotListener.java:20)
at UtilityPack.BaseClass.<init>(BaseClass.java:41)
at UtilityPack.ScreenshotListener.<init>(ScreenshotListener.java:20)
at UtilityPack.BaseClass.<init>(BaseClass.java:41)
at UtilityPack.ScreenshotListener.<init>(ScreenshotListener.java:20)
at UtilityPack.BaseClass.<init>(BaseClass.java:41)
at UtilityPack.ScreenshotListener.<init>(ScreenshotListener.java:20)
at UtilityPack.BaseClass.<init>(BaseClass.java:41)
at UtilityPack.ScreenshotListener.<init>(ScreenshotListener.java:20)
at UtilityPack.BaseClass.<init>(BaseClass.java:41)
at UtilityPack.ScreenshotListener.<init>(ScreenshotListener.java:20)
at UtilityPack.BaseClass.<init>(BaseClass.java:41)
at UtilityPack.ScreenshotListener.<init>(ScreenshotListener.java:20)
at UtilityPack.BaseClass.<init>(BaseClass.java:41)
at UtilityPack.ScreenshotListener.<init>(ScreenshotListener.java:20)
at UtilityPack.BaseClass.<init>(BaseClass.java:41)
at UtilityPack.ScreenshotListener.<init>(ScreenshotListener.java:20)
at UtilityPack.BaseClass.<init>(BaseClass.java:41)
at UtilityPack.ScreenshotListener.<init>(ScreenshotListener.java:20)
at UtilityPack.BaseClass.<init>(BaseClass.java:41)
at UtilityPack.ScreenshotListener.<init>(ScreenshotListener.java:20)
at UtilityPack.BaseClass.<init>(BaseClass.java:41)
at UtilityPack.ScreenshotListener.<init>(ScreenshotListener.java:20)
at UtilityPack.BaseClass.<init>(BaseClass.java:41)
at UtilityPack.ScreenshotListener.<init>(ScreenshotListener.java:20)
at UtilityPack.BaseClass.<init>(BaseClass.java:41)
at UtilityPack.ScreenshotListener.<init>(ScreenshotListener.java:20)
at UtilityPack.BaseClass.<init>(BaseClass.java:41)
at UtilityPack.ScreenshotListener.<init>(ScreenshotListener.java:20)
at UtilityPack.BaseClass.<init>(BaseClass.java:41)
at UtilityPack.ScreenshotListener.<init>(ScreenshotListener.java:20)
at UtilityPack.BaseClass.<init>(BaseClass.java:41)
at UtilityPack.ScreenshotListener.<init>(ScreenshotListener.java:20)
at UtilityPack.BaseClass.<init>(BaseClass.java:41)
at UtilityPack.ScreenshotListener.<init>(ScreenshotListener.java:20)
at UtilityPack.BaseClass.<init>(BaseClass.java:41)
at UtilityPack.ScreenshotListener.<init>(ScreenshotListener.java:20)
at UtilityPack.BaseClass.<init>(BaseClass.java:41)
at UtilityPack.ScreenshotListener.<init>(ScreenshotListener.java:20)
at UtilityPack.BaseClass.<init>(BaseClass.java:41)
at UtilityPack.ScreenshotListener.<init>(ScreenshotListener.java:20)
at UtilityPack.BaseClass.<init>(BaseClass.java:41)
at UtilityPack.ScreenshotListener.<init>(ScreenshotListener.java:20)
at UtilityPack.BaseClass.<init>(BaseClass.java:41)
at UtilityPack.ScreenshotListener.<init>(ScreenshotListener.java:20)
at UtilityPack.BaseClass.<init>(BaseClass.java:41)
at UtilityPack.ScreenshotListener.<init>(ScreenshotListener.java:20)
at UtilityPack.BaseClass.<init>(BaseClass.java:41)
at UtilityPack.ScreenshotListener.<init>(ScreenshotListener.java:20)
at UtilityPack.BaseClass.<init>(BaseClass.java:41)
at UtilityPack.ScreenshotListener.<init>(ScreenshotListener.java:20)
at UtilityPack.BaseClass.<init>(BaseClass.java:41)
at UtilityPack.ScreenshotListener.<init>(ScreenshotListener.java:20)
at UtilityPack.BaseClass.<init>(BaseClass.java:41)
at UtilityPack.ScreenshotListener.<init>(ScreenshotListener.java:20)
at UtilityPack.BaseClass.<init>(BaseClass.java:41)
at UtilityPack.ScreenshotListener.<init>(ScreenshotListener.java:20)
at UtilityPack.BaseClass.<init>(BaseClass.java:41)
at UtilityPack.ScreenshotListener.<init>(ScreenshotListener.java:20)
at UtilityPack.BaseClass.<init>(BaseClass.java:41)
at UtilityPack.ScreenshotListener.<init>(ScreenshotListener.java:20)
at UtilityPack.BaseClass.<init>(BaseClass.java:41)
at UtilityPack.ScreenshotListener.<init>(ScreenshotListener.java:20)
at UtilityPack.BaseClass.<init>(BaseClass.java:41)
at UtilityPack.ScreenshotListener.<init>(ScreenshotListener.java:20)
at UtilityPack.BaseClass.<init>(BaseClass.java:41)
at UtilityPack.ScreenshotListener.<init>(ScreenshotListener.java:20)
at UtilityPack.BaseClass.<init>(BaseClass.java:41)
at UtilityPack.ScreenshotListener.<init>(ScreenshotListener.java:20)
at UtilityPack.BaseClass.<init>(BaseClass.java:41)
at UtilityPack.ScreenshotListener.<init>(ScreenshotListener.java:20)
at UtilityPack.BaseClass.<init>(BaseClass.java:41)
at UtilityPack.ScreenshotListener.<init>(ScreenshotListener.java:20)
at UtilityPack.BaseClass.<init>(BaseClass.java:41)
at UtilityPack.ScreenshotListener.<init>(ScreenshotListener.java:20)
at UtilityPack.BaseClass.<init>(BaseClass.java:41)
at UtilityPack.ScreenshotListener.<init>(ScreenshotListener.java:20)
at UtilityPack.BaseClass.<init>(BaseClass.java:41)
at UtilityPack.ScreenshotListener.<init>(ScreenshotListener.java:20)
at UtilityPack.BaseClass.<init>(BaseClass.java:41)
at UtilityPack.ScreenshotListener.<init>(ScreenshotListener.java:20)
at UtilityPack.BaseClass.<init>(BaseClass.java:41)
at UtilityPack.ScreenshotListener.<init>(ScreenshotListener.java:20)
at UtilityPack.BaseClass.<init>(BaseClass.java:41)
at UtilityPack.ScreenshotListener.<init>(ScreenshotListener.java:20)
at UtilityPack.BaseClass.<init>(BaseClass.java:41)
at UtilityPack.ScreenshotListener.<init>(ScreenshotListener.java:20)
at UtilityPack.BaseClass.<init>(BaseClass.java:41)
at UtilityPack.ScreenshotListener.<init>(ScreenshotListener.java:20)
at UtilityPack.BaseClass.<init>(BaseClass.java:41)
at UtilityPack.ScreenshotListener.<init>(ScreenshotListener.java:20)
at UtilityPack.BaseClass.<init>(BaseClass.java:41)
at UtilityPack.ScreenshotListener.<init>(ScreenshotListener.java:20)
at UtilityPack.BaseClass.<init>(BaseClass.java:41)
at UtilityPack.ScreenshotListener.<init>(ScreenshotListener.java:20)
at UtilityPack.BaseClass.<init>(BaseClass.java:41)
at UtilityPack.ScreenshotListener.<init>(ScreenshotListener.java:20)
at UtilityPack.BaseClass.<init>(BaseClass.java:41)
at UtilityPack.ScreenshotListener.<init>(ScreenshotListener.java:20)
at UtilityPack.BaseClass.<init>(BaseClass.java:41)
at UtilityPack.ScreenshotListener.<init>(ScreenshotListener.java:20)
at UtilityPack.BaseClass.<init>(BaseClass.java:41)
at UtilityPack.ScreenshotListener.<init>(ScreenshotListener.java:20)
at UtilityPack.BaseClass.<init>(BaseClass.java:41)
at UtilityPack.ScreenshotListener.<init>(ScreenshotListener.java:20)
at UtilityPack.BaseClass.<init>(BaseClass.java:41)
at UtilityPack.ScreenshotListener.<init>(ScreenshotListener.java:20)
at UtilityPack.BaseClass.<init>(BaseClass.java:41)
at UtilityPack.ScreenshotListener.<init>(ScreenshotListener.java:20)
at UtilityPack.BaseClass.<init>(BaseClass.java:41)
at UtilityPack.ScreenshotListener.<init>(ScreenshotListener.java:20)
at UtilityPack.BaseClass.<init>(BaseClass.java:41)
at UtilityPack.ScreenshotListener.<init>(ScreenshotListener.java:20)
at UtilityPack.BaseClass.<init>(BaseClass.java:41)
at UtilityPack.ScreenshotListener.<init>(ScreenshotListener.java:20)
at UtilityPack.BaseClass.<init>(BaseClass.java:41)
at UtilityPack.ScreenshotListener.<init>(ScreenshotListener.java:20)
at UtilityPack.BaseClass.<init>(BaseClass.java:41)
at UtilityPack.ScreenshotListener.<init>(ScreenshotListener.java:20)
at UtilityPack.BaseClass.<init>(BaseClass.java:41)
at UtilityPack.ScreenshotListener.<init>(ScreenshotListener.java:20)
at UtilityPack.BaseClass.<init>(BaseClass.java:41)
at UtilityPack.ScreenshotListener.<init>(ScreenshotListener.java:20)
at UtilityPack.BaseClass.<init>(BaseClass.java:41)
at UtilityPack.ScreenshotListener.<init>(ScreenshotListener.java:20)
at UtilityPack.BaseClass.<init>(BaseClass.java:41)
at UtilityPack.ScreenshotListener.<init>(ScreenshotListener.java:20)
at UtilityPack.BaseClass.<init>(BaseClass.java:41)
at UtilityPack.ScreenshotListener.<init>(ScreenshotListener.java:20)
at UtilityPack.BaseClass.<init>(BaseClass.java:41)
at UtilityPack.ScreenshotListener.<init>(ScreenshotListener.java:20)
at UtilityPack.BaseClass.<init>(BaseClass.java:41)
at UtilityPack.ScreenshotListener.<init>(ScreenshotListener.java:20)
at UtilityPack.BaseClass.<init>(BaseClass.java:41)
at UtilityPack.ScreenshotListener.<init>(ScreenshotListener.java:20)
at UtilityPack.BaseClass.<init>(BaseClass.java:41)
at UtilityPack.ScreenshotListener.<init>(ScreenshotListener.java:20)
at UtilityPack.BaseClass.<init>(BaseClass.java:41)
at UtilityPack.ScreenshotListener.<init>(ScreenshotListener.java:20)
at UtilityPack.BaseClass.<init>(BaseClass.java:41)
at UtilityPack.ScreenshotListener.<init>(ScreenshotListener.java:20)
at UtilityPack.BaseClass.<init>(BaseClass.java:41)
at UtilityPack.ScreenshotListener.<init>(ScreenshotListener.java:20)
at UtilityPack.BaseClass.<init>(BaseClass.java:41)
at UtilityPack.ScreenshotListener.<init>(ScreenshotListener.java:20)
at UtilityPack.BaseClass.<init>(BaseClass.java:41)
at UtilityPack.ScreenshotListener.<init>(ScreenshotListener.java:20)
at UtilityPack.BaseClass.<init>(BaseClass.java:41)
at UtilityPack.ScreenshotListener.<init>(ScreenshotListener.java:20)
at UtilityPack.BaseClass.<init>(BaseClass.java:41)
at UtilityPack.ScreenshotListener.<init>(ScreenshotListener.java:20)
at UtilityPack.BaseClass.<init>(BaseClass.java:41)
at UtilityPack.ScreenshotListener.<init>(ScreenshotListener.java:20)
at UtilityPack.BaseClass.<init>(BaseClass.java:41)
at UtilityPack.ScreenshotListener.<init>(ScreenshotListener.java:20)
at UtilityPack.BaseClass.<init>(BaseClass.java:41)
at UtilityPack.ScreenshotListener.<init>(ScreenshotListener.java:20)
at UtilityPack.BaseClass.<init>(BaseClass.java:41)
at UtilityPack.ScreenshotListener.<init>(ScreenshotListener.java:20)
at UtilityPack.BaseClass.<init>(BaseClass.java:41)
at UtilityPack.ScreenshotListener.<init>(ScreenshotListener.java:20)
at UtilityPack.BaseClass.<init>(BaseClass.java:41)
at UtilityPack.ScreenshotListener.<init>(ScreenshotListener.java:20)
at UtilityPack.BaseClass.<init>(BaseClass.java:41)
at UtilityPack.ScreenshotListener.<init>(ScreenshotListener.java:20)
at UtilityPack.BaseClass.<init>(BaseClass.java:41)
at UtilityPack.ScreenshotListener.<init>(ScreenshotListener.java:20)
at UtilityPack.BaseClass.<init>(BaseClass.java:41)
at UtilityPack.ScreenshotListener.<init>(ScreenshotListener.java:20)
at UtilityPack.BaseClass.<init>(BaseClass.java:41)
at UtilityPack.ScreenshotListener.<init>(ScreenshotListener.java:20)
at UtilityPack.BaseClass.<init>(BaseClass.java:41)
at UtilityPack.ScreenshotListener.<init>(ScreenshotListener.java:20)
at UtilityPack.BaseClass.<init>(BaseClass.java:41)
at UtilityPack.ScreenshotListener.<init>(ScreenshotListener.java:20)
at UtilityPack.BaseClass.<init>(BaseClass.java:41)
at UtilityPack.ScreenshotListener.<init>(ScreenshotListener.java:20)
at UtilityPack.BaseClass.<init>(BaseClass.java:41)
at UtilityPack.ScreenshotListener.<init>(ScreenshotListener.java:20)
at UtilityPack.BaseClass.<init>(BaseClass.java:41)
at UtilityPack.ScreenshotListener.<init>(ScreenshotListener.java:20)
at UtilityPack.BaseClass.<init>(BaseClass.java:41)
at UtilityPack.ScreenshotListener.<init>(ScreenshotListener.java:20)
at UtilityPack.BaseClass.<init>(BaseClass.java:41)
at UtilityPack.ScreenshotListener.<init>(ScreenshotListener.java:20)
at UtilityPack.BaseClass.<init>(BaseClass.java:41)
at UtilityPack.ScreenshotListener.<init>(ScreenshotListener.java:20)
at UtilityPack.BaseClass.<init>(BaseClass.java:41)
at UtilityPack.ScreenshotListener.<init>(ScreenshotListener.java:20)
at UtilityPack.BaseClass.<init>(BaseClass.java:41)
at UtilityPack.ScreenshotListener.<init>(ScreenshotListener.java:20)
at UtilityPack.BaseClass.<init>(BaseClass.java:41)
at UtilityPack.ScreenshotListener.<init>(ScreenshotListener.java:20)
at UtilityPack.BaseClass.<init>(BaseClass.java:41)
at UtilityPack.ScreenshotListener.<init>(ScreenshotListener.java:20)
at UtilityPack.BaseClass.<init>(BaseClass.java:41)
at UtilityPack.ScreenshotListener.<init>(ScreenshotListener.java:20)
at UtilityPack.BaseClass.<init>(BaseClass.java:41)
at UtilityPack.ScreenshotListener.<init>(ScreenshotListener.java:20)
at UtilityPack.BaseClass.<init>(BaseClass.java:41)
at UtilityPack.ScreenshotListener.<init>(ScreenshotListener.java:20)
at UtilityPack.BaseClass.<init>(BaseClass.java:41)
at UtilityPack.ScreenshotListener.<init>(ScreenshotListener.java:20)
at UtilityPack.BaseClass.<init>(BaseClass.java:41)
at UtilityPack.ScreenshotListener.<init>(ScreenshotListener.java:20)
at UtilityPack.BaseClass.<init>(BaseClass.java:41)
at UtilityPack.ScreenshotListener.<init>(ScreenshotListener.java:20)
at UtilityPack.BaseClass.<init>(BaseClass.java:41)
at UtilityPack.ScreenshotListener.<init>(ScreenshotListener.java:20)
at UtilityPack.BaseClass.<init>(BaseClass.java:41)
at UtilityPack.ScreenshotListener.<init>(ScreenshotListener.java:20)
at UtilityPack.BaseClass.<init>(BaseClass.java:41)
at UtilityPack.ScreenshotListener.<init>(ScreenshotListener.java:20)
at UtilityPack.BaseClass.<init>(BaseClass.java:41)
at UtilityPack.ScreenshotListener.<init>(ScreenshotListener.java:20)
at UtilityPack.BaseClass.<init>(BaseClass.java:41)
at UtilityPack.ScreenshotListener.<init>(ScreenshotListener.java:20)
at UtilityPack.BaseClass.<init>(BaseClass.java:41)
at UtilityPack.ScreenshotListener.<init>(ScreenshotListener.java:20)
at UtilityPack.BaseClass.<init>(BaseClass.java:41)
at UtilityPack.ScreenshotListener.<init>(ScreenshotListener.java:20)
at UtilityPack.BaseClass.<init>(BaseClass.java:41)
at UtilityPack.ScreenshotListener.<init>(ScreenshotListener.java:20)
at UtilityPack.BaseClass.<init>(BaseClass.java:41)
at UtilityPack.ScreenshotListener.<init>(ScreenshotListener.java:20)
at UtilityPack.BaseClass.<init>(BaseClass.java:41)
at UtilityPack.ScreenshotListener.<init>(ScreenshotListener.java:20)
at UtilityPack.BaseClass.<init>(BaseClass.java:41)
at UtilityPack.ScreenshotListener.<init>(ScreenshotListener.java:20)
at UtilityPack.BaseClass.<init>(BaseClass.java:41)
at UtilityPack.ScreenshotListener.<init>(ScreenshotListener.java:20)
at UtilityPack.BaseClass.<init>(BaseClass.java:41)
at UtilityPack.ScreenshotListener.<init>(ScreenshotListener.java:20)
at UtilityPack.BaseClass.<init>(BaseClass.java:41)
at UtilityPack.ScreenshotListener.<init>(ScreenshotListener.java:20)
at UtilityPack.BaseClass.<init>(BaseClass.java:41)
at UtilityPack.ScreenshotListener.<init>(ScreenshotListener.java:20)
at UtilityPack.BaseClass.<init>(BaseClass.java:41)
at UtilityPack.ScreenshotListener.<init>(ScreenshotListener.java:20)
at UtilityPack.BaseClass.<init>(BaseClass.java:41)
at UtilityPack.ScreenshotListener.<init>(ScreenshotListener.java:20)
at UtilityPack.BaseClass.<init>(BaseClass.java:41)
at UtilityPack.ScreenshotListener.<init>(ScreenshotListener.java:20)
at UtilityPack.BaseClass.<init>(BaseClass.java:41)
at UtilityPack.ScreenshotListener.<init>(ScreenshotListener.java:20)
at UtilityPack.BaseClass.<init>(BaseClass.java:41)
at UtilityPack.ScreenshotListener.<init>(ScreenshotListener.java:20)
at UtilityPack.BaseClass.<init>(BaseClass.java:41)
at UtilityPack.ScreenshotListener.<init>(ScreenshotListener.java:20)
at UtilityPack.BaseClass.<init>(BaseClass.java:41)
at UtilityPack.ScreenshotListener.<init>(ScreenshotListener.java:20)
at UtilityPack.BaseClass.<init>(BaseClass.java:41)
at UtilityPack.ScreenshotListener.<init>(ScreenshotListener.java:20)
at UtilityPack.BaseClass.<init>(BaseClass.java:41)
at UtilityPack.ScreenshotListener.<init>(ScreenshotListener.java:20)
at UtilityPack.BaseClass.<init>(BaseClass.java:41)
at UtilityPack.ScreenshotListener.<init>(ScreenshotListener.java:20)
at UtilityPack.BaseClass.<init>(BaseClass.java:41)
at UtilityPack.ScreenshotListener.<init>(ScreenshotListener.java:20)
at UtilityPack.BaseClass.<init>(BaseClass.java:41)
at UtilityPack.ScreenshotListener.<init>(ScreenshotListener.java:20)
at UtilityPack.BaseClass.<init>(BaseClass.java:41)
at UtilityPack.ScreenshotListener.<init>(ScreenshotListener.java:20)
at UtilityPack.BaseClass.<init>(BaseClass.java:41)
at UtilityPack.ScreenshotListener.<init>(ScreenshotListener.java:20)
at UtilityPack.BaseClass.<init>(BaseClass.java:41)
at UtilityPack.ScreenshotListener.<init>(ScreenshotListener.java:20)
at UtilityPack.BaseClass.<init>(BaseClass.java:41)
at UtilityPack.ScreenshotListener.<init>(ScreenshotListener.java:20)
at UtilityPack.BaseClass.<init>(BaseClass.java:41)
at UtilityPack.ScreenshotListener.<init>(ScreenshotListener.java:20)
at UtilityPack.BaseClass.<init>(BaseClass.java:41)
at UtilityPack.ScreenshotListener.<init>(ScreenshotListener.java:20)
at UtilityPack.BaseClass.<init>(BaseClass.java:41)
at UtilityPack.ScreenshotListener.<init>(ScreenshotListener.java:20)
at UtilityPack.BaseClass.<init>(BaseClass.java:41)
at UtilityPack.ScreenshotListener.<init>(ScreenshotListener.java:20)
at UtilityPack.BaseClass.<init>(BaseClass.java:41)
at UtilityPack.ScreenshotListener.<init>(ScreenshotListener.java:20)
at UtilityPack.BaseClass.<init>(BaseClass.java:41)
at UtilityPack.ScreenshotListener.<init>(ScreenshotListener.java:20)
at UtilityPack.BaseClass.<init>(BaseClass.java:41)
at UtilityPack.ScreenshotListener.<init>(ScreenshotListener.java:20)
at UtilityPack.BaseClass.<init>(BaseClass.java:41)
at UtilityPack.ScreenshotListener.<init>(ScreenshotListener.java:20)
at UtilityPack.BaseClass.<init>(BaseClass.java:41)
at UtilityPack.ScreenshotListener.<init>(ScreenshotListener.java:20)
at UtilityPack.BaseClass.<init>(BaseClass.java:41)
at UtilityPack.ScreenshotListener.<init>(ScreenshotListener.java:20)
at UtilityPack.BaseClass.<init>(BaseClass.java:41)
at UtilityPack.ScreenshotListener.<init>(ScreenshotListener.java:20)
at UtilityPack.BaseClass.<init>(BaseClass.java:41)
at UtilityPack.ScreenshotListener.<init>(ScreenshotListener.java:20)
at UtilityPack.BaseClass.<init>(BaseClass.java:41)
at UtilityPack.ScreenshotListener.<init>(ScreenshotListener.java:20)
at UtilityPack.BaseClass.<init>(BaseClass.java:41)
at UtilityPack.ScreenshotListener.<init>(ScreenshotListener.java:20)
at UtilityPack.BaseClass.<init>(BaseClass.java:41)
at UtilityPack.ScreenshotListener.<init>(ScreenshotListener.java:20)
at UtilityPack.BaseClass.<init>(BaseClass.java:41)
at UtilityPack.ScreenshotListener.<init>(ScreenshotListener.java:20)
at UtilityPack.BaseClass.<init>(BaseClass.java:41)
at UtilityPack.ScreenshotListener.<init>(ScreenshotListener.java:20)
at UtilityPack.BaseClass.<init>(BaseClass.java:41)
at UtilityPack.ScreenshotListener.<init>(ScreenshotListener.java:20)
at UtilityPack.BaseClass.<init>(BaseClass.java:41)
at UtilityPack.ScreenshotListener.<init>(ScreenshotListener.java:20)
at UtilityPack.BaseClass.<init>(BaseClass.java:41)
at UtilityPack.ScreenshotListener.<init>(ScreenshotListener.java:20)
at UtilityPack.BaseClass.<init>(BaseClass.java:41)
at UtilityPack.ScreenshotListener.<init>(ScreenshotListener.java:20)
at UtilityPack.BaseClass.<init>(BaseClass.java:41)
at UtilityPack.ScreenshotListener.<init>(ScreenshotListener.java:20)
at UtilityPack.BaseClass.<init>(BaseClass.java:41)
at UtilityPack.ScreenshotListener.<init>(ScreenshotListener.java:20)
at UtilityPack.BaseClass.<init>(BaseClass.java:41)
at UtilityPack.ScreenshotListener.<init>(ScreenshotListener.java:20)
at UtilityPack.BaseClass.<init>(BaseClass.java:41)
at UtilityPack.ScreenshotListener.<init>(ScreenshotListener.java:20)
at UtilityPack.BaseClass.<init>(BaseClass.java:41)
at UtilityPack.ScreenshotListener.<init>(ScreenshotListener.java:20)
at UtilityPack.BaseClass.<init>(BaseClass.java:41)
at UtilityPack.ScreenshotListener.<init>(ScreenshotListener.java:20)
at UtilityPack.BaseClass.<init>(BaseClass.java:41)
at UtilityPack.ScreenshotListener.<init>(ScreenshotListener.java:20)
at UtilityPack.BaseClass.<init>(BaseClass.java:41)
at UtilityPack.ScreenshotListener.<init>(ScreenshotListener.java:20)
at UtilityPack.BaseClass.<init>(BaseClass.java:41)
at UtilityPack.ScreenshotListener.<init>(ScreenshotListener.java:20)
at UtilityPack.BaseClass.<init>(BaseClass.java:41)
at UtilityPack.ScreenshotListener.<init>(ScreenshotListener.java:20)
at UtilityPack.BaseClass.<init>(BaseClass.java:41)
at UtilityPack.ScreenshotListener.<init>(ScreenshotListener.java:20)
at UtilityPack.BaseClass.<init>(BaseClass.java:41)
at UtilityPack.ScreenshotListener.<init>(ScreenshotListener.java:20)
at UtilityPack.BaseClass.<init>(BaseClass.java:41)
at UtilityPack.ScreenshotListener.<init>(ScreenshotListener.java:20)
at UtilityPack.BaseClass.<init>(BaseClass.java:41)
at UtilityPack.ScreenshotListener.<init>(ScreenshotListener.java:20)
at UtilityPack.BaseClass.<init>(BaseClass.java:41)
at UtilityPack.ScreenshotListener.<init>(ScreenshotListener.java:20)
at UtilityPack.BaseClass.<init>(BaseClass.java:41)
at UtilityPack.ScreenshotListener.<init>(ScreenshotListener.java:20)
at UtilityPack.BaseClass.<init>(BaseClass.java:41)
at UtilityPack.ScreenshotListener.<init>(ScreenshotListener.java:20)
at UtilityPack.BaseClass.<init>(BaseClass.java:41)
]]>
    </error>
  </testcase> <!-- CreateDriver -->
</testsuite> <!-- webTestCasess.TC_GoogleSearchDemo_Web -->
