<?xml version="1.0" encoding="UTF-8"?>
<!-- Generated by org.testng.reporters.JUnitReportReporter -->
<testsuite hostname="DESKTOP-60SA6VT" failures="0" tests="2" name="androidTestCasess.TC_GoogleSearchDemo_AndroidApp" time="0.053" errors="1" timestamp="2026-02-24T22:58:23 IST" skipped="1">
  <testcase classname="androidTestCasess.TC_GoogleSearchDemo_AndroidApp" name="googleSearchFlow" time="0.001">
    <skipped/>
  </testcase> <!-- googleSearchFlow -->
  <testcase classname="androidTestCasess.TC_GoogleSearchDemo_AndroidApp" name="setUpAndroid" time="0.052">
    <error type="java.lang.NullPointerException">
      <![CDATA[java.lang.NullPointerException
at java.base/java.io.File.<init>(File.java:278)
at driverManager_Pack.AndroidLauncher.resolveApkPath(AndroidLauncher.java:101)
at driverManager_Pack.AndroidLauncher.handleAndroidAppLifecycle(AndroidLauncher.java:74)
at driverManager_Pack.AndroidLauncher.launch(AndroidLauncher.java:39)
at androidTestCasess.TC_GoogleSearchDemo_AndroidApp.setUpAndroid(TC_GoogleSearchDemo_AndroidApp.java:42)
at java.base/jdk.internal.reflect.DirectMethodHandleAccessor.invoke(DirectMethodHandleAccessor.java:103)
at java.base/java.lang.reflect.Method.invoke(Method.java:580)
at org.testng.internal.invokers.MethodInvocationHelper.invokeMethod(MethodInvocationHelper.java:141)
at org.testng.internal.invokers.MethodInvocationHelper.invokeMethodConsideringTimeout(MethodInvocationHelper.java:71)
at org.testng.internal.invokers.ConfigInvoker.invokeConfigurationMethod(ConfigInvoker.java:400)
at org.testng.internal.invokers.ConfigInvoker.invokeConfigurations(ConfigInvoker.java:333)
at org.testng.internal.invokers.TestMethodWorker.invokeBeforeClassMethods(TestMethodWorker.java:188)
at org.testng.internal.invokers.TestMethodWorker.run(TestMethodWorker.java:128)
at java.base/java.util.ArrayList.forEach(ArrayList.java:1596)
at org.testng.TestRunner.privateRun(TestRunner.java:741)
at org.testng.TestRunner.run(TestRunner.java:616)
at org.testng.SuiteRunner.runTest(SuiteRunner.java:421)
at org.testng.SuiteRunner.runSequentially(SuiteRunner.java:413)
at org.testng.SuiteRunner.privateRun(SuiteRunner.java:373)
at org.testng.SuiteRunner.run(SuiteRunner.java:312)
at org.testng.SuiteRunnerWorker.runSuite(SuiteRunnerWorker.java:52)
at org.testng.SuiteRunnerWorker.run(SuiteRunnerWorker.java:95)
at org.testng.TestNG.runSuitesSequentially(TestNG.java:1274)
at org.testng.TestNG.runSuitesLocally(TestNG.java:1208)
at org.testng.TestNG.runSuites(TestNG.java:1112)
at org.testng.TestNG.run(TestNG.java:1079)
at org.testng.remote.AbstractRemoteTestNG.run(AbstractRemoteTestNG.java:115)
at org.testng.remote.RemoteTestNG.initAndRun(RemoteTestNG.java:293)
at org.testng.remote.RemoteTestNG.main(RemoteTestNG.java:91)
]]>
    </error>
  </testcase> <!-- setUpAndroid -->
</testsuite> <!-- androidTestCasess.TC_GoogleSearchDemo_AndroidApp -->
