<?xml version="1.0" encoding="UTF-8"?>
<!-- Generated by org.testng.reporters.JUnitReportReporter -->
<testsuite hostname="DESKTOP-60SA6VT" failures="0" tests="2" name="UtilityPack.FolderManager" time="0.012" errors="0" timestamp="2026-02-26T22:47:02 IST" skipped="0">
  <testcase classname="UtilityPack.FolderManager" name="CreateFolderManager" time="0.010"/>
  <testcase classname="UtilityPack.FolderManager" name="DeleteFilesInFolder" time="0.002"/>
</testsuite> <!-- UtilityPack.FolderManager -->
