<?xml version="1.0" encoding="UTF-8"?>
<testsuite xmlns:xsi="http://www.w3.org/2001/XMLSchema-instance" xsi:noNamespaceSchemaLocation="https://maven.apache.org/surefire/maven-surefire-plugin/xsd/surefire-test-report-3.0.xsd" version="3.0" name="TestSuite" time="16.96" tests="3" errors="0" skipped="0" failures="0">
  <properties>
[...]
</properties>
  <testcase name="CreateFolderManager" classname="UtilityPack.FolderManager" time="0.015">
    <system-out><![CDATA[Directory Name : OutputFilesFolder already exists: OutputFiles
Directory Name : FinalOutputFileFolder already exists: FinalOutputFile
Directory Name : ScreenshotFolder already exists: Screenshot
Directory Name : HTMLReportFolder already exists: HTMLReport
Directory Name : AndroidAndiOSAppFolder already exists: AndroidAndiOSApp
]]></system-out>
  </testcase>
  <testcase name="DeleteFilesInFolder" classname="UtilityPack.FolderManager" time="0.002">
    <system-out><![CDATA[Deleted file: googleSearchFlow_09-05-2026-01-08.png
]]></system-out>
  </testcase>
  <testcase name="googleSearchFlow[org.testng.TestRunner@e27ba81](1)" classname="webTestCasess.TC_GoogleSearchDemo_Web" time="11.994">
    <system-out><![CDATA[G:\Niranjan\MyFramwork/OutputFiles/GoogleSearchDemo_Web.xlsx
Excel file updated/created: G:\Niranjan\MyFramwork/OutputFiles/GoogleSearchDemo_Web.xlsx
1 : Launch Google Homepage : PASS : 
2 : Validate Search Box : PASS : 
3 : Enter 'facebook : PASS : 
4 : Validate Search Button : FAIL : Enter 'facebook - Unable To Validate Search Button
]]></system-out>
    <system-err><![CDATA[[main] INFO io.github.bonigarcia.wdm.WebDriverManager - Using chromedriver 147.0.7727.117 (resolved driver for Chrome 147)
[main] INFO io.github.bonigarcia.wdm.WebDriverManager - Exporting webdriver.chrome.driver as C:\Users\admin\.cache\selenium\chromedriver\win64\147.0.7727.117\chromedriver.exe
May 09, 2026 1:18:46 PM org.openqa.selenium.devtools.CdpVersionFinder findNearestMatch
WARNING: Unable to find an exact match for CDP version 147, returning the closest version; found: 144; Please update to a Selenium version that supports CDP version 147
ERROR StatusLogger Log4j2 could not find a logging implementation. Please add log4j-core to the classpath. Using SimpleLogger to log to the console...
]]></system-err>
  </testcase>
</testsuite>