<?xml version="1.0" encoding="UTF-8"?>
<testng-results ignored="0" total="3" passed="3" failed="0" skipped="0">
  <reporter-output>
  </reporter-output>
  <suite started-at="2026-05-09T13:18:42 IST" name="Suite" finished-at="2026-05-09T13:18:58 IST" duration-ms="15988">
    <groups>
    </groups>
    <test started-at="2026-05-09T13:18:42 IST" name="FolderManager" finished-at="2026-05-09T13:18:42 IST" duration-ms="63">
      <class name="UtilityPack.FolderManager">
        <test-method signature="CreateFolderManager()[pri:0, instance:UtilityPack.FolderManager@77847718]" started-at="2026-05-09T13:18:42 IST" name="CreateFolderManager" finished-at="2026-05-09T13:18:42 IST" duration-ms="14" status="PASS">
          <reporter-output>
          </reporter-output>
        </test-method> <!-- CreateFolderManager -->
        <test-method signature="DeleteFilesInFolder()[pri:0, instance:UtilityPack.FolderManager@77847718]" started-at="2026-05-09T13:18:42 IST" name="DeleteFilesInFolder" finished-at="2026-05-09T13:18:42 IST" duration-ms="2" status="PASS">
          <reporter-output>
          </reporter-output>
        </test-method> <!-- DeleteFilesInFolder -->
      </class> <!-- UtilityPack.FolderManager -->
    </test> <!-- FolderManager -->
    <test started-at="2026-05-09T13:18:42 IST" name="HappyFlowForWeb" finished-at="2026-05-09T13:18:58 IST" duration-ms="15862">
      <class name="webTestCasess.TC_GoogleSearchDemo_Web">
        <test-method is-config="true" signature="gobleVariableSet(java.lang.String,java.lang.String)[pri:0, instance:webTestCasess.TC_GoogleSearchDemo_Web@6150c3ec]" started-at="2026-05-09T13:18:42 IST" name="gobleVariableSet" finished-at="2026-05-09T13:18:42 IST" duration-ms="10" status="PASS">
          <params>
            <param index="0">
              <value>
                <![CDATA[web]]>
              </value>
            </param>
            <param index="1">
              <value>
                <![CDATA[chrome]]>
              </value>
            </param>
          </params>
          <reporter-output>
          </reporter-output>
        </test-method> <!-- gobleVariableSet -->
        <test-method is-config="true" signature="CreateDriver(java.lang.String,java.lang.String)[pri:0, instance:webTestCasess.TC_GoogleSearchDemo_Web@6150c3ec]" started-at="2026-05-09T13:18:42 IST" name="CreateDriver" finished-at="2026-05-09T13:18:46 IST" duration-ms="3423" status="PASS">
          <params>
            <param index="0">
              <value>
                <![CDATA[web]]>
              </value>
            </param>
            <param index="1">
              <value>
                <![CDATA[chrome]]>
              </value>
            </param>
          </params>
          <reporter-output>
          </reporter-output>
        </test-method> <!-- CreateDriver -->
        <test-method is-config="true" signature="CreateObj()[pri:0, instance:webTestCasess.TC_GoogleSearchDemo_Web@6150c3ec]" started-at="2026-05-09T13:18:46 IST" name="CreateObj" finished-at="2026-05-09T13:18:46 IST" duration-ms="9" status="PASS">
          <reporter-output>
          </reporter-output>
        </test-method> <!-- CreateObj -->
        <test-method signature="googleSearchFlow(org.testng.ITestContext)[pri:0, instance:webTestCasess.TC_GoogleSearchDemo_Web@6150c3ec]" started-at="2026-05-09T13:18:46 IST" name="googleSearchFlow" finished-at="2026-05-09T13:18:58 IST" duration-ms="11994" status="PASS">
          <params>
            <param index="0">
              <value>
                <![CDATA[org.testng.TestRunner@e27ba81]]>
              </value>
            </param>
          </params>
          <reporter-output>
          </reporter-output>
        </test-method> <!-- googleSearchFlow -->
        <test-method is-config="true" signature="tearDown()[pri:0, instance:webTestCasess.TC_GoogleSearchDemo_Web@6150c3ec]" started-at="2026-05-09T13:18:58 IST" name="tearDown" finished-at="2026-05-09T13:18:58 IST" duration-ms="411" status="PASS">
          <reporter-output>
          </reporter-output>
        </test-method> <!-- tearDown -->
      </class> <!-- webTestCasess.TC_GoogleSearchDemo_Web -->
    </test> <!-- HappyFlowForWeb -->
  </suite> <!-- Suite -->
</testng-results>
